<?xml version="1.0" encoding="UTF-8"?>
<coverage generated="1614512797289" clover="3.2.0">
  <project timestamp="1614512797289" name="All files">
    <metrics statements="772" coveredstatements="640" conditionals="653" coveredconditionals="504" methods="158" coveredmethods="140" elements="1583" coveredelements="1284" complexity="0" loc="772" ncloc="772" packages="24" files="59" classes="59"/>
    <package name="src">
      <metrics statements="0" coveredstatements="0" conditionals="0" coveredconditionals="0" methods="0" coveredmethods="0"/>
      <file name="index.ts" path="/Users/adamfilipek/Documents/GitHub/Atom-iQ/packages/core/src/index.ts">
        <metrics statements="0" coveredstatements="0" conditionals="0" coveredconditionals="0" methods="0" coveredmethods="0"/>
      </file>
    </package>
    <package name="src.component">
      <metrics statements="0" coveredstatements="0" conditionals="0" coveredconditionals="0" methods="0" coveredmethods="0"/>
      <file name="index.ts" path="/Users/adamfilipek/Documents/GitHub/Atom-iQ/packages/core/src/component/index.ts">
        <metrics statements="0" coveredstatements="0" conditionals="0" coveredconditionals="0" methods="0" coveredmethods="0"/>
      </file>
    </package>
    <package name="src.component.state">
      <metrics statements="12" coveredstatements="12" conditionals="5" coveredconditionals="4" methods="5" coveredmethods="5"/>
      <file name="event-state.ts" path="/Users/adamfilipek/Documents/GitHub/Atom-iQ/packages/core/src/component/state/event-state.ts">
        <metrics statements="5" coveredstatements="5" conditionals="2" coveredconditionals="2" methods="3" coveredmethods="3"/>
        <line num="27" count="2" type="stmt"/>
        <line num="29" count="2" type="stmt"/>
        <line num="35" count="2" type="stmt"/>
        <line num="36" count="2" type="cond" truecount="2" falsecount="0"/>
        <line num="39" count="2" type="stmt"/>
      </file>
      <file name="index.ts" path="/Users/adamfilipek/Documents/GitHub/Atom-iQ/packages/core/src/component/state/index.ts">
        <metrics statements="0" coveredstatements="0" conditionals="0" coveredconditionals="0" methods="0" coveredmethods="0"/>
      </file>
      <file name="state.ts" path="/Users/adamfilipek/Documents/GitHub/Atom-iQ/packages/core/src/component/state/state.ts">
        <metrics statements="7" coveredstatements="7" conditionals="3" coveredconditionals="2" methods="2" coveredmethods="2"/>
        <line num="13" count="62" type="stmt"/>
        <line num="15" count="62" type="stmt"/>
        <line num="17" count="62" type="stmt"/>
        <line num="18" count="71" type="cond" truecount="2" falsecount="0"/>
        <line num="19" count="1" type="stmt"/>
        <line num="21" count="70" type="stmt"/>
        <line num="25" count="62" type="stmt"/>
      </file>
    </package>
    <package name="src.init">
      <metrics statements="8" coveredstatements="8" conditionals="4" coveredconditionals="4" methods="2" coveredmethods="2"/>
      <file name="index.ts" path="/Users/adamfilipek/Documents/GitHub/Atom-iQ/packages/core/src/init/index.ts">
        <metrics statements="0" coveredstatements="0" conditionals="0" coveredconditionals="0" methods="0" coveredmethods="0"/>
      </file>
      <file name="init.ts" path="/Users/adamfilipek/Documents/GitHub/Atom-iQ/packages/core/src/init/init.ts">
        <metrics statements="8" coveredstatements="8" conditionals="4" coveredconditionals="4" methods="2" coveredmethods="2"/>
        <line num="30" count="4" type="stmt"/>
        <line num="31" count="4" type="cond" truecount="2" falsecount="0"/>
        <line num="32" count="1" type="stmt"/>
        <line num="35" count="3" type="cond" truecount="2" falsecount="0"/>
        <line num="36" count="1" type="stmt"/>
        <line num="39" count="2" type="stmt"/>
        <line num="45" count="2" type="stmt"/>
        <line num="47" count="2" type="stmt"/>
      </file>
    </package>
    <package name="src.middlewares">
      <metrics statements="68" coveredstatements="51" conditionals="45" coveredconditionals="33" methods="15" coveredmethods="12"/>
      <file name="combine-middlewares.ts" path="/Users/adamfilipek/Documents/GitHub/Atom-iQ/packages/core/src/middlewares/combine-middlewares.ts">
        <metrics statements="43" coveredstatements="40" conditionals="30" coveredconditionals="26" methods="10" coveredmethods="9"/>
        <line num="35" count="17" type="stmt"/>
        <line num="37" count="2" type="stmt"/>
        <line num="39" count="2" type="stmt"/>
        <line num="42" count="2" type="stmt"/>
        <line num="45" count="20" type="stmt"/>
        <line num="46" count="20" type="stmt"/>
        <line num="52" count="20" type="stmt"/>
        <line num="54" count="28" type="stmt"/>
        <line num="55" count="30" type="cond" truecount="2" falsecount="0"/>
        <line num="56" count="30" type="cond" truecount="2" falsecount="0"/>
        <line num="57" count="22" type="cond" truecount="2" falsecount="0"/>
        <line num="58" count="2" type="stmt"/>
        <line num="60" count="22" type="cond" truecount="1" falsecount="1"/>
        <line num="62" count="8" type="cond" truecount="2" falsecount="0"/>
        <line num="63" count="4" type="stmt"/>
        <line num="69" count="8" type="stmt"/>
        <line num="70" count="8" type="stmt"/>
        <line num="81" count="2" type="stmt"/>
        <line num="82" count="28" type="cond" truecount="2" falsecount="0"/>
        <line num="83" count="2" type="stmt"/>
        <line num="84" count="4" type="stmt"/>
        <line num="87" count="26" type="stmt"/>
        <line num="96" count="2" type="stmt"/>
        <line num="97" count="20" type="cond" truecount="2" falsecount="0"/>
        <line num="98" count="4" type="stmt"/>
        <line num="99" count="6" type="cond" truecount="1" falsecount="1"/>
        <line num="100" count="0" type="stmt"/>
        <line num="102" count="0" type="stmt"/>
        <line num="107" count="20" type="stmt"/>
        <line num="109" count="20" type="cond" truecount="1" falsecount="1"/>
        <line num="110" count="0" type="stmt"/>
        <line num="113" count="20" type="cond" truecount="1" falsecount="1"/>
        <line num="114" count="20" type="stmt"/>
        <line num="117" count="20" type="cond" truecount="2" falsecount="0"/>
        <line num="118" count="6" type="stmt"/>
        <line num="119" count="36" type="cond" truecount="2" falsecount="0"/>
        <line num="120" count="8" type="stmt"/>
        <line num="129" count="20" type="stmt"/>
        <line num="131" count="2" type="cond" truecount="2" falsecount="0"/>
        <line num="132" count="1" type="stmt"/>
        <line num="133" count="3" type="cond" truecount="4" falsecount="0"/>
        <line num="134" count="1" type="stmt"/>
        <line num="142" count="2" type="stmt"/>
      </file>
      <file name="index.ts" path="/Users/adamfilipek/Documents/GitHub/Atom-iQ/packages/core/src/middlewares/index.ts">
        <metrics statements="0" coveredstatements="0" conditionals="0" coveredconditionals="0" methods="0" coveredmethods="0"/>
      </file>
      <file name="middlewares-manager.ts" path="/Users/adamfilipek/Documents/GitHub/Atom-iQ/packages/core/src/middlewares/middlewares-manager.ts">
        <metrics statements="25" coveredstatements="11" conditionals="15" coveredconditionals="7" methods="5" coveredmethods="3"/>
        <line num="5" count="17" type="stmt"/>
        <line num="6" count="17" type="stmt"/>
        <line num="8" count="17" type="stmt"/>
        <line num="14" count="2" type="cond" truecount="3" falsecount="1"/>
        <line num="15" count="0" type="stmt"/>
        <line num="16" count="0" type="stmt"/>
        <line num="17" count="0" type="stmt"/>
        <line num="19" count="2" type="stmt"/>
        <line num="27" count="17" type="stmt"/>
        <line num="33" count="8" type="cond" truecount="2" falsecount="3"/>
        <line num="34" count="0" type="stmt"/>
        <line num="37" count="0" type="stmt"/>
        <line num="42" count="0" type="cond" truecount="0" falsecount="2"/>
        <line num="43" count="0" type="stmt"/>
        <line num="45" count="0" type="stmt"/>
        <line num="46" count="0" type="stmt"/>
        <line num="49" count="0" type="stmt"/>
        <line num="54" count="8" type="stmt"/>
        <line num="60" count="17" type="stmt"/>
        <line num="65" count="97" type="cond" truecount="2" falsecount="2"/>
        <line num="66" count="0" type="stmt"/>
        <line num="67" count="0" type="stmt"/>
        <line num="68" count="0" type="stmt"/>
        <line num="69" count="0" type="stmt"/>
        <line num="73" count="97" type="stmt"/>
      </file>
    </package>
    <package name="src.reactive-event-delegation">
      <metrics statements="36" coveredstatements="18" conditionals="24" coveredconditionals="7" methods="9" coveredmethods="6"/>
      <file name="event-delegation.ts" path="/Users/adamfilipek/Documents/GitHub/Atom-iQ/packages/core/src/reactive-event-delegation/event-delegation.ts">
        <metrics statements="36" coveredstatements="18" conditionals="24" coveredconditionals="7" methods="9" coveredmethods="6"/>
        <line num="19" count="26" type="stmt"/>
        <line num="30" count="2" type="stmt"/>
        <line num="31" count="2" type="cond" truecount="2" falsecount="2"/>
        <line num="32" count="0" type="stmt"/>
        <line num="34" count="2" type="stmt"/>
        <line num="43" count="11" type="stmt"/>
        <line num="45" count="11" type="cond" truecount="1" falsecount="1"/>
        <line num="46" count="11" type="stmt"/>
        <line num="50" count="0" type="cond" truecount="0" falsecount="2"/>
        <line num="51" count="0" type="stmt"/>
        <line num="58" count="11" type="stmt"/>
        <line num="60" count="11" type="stmt"/>
        <line num="75" count="0" type="stmt"/>
        <line num="77" count="0" type="cond" truecount="0" falsecount="2"/>
        <line num="78" count="0" type="stmt"/>
        <line num="82" count="0" type="cond" truecount="0" falsecount="2"/>
        <line num="83" count="0" type="stmt"/>
        <line num="90" count="0" type="stmt"/>
        <line num="92" count="0" type="stmt"/>
        <line num="105" count="2" type="stmt"/>
        <line num="125" count="11" type="stmt"/>
        <line num="126" count="11" type="stmt"/>
        <line num="127" count="11" type="stmt"/>
        <line num="134" count="11" type="stmt"/>
        <line num="135" count="2" type="cond" truecount="3" falsecount="1"/>
        <line num="136" count="2" type="stmt"/>
        <line num="137" count="2" type="cond" truecount="1" falsecount="1"/>
        <line num="138" count="2" type="stmt"/>
        <line num="162" count="0" type="stmt"/>
        <line num="163" count="0" type="stmt"/>
        <line num="164" count="0" type="stmt"/>
        <line num="171" count="0" type="stmt"/>
        <line num="172" count="0" type="cond" truecount="0" falsecount="4"/>
        <line num="173" count="0" type="stmt"/>
        <line num="174" count="0" type="cond" truecount="0" falsecount="2"/>
        <line num="175" count="0" type="stmt"/>
      </file>
    </package>
    <package name="src.reactive-event-delegation.delegation-handlers">
      <metrics statements="47" coveredstatements="22" conditionals="35" coveredconditionals="16" methods="12" coveredmethods="7"/>
      <file name="bubbling-handler.ts" path="/Users/adamfilipek/Documents/GitHub/Atom-iQ/packages/core/src/reactive-event-delegation/delegation-handlers/bubbling-handler.ts">
        <metrics statements="16" coveredstatements="15" conditionals="12" coveredconditionals="10" methods="3" coveredmethods="3"/>
        <line num="11" count="11" type="stmt"/>
        <line num="13" count="11" type="cond" truecount="2" falsecount="0"/>
        <line num="15" count="11" type="cond" truecount="2" falsecount="0"/>
        <line num="17" count="11" type="stmt"/>
        <line num="18" count="11" type="stmt"/>
        <line num="25" count="11" type="stmt"/>
        <line num="34" count="11" type="stmt"/>
        <line num="35" count="2" type="stmt"/>
        <line num="37" count="2" type="stmt"/>
        <line num="39" count="4" type="cond" truecount="3" falsecount="1"/>
        <line num="40" count="0" type="stmt"/>
        <line num="43" count="4" type="cond" truecount="2" falsecount="0"/>
        <line num="44" count="2" type="stmt"/>
        <line num="45" count="2" type="stmt"/>
        <line num="46" count="2" type="cond" truecount="1" falsecount="1"/>
        <line num="48" count="4" type="stmt"/>
      </file>
      <file name="capturing-handler.ts" path="/Users/adamfilipek/Documents/GitHub/Atom-iQ/packages/core/src/reactive-event-delegation/delegation-handlers/capturing-handler.ts">
        <metrics statements="20" coveredstatements="0" conditionals="10" coveredconditionals="0" methods="4" coveredmethods="0"/>
        <line num="15" count="0" type="stmt"/>
        <line num="17" count="0" type="cond" truecount="0" falsecount="2"/>
        <line num="19" count="0" type="cond" truecount="0" falsecount="2"/>
        <line num="21" count="0" type="stmt"/>
        <line num="22" count="0" type="stmt"/>
        <line num="26" count="0" type="stmt"/>
        <line num="34" count="0" type="stmt"/>
        <line num="35" count="0" type="stmt"/>
        <line num="36" count="0" type="stmt"/>
        <line num="38" count="0" type="stmt"/>
        <line num="39" count="0" type="cond" truecount="0" falsecount="2"/>
        <line num="40" count="0" type="stmt"/>
        <line num="46" count="0" type="stmt"/>
        <line num="49" count="0" type="cond" truecount="0" falsecount="2"/>
        <line num="50" count="0" type="stmt"/>
        <line num="68" count="0" type="stmt"/>
        <line num="69" count="0" type="stmt"/>
        <line num="71" count="0" type="stmt"/>
        <line num="72" count="0" type="stmt"/>
        <line num="80" count="0" type="cond" truecount="0" falsecount="2"/>
      </file>
      <file name="utils.ts" path="/Users/adamfilipek/Documents/GitHub/Atom-iQ/packages/core/src/reactive-event-delegation/delegation-handlers/utils.ts">
        <metrics statements="11" coveredstatements="7" conditionals="13" coveredconditionals="6" methods="5" coveredmethods="4"/>
        <line num="10" count="11" type="stmt"/>
        <line num="14" count="11" type="stmt"/>
        <line num="15" count="0" type="stmt"/>
        <line num="16" count="2" type="stmt"/>
        <line num="28" count="2" type="cond" truecount="2" falsecount="0"/>
        <line num="29" count="2" type="stmt"/>
        <line num="30" count="2" type="cond" truecount="2" falsecount="2"/>
        <line num="31" count="0" type="stmt"/>
        <line num="32" count="0" type="cond" truecount="0" falsecount="2"/>
        <line num="33" count="0" type="cond" truecount="0" falsecount="2"/>
        <line num="39" count="2" type="cond" truecount="1" falsecount="1"/>
      </file>
    </package>
    <package name="src.reactive-event-delegation.synthetic-event">
      <metrics statements="21" coveredstatements="14" conditionals="7" coveredconditionals="3" methods="10" coveredmethods="7"/>
      <file name="from-synthetic-event.ts" path="/Users/adamfilipek/Documents/GitHub/Atom-iQ/packages/core/src/reactive-event-delegation/synthetic-event/from-synthetic-event.ts">
        <metrics statements="11" coveredstatements="9" conditionals="5" coveredconditionals="3" methods="6" coveredmethods="6"/>
        <line num="30" count="11" type="stmt"/>
        <line num="32" count="11" type="stmt"/>
        <line num="33" count="2" type="stmt"/>
        <line num="35" count="11" type="cond" truecount="2" falsecount="0"/>
        <line num="37" count="11" type="stmt"/>
        <line num="39" count="11" type="stmt"/>
        <line num="52" count="4" type="stmt"/>
        <line num="53" count="2" type="cond" truecount="1" falsecount="1"/>
        <line num="54" count="0" type="stmt"/>
        <line num="55" count="0" type="stmt"/>
        <line num="57" count="2" type="stmt"/>
      </file>
      <file name="synthesize-event.ts" path="/Users/adamfilipek/Documents/GitHub/Atom-iQ/packages/core/src/reactive-event-delegation/synthetic-event/synthesize-event.ts">
        <metrics statements="10" coveredstatements="5" conditionals="2" coveredconditionals="0" methods="4" coveredmethods="1"/>
        <line num="13" count="2" type="stmt"/>
        <line num="14" count="2" type="stmt"/>
        <line num="15" count="2" type="stmt"/>
        <line num="16" count="2" type="stmt"/>
        <line num="17" count="2" type="stmt"/>
        <line num="27" count="0" type="stmt"/>
        <line num="28" count="0" type="cond" truecount="0" falsecount="2"/>
        <line num="29" count="0" type="stmt"/>
        <line num="37" count="0" type="stmt"/>
        <line num="44" count="0" type="stmt"/>
      </file>
    </package>
    <package name="src.reactive-virtual-dom">
      <metrics statements="0" coveredstatements="0" conditionals="0" coveredconditionals="0" methods="0" coveredmethods="0"/>
      <file name="index.ts" path="/Users/adamfilipek/Documents/GitHub/Atom-iQ/packages/core/src/reactive-virtual-dom/index.ts">
        <metrics statements="0" coveredstatements="0" conditionals="0" coveredconditionals="0" methods="0" coveredmethods="0"/>
      </file>
    </package>
    <package name="src.reactive-virtual-dom.create-element">
      <metrics statements="11" coveredstatements="11" conditionals="19" coveredconditionals="19" methods="1" coveredmethods="1"/>
      <file name="create-element.ts" path="/Users/adamfilipek/Documents/GitHub/Atom-iQ/packages/core/src/reactive-virtual-dom/create-element/create-element.ts">
        <metrics statements="11" coveredstatements="11" conditionals="19" coveredconditionals="19" methods="1" coveredmethods="1"/>
        <line num="6" count="18" type="cond" truecount="4" falsecount="0"/>
        <line num="7" count="16" type="cond" truecount="4" falsecount="0"/>
        <line num="8" count="2" type="cond" truecount="2" falsecount="0"/>
        <line num="9" count="2" type="stmt"/>
        <line num="10" count="2" type="stmt"/>
        <line num="13" count="16" type="cond" truecount="2" falsecount="0"/>
        <line num="14" count="9" type="cond" truecount="2" falsecount="0"/>
        <line num="18" count="8" type="stmt"/>
        <line num="19" count="8" type="cond" truecount="2" falsecount="0"/>
        <line num="23" count="9" type="stmt"/>
        <line num="26" count="18" type="stmt"/>
      </file>
      <file name="index.ts" path="/Users/adamfilipek/Documents/GitHub/Atom-iQ/packages/core/src/reactive-virtual-dom/create-element/index.ts">
        <metrics statements="0" coveredstatements="0" conditionals="0" coveredconditionals="0" methods="0" coveredmethods="0"/>
      </file>
    </package>
    <package name="src.reactive-virtual-dom.renderer">
      <metrics statements="253" coveredstatements="207" conditionals="224" coveredconditionals="170" methods="33" coveredmethods="31"/>
      <file name="children-manager.ts" path="/Users/adamfilipek/Documents/GitHub/Atom-iQ/packages/core/src/reactive-virtual-dom/renderer/children-manager.ts">
        <metrics statements="67" coveredstatements="54" conditionals="61" coveredconditionals="46" methods="10" coveredmethods="9"/>
        <line num="5" count="75" type="stmt"/>
        <line num="21" count="331" type="cond" truecount="2" falsecount="0"/>
        <line num="22" count="331" type="stmt"/>
        <line num="23" count="331" type="cond" truecount="2" falsecount="0"/>
        <line num="32" count="13" type="stmt"/>
        <line num="33" count="13" type="cond" truecount="2" falsecount="0"/>
        <line num="41" count="42" type="stmt"/>
        <line num="47" count="42" type="cond" truecount="2" falsecount="0"/>
        <line num="55" count="59" type="cond" truecount="1" falsecount="1"/>
        <line num="56" count="58" type="stmt"/>
        <line num="57" count="58" type="stmt"/>
        <line num="59" count="58" type="cond" truecount="2" falsecount="0"/>
        <line num="60" count="32" type="stmt"/>
        <line num="69" count="12" type="cond" truecount="1" falsecount="1"/>
        <line num="70" count="12" type="cond" truecount="2" falsecount="0"/>
        <line num="71" count="6" type="stmt"/>
        <line num="80" count="200" type="stmt"/>
        <line num="81" count="8" type="stmt"/>
        <line num="82" count="8" type="stmt"/>
        <line num="83" count="8" type="stmt"/>
        <line num="86" count="200" type="cond" truecount="2" falsecount="0"/>
        <line num="87" count="122" type="stmt"/>
        <line num="88" count="122" type="stmt"/>
        <line num="89" count="122" type="stmt"/>
        <line num="90" count="122" type="cond" truecount="2" falsecount="0"/>
        <line num="92" count="122" type="cond" truecount="4" falsecount="0"/>
        <line num="93" count="18" type="stmt"/>
        <line num="94" count="104" type="cond" truecount="2" falsecount="0"/>
        <line num="95" count="89" type="stmt"/>
        <line num="96" count="15" type="cond" truecount="2" falsecount="0"/>
        <line num="97" count="2" type="stmt"/>
        <line num="99" count="13" type="cond" truecount="2" falsecount="0"/>
        <line num="100" count="21" type="stmt"/>
        <line num="101" count="21" type="cond" truecount="2" falsecount="0"/>
        <line num="102" count="10" type="stmt"/>
        <line num="103" count="11" type="cond" truecount="1" falsecount="1"/>
        <line num="104" count="0" type="stmt"/>
        <line num="105" count="11" type="cond" truecount="2" falsecount="0"/>
        <line num="106" count="3" type="stmt"/>
        <line num="111" count="78" type="stmt"/>
        <line num="112" count="78" type="cond" truecount="2" falsecount="0"/>
        <line num="113" count="59" type="stmt"/>
        <line num="114" count="19" type="cond" truecount="2" falsecount="0"/>
        <line num="115" count="6" type="stmt"/>
        <line num="117" count="13" type="stmt"/>
        <line num="118" count="13" type="stmt"/>
        <line num="119" count="13" type="cond" truecount="2" falsecount="0"/>
        <line num="120" count="9" type="stmt"/>
        <line num="121" count="4" type="cond" truecount="1" falsecount="1"/>
        <line num="122" count="0" type="stmt"/>
        <line num="128" count="4" type="stmt"/>
        <line num="137" count="6" type="cond" truecount="1" falsecount="1"/>
        <line num="138" count="0" type="stmt"/>
        <line num="140" count="6" type="cond" truecount="1" falsecount="1"/>
        <line num="141" count="0" type="stmt"/>
        <line num="142" count="0" type="cond" truecount="0" falsecount="2"/>
        <line num="143" count="0" type="stmt"/>
        <line num="145" count="0" type="stmt"/>
        <line num="146" count="0" type="cond" truecount="0" falsecount="2"/>
        <line num="147" count="0" type="stmt"/>
        <line num="148" count="0" type="stmt"/>
        <line num="151" count="0" type="stmt"/>
        <line num="156" count="0" type="stmt"/>
        <line num="161" count="6" type="cond" truecount="1" falsecount="1"/>
        <line num="162" count="0" type="stmt"/>
        <line num="164" count="6" type="stmt"/>
        <line num="165" count="6" type="stmt"/>
      </file>
      <file name="component.ts" path="/Users/adamfilipek/Documents/GitHub/Atom-iQ/packages/core/src/reactive-virtual-dom/renderer/component.ts">
        <metrics statements="15" coveredstatements="15" conditionals="10" coveredconditionals="10" methods="3" coveredmethods="3"/>
        <line num="30" count="8" type="stmt"/>
        <line num="37" count="8" type="stmt"/>
        <line num="43" count="8" type="stmt"/>
        <line num="45" count="8" type="stmt"/>
        <line num="46" count="8" type="stmt"/>
        <line num="52" count="8" type="stmt"/>
        <line num="60" count="8" type="cond" truecount="2" falsecount="0"/>
        <line num="61" count="1" type="stmt"/>
        <line num="63" count="7" type="stmt"/>
        <line num="71" count="8" type="cond" truecount="4" falsecount="0"/>
        <line num="72" count="3" type="cond" truecount="2" falsecount="0"/>
        <line num="73" count="2" type="cond" truecount="2" falsecount="0"/>
        <line num="74" count="1" type="stmt"/>
        <line num="77" count="1" type="stmt"/>
        <line num="81" count="8" type="stmt"/>
      </file>
      <file name="dom-renderer.ts" path="/Users/adamfilipek/Documents/GitHub/Atom-iQ/packages/core/src/reactive-virtual-dom/renderer/dom-renderer.ts">
        <metrics statements="31" coveredstatements="27" conditionals="31" coveredconditionals="25" methods="3" coveredmethods="3"/>
        <line num="14" count="246" type="cond" truecount="4" falsecount="0"/>
        <line num="16" count="63" type="stmt"/>
        <line num="17" count="183" type="cond" truecount="4" falsecount="0"/>
        <line num="18" count="18" type="cond" truecount="1" falsecount="1"/>
        <line num="19" count="18" type="stmt"/>
        <line num="21" count="0" type="stmt"/>
        <line num="27" count="165" type="stmt"/>
        <line num="28" count="165" type="cond" truecount="2" falsecount="0"/>
        <line num="29" count="4" type="stmt"/>
        <line num="30" count="161" type="cond" truecount="2" falsecount="0"/>
        <line num="31" count="53" type="stmt"/>
        <line num="33" count="108" type="stmt"/>
        <line num="48" count="7" type="cond" truecount="4" falsecount="1"/>
        <line num="50" count="7" type="stmt"/>
        <line num="52" count="7" type="stmt"/>
        <line num="53" count="21" type="cond" truecount="1" falsecount="1"/>
        <line num="54" count="21" type="stmt"/>
        <line num="55" count="21" type="stmt"/>
        <line num="56" count="21" type="cond" truecount="2" falsecount="0"/>
        <line num="57" count="4" type="stmt"/>
        <line num="59" count="17" type="stmt"/>
        <line num="61" count="21" type="stmt"/>
        <line num="62" count="0" type="cond" truecount="0" falsecount="2"/>
        <line num="63" count="0" type="stmt"/>
        <line num="75" count="7" type="cond" truecount="2" falsecount="0"/>
        <line num="76" count="7" type="stmt"/>
        <line num="84" count="66" type="cond" truecount="2" falsecount="0"/>
        <line num="85" count="1" type="cond" truecount="1" falsecount="1"/>
        <line num="86" count="1" type="stmt"/>
        <line num="88" count="0" type="stmt"/>
        <line num="92" count="65" type="stmt"/>
      </file>
      <file name="element.ts" path="/Users/adamfilipek/Documents/GitHub/Atom-iQ/packages/core/src/reactive-virtual-dom/renderer/element.ts">
        <metrics statements="61" coveredstatements="52" conditionals="51" coveredconditionals="34" methods="11" coveredmethods="11"/>
        <line num="45" count="58" type="stmt"/>
        <line num="46" count="58" type="stmt"/>
        <line num="47" count="58" type="stmt"/>
        <line num="48" count="58" type="stmt"/>
        <line num="49" count="58" type="stmt"/>
        <line num="50" count="58" type="stmt"/>
        <line num="51" count="58" type="stmt"/>
        <line num="53" count="58" type="cond" truecount="2" falsecount="0"/>
        <line num="54" count="4" type="stmt"/>
        <line num="55" count="4" type="stmt"/>
        <line num="57" count="12" type="cond" truecount="1" falsecount="1"/>
        <line num="58" count="12" type="stmt"/>
        <line num="62" count="54" type="cond" truecount="4" falsecount="0"/>
        <line num="63" count="52" type="stmt"/>
        <line num="66" count="58" type="cond" truecount="2" falsecount="0"/>
        <line num="67" count="16" type="stmt"/>
        <line num="69" count="16" type="stmt"/>
        <line num="70" count="16" type="cond" truecount="2" falsecount="0"/>
        <line num="71" count="14" type="cond" truecount="2" falsecount="0"/>
        <line num="73" count="12" type="stmt"/>
        <line num="75" count="2" type="stmt"/>
        <line num="78" count="2" type="stmt"/>
        <line num="79" count="7" type="stmt"/>
        <line num="82" count="16" type="stmt"/>
        <line num="86" count="58" type="stmt"/>
        <line num="88" count="58" type="cond" truecount="2" falsecount="0"/>
        <line num="89" count="10" type="stmt"/>
        <line num="125" count="2" type="stmt"/>
        <line num="130" count="2" type="stmt"/>
        <line num="143" count="2" type="stmt"/>
        <line num="173" count="17" type="stmt"/>
        <line num="184" count="9" type="cond" truecount="4" falsecount="0"/>
        <line num="186" count="4" type="stmt"/>
        <line num="188" count="12" type="cond" truecount="1" falsecount="1"/>
        <line num="192" count="5" type="stmt"/>
        <line num="221" count="1" type="stmt"/>
        <line num="233" count="20" type="cond" truecount="2" falsecount="0"/>
        <line num="234" count="16" type="cond" truecount="2" falsecount="0"/>
        <line num="235" count="15" type="stmt"/>
        <line num="246" count="1" type="cond" truecount="1" falsecount="1"/>
        <line num="247" count="0" type="stmt"/>
        <line num="259" count="1" type="cond" truecount="1" falsecount="1"/>
        <line num="260" count="1" type="stmt"/>
        <line num="269" count="0" type="stmt"/>
        <line num="271" count="4" type="cond" truecount="1" falsecount="1"/>
        <line num="272" count="0" type="stmt"/>
        <line num="284" count="4" type="cond" truecount="1" falsecount="1"/>
        <line num="285" count="4" type="stmt"/>
        <line num="296" count="0" type="cond" truecount="0" falsecount="5"/>
        <line num="297" count="0" type="stmt"/>
        <line num="299" count="0" type="stmt"/>
        <line num="316" count="15" type="stmt"/>
        <line num="325" count="15" type="cond" truecount="5" falsecount="1"/>
        <line num="326" count="9" type="stmt"/>
        <line num="327" count="9" type="stmt"/>
        <line num="339" count="6" type="stmt"/>
        <line num="340" count="6" type="cond" truecount="1" falsecount="1"/>
        <line num="341" count="6" type="stmt"/>
        <line num="352" count="0" type="cond" truecount="0" falsecount="2"/>
        <line num="353" count="0" type="stmt"/>
        <line num="362" count="0" type="stmt"/>
      </file>
      <file name="fragment-children.ts" path="/Users/adamfilipek/Documents/GitHub/Atom-iQ/packages/core/src/reactive-virtual-dom/renderer/fragment-children.ts">
        <metrics statements="39" coveredstatements="22" conditionals="32" coveredconditionals="22" methods="3" coveredmethods="2"/>
        <line num="21" count="13" type="cond" truecount="2" falsecount="0"/>
        <line num="22" count="2" type="stmt"/>
        <line num="23" count="0" type="stmt"/>
        <line num="24" count="0" type="cond" truecount="0" falsecount="2"/>
        <line num="25" count="0" type="stmt"/>
        <line num="26" count="0" type="stmt"/>
        <line num="27" count="0" type="cond" truecount="0" falsecount="2"/>
        <line num="28" count="0" type="stmt"/>
        <line num="29" count="0" type="stmt"/>
        <line num="34" count="13" type="stmt"/>
        <line num="38" count="0" type="stmt"/>
        <line num="39" count="0" type="stmt"/>
        <line num="40" count="0" type="cond" truecount="0" falsecount="2"/>
        <line num="41" count="0" type="stmt"/>
        <line num="42" count="0" type="stmt"/>
        <line num="43" count="0" type="cond" truecount="0" falsecount="2"/>
        <line num="44" count="0" type="stmt"/>
        <line num="45" count="0" type="stmt"/>
        <line num="72" count="64" type="stmt"/>
        <line num="73" count="64" type="cond" truecount="2" falsecount="0"/>
        <line num="74" count="64" type="cond" truecount="2" falsecount="0"/>
        <line num="75" count="20" type="cond" truecount="4" falsecount="0"/>
        <line num="76" count="19" type="cond" truecount="2" falsecount="0"/>
        <line num="77" count="19" type="cond" truecount="2" falsecount="0"/>
        <line num="79" count="1" type="stmt"/>
        <line num="80" count="1" type="stmt"/>
        <line num="81" count="1" type="stmt"/>
        <line num="82" count="18" type="cond" truecount="2" falsecount="0"/>
        <line num="84" count="14" type="stmt"/>
        <line num="85" count="14" type="stmt"/>
        <line num="88" count="4" type="stmt"/>
        <line num="90" count="1" type="cond" truecount="3" falsecount="1"/>
        <line num="92" count="1" type="cond" truecount="2" falsecount="0"/>
        <line num="93" count="1" type="cond" truecount="1" falsecount="1"/>
        <line num="95" count="0" type="stmt"/>
        <line num="96" count="0" type="stmt"/>
        <line num="98" count="1" type="stmt"/>
        <line num="103" count="44" type="stmt"/>
        <line num="104" count="44" type="stmt"/>
      </file>
      <file name="fragment.ts" path="/Users/adamfilipek/Documents/GitHub/Atom-iQ/packages/core/src/reactive-virtual-dom/renderer/fragment.ts">
        <metrics statements="40" coveredstatements="37" conditionals="39" coveredconditionals="33" methods="3" coveredmethods="3"/>
        <line num="45" count="24" type="stmt"/>
        <line num="47" count="24" type="stmt"/>
        <line num="49" count="24" type="cond" truecount="2" falsecount="0"/>
        <line num="51" count="19" type="cond" truecount="2" falsecount="0"/>
        <line num="52" count="19" type="stmt"/>
        <line num="55" count="24" type="cond" truecount="4" falsecount="0"/>
        <line num="56" count="10" type="stmt"/>
        <line num="64" count="24" type="stmt"/>
        <line num="66" count="24" type="cond" truecount="5" falsecount="0"/>
        <line num="67" count="6" type="stmt"/>
        <line num="69" count="24" type="stmt"/>
        <line num="70" count="69" type="stmt"/>
        <line num="71" count="69" type="stmt"/>
        <line num="72" count="69" type="cond" truecount="2" falsecount="0"/>
        <line num="73" count="8" type="stmt"/>
        <line num="75" count="61" type="stmt"/>
        <line num="76" count="61" type="cond" truecount="4" falsecount="0"/>
        <line num="77" count="59" type="stmt"/>
        <line num="87" count="2" type="stmt"/>
        <line num="91" count="61" type="cond" truecount="1" falsecount="1"/>
        <line num="95" count="0" type="stmt"/>
        <line num="97" count="61" type="stmt"/>
        <line num="101" count="24" type="cond" truecount="1" falsecount="1"/>
        <line num="102" count="24" type="stmt"/>
        <line num="127" count="10" type="stmt"/>
        <line num="128" count="10" type="stmt"/>
        <line num="130" count="10" type="cond" truecount="2" falsecount="0"/>
        <line num="131" count="4" type="stmt"/>
        <line num="132" count="8" type="stmt"/>
        <line num="133" count="8" type="stmt"/>
        <line num="134" count="8" type="cond" truecount="2" falsecount="0"/>
        <line num="135" count="7" type="stmt"/>
        <line num="136" count="7" type="cond" truecount="2" falsecount="2"/>
        <line num="137" count="0" type="stmt"/>
        <line num="139" count="7" type="stmt"/>
        <line num="141" count="7" type="stmt"/>
        <line num="142" count="1" type="cond" truecount="1" falsecount="1"/>
        <line num="143" count="1" type="stmt"/>
        <line num="155" count="10" type="cond" truecount="3" falsecount="1"/>
        <line num="156" count="0" type="stmt"/>
      </file>
      <file name="index.ts" path="/Users/adamfilipek/Documents/GitHub/Atom-iQ/packages/core/src/reactive-virtual-dom/renderer/index.ts">
        <metrics statements="0" coveredstatements="0" conditionals="0" coveredconditionals="0" methods="0" coveredmethods="0"/>
      </file>
    </package>
    <package name="src.reactive-virtual-dom.renderer.connect-props">
      <metrics statements="46" coveredstatements="41" conditionals="59" coveredconditionals="42" methods="10" coveredmethods="10"/>
      <file name="connect-props.ts" path="/Users/adamfilipek/Documents/GitHub/Atom-iQ/packages/core/src/reactive-virtual-dom/renderer/connect-props/connect-props.ts">
        <metrics statements="13" coveredstatements="13" conditionals="14" coveredconditionals="13" methods="3" coveredmethods="3"/>
        <line num="33" count="30" type="cond" truecount="2" falsecount="0"/>
        <line num="34" count="5" type="stmt"/>
        <line num="36" count="25" type="cond" truecount="2" falsecount="0"/>
        <line num="37" count="1" type="cond" truecount="1" falsecount="1"/>
        <line num="39" count="1" type="stmt"/>
        <line num="43" count="24" type="cond" truecount="2" falsecount="0"/>
        <line num="44" count="8" type="stmt"/>
        <line num="52" count="16" type="stmt"/>
        <line num="55" count="19" type="cond" truecount="4" falsecount="0"/>
        <line num="56" count="1" type="stmt"/>
        <line num="58" count="18" type="stmt"/>
        <line num="60" count="30" type="stmt"/>
        <line num="66" count="25" type="cond" truecount="2" falsecount="0"/>
      </file>
      <file name="dom-prop.ts" path="/Users/adamfilipek/Documents/GitHub/Atom-iQ/packages/core/src/reactive-virtual-dom/renderer/connect-props/dom-prop.ts">
        <metrics statements="19" coveredstatements="14" conditionals="37" coveredconditionals="21" methods="3" coveredmethods="3"/>
        <line num="7" count="49" type="cond" truecount="14" falsecount="11"/>
        <line num="10" count="0" type="stmt"/>
        <line num="11" count="0" type="stmt"/>
        <line num="31" count="3" type="stmt"/>
        <line num="32" count="3" type="stmt"/>
        <line num="37" count="23" type="cond" truecount="2" falsecount="0"/>
        <line num="38" count="23" type="cond" truecount="1" falsecount="1"/>
        <line num="39" count="23" type="stmt"/>
        <line num="41" count="23" type="stmt"/>
        <line num="44" count="23" type="cond" truecount="2" falsecount="0"/>
        <line num="45" count="1" type="stmt"/>
        <line num="46" count="22" type="cond" truecount="1" falsecount="1"/>
        <line num="47" count="0" type="cond" truecount="0" falsecount="2"/>
        <line num="48" count="0" type="stmt"/>
        <line num="50" count="0" type="stmt"/>
        <line num="53" count="22" type="stmt"/>
        <line num="65" count="11" type="stmt"/>
        <line num="67" count="31" type="cond" truecount="1" falsecount="1"/>
        <line num="68" count="31" type="stmt"/>
      </file>
      <file name="style.ts" path="/Users/adamfilipek/Documents/GitHub/Atom-iQ/packages/core/src/reactive-virtual-dom/renderer/connect-props/style.ts">
        <metrics statements="14" coveredstatements="14" conditionals="8" coveredconditionals="8" methods="4" coveredmethods="4"/>
        <line num="11" count="18" type="cond" truecount="2" falsecount="0"/>
        <line num="12" count="6" type="stmt"/>
        <line num="13" count="12" type="cond" truecount="2" falsecount="0"/>
        <line num="14" count="10" type="stmt"/>
        <line num="16" count="2" type="stmt"/>
        <line num="20" count="11" type="cond" truecount="2" falsecount="0"/>
        <line num="21" count="6" type="stmt"/>
        <line num="23" count="5" type="stmt"/>
        <line num="32" count="10" type="stmt"/>
        <line num="33" count="18" type="stmt"/>
        <line num="34" count="18" type="cond" truecount="2" falsecount="0"/>
        <line num="35" count="4" type="stmt"/>
        <line num="37" count="8" type="stmt"/>
        <line num="41" count="14" type="stmt"/>
      </file>
    </package>
    <package name="src.reactive-virtual-dom.renderer.connect-props.controlled-elements">
      <metrics statements="118" coveredstatements="113" conditionals="106" coveredconditionals="100" methods="23" coveredmethods="22"/>
      <file name="controlled-element.ts" path="/Users/adamfilipek/Documents/GitHub/Atom-iQ/packages/core/src/reactive-virtual-dom/renderer/connect-props/controlled-elements/controlled-element.ts">
        <metrics statements="4" coveredstatements="4" conditionals="3" coveredconditionals="3" methods="1" coveredmethods="1"/>
        <line num="14" count="4" type="cond" truecount="3" falsecount="0"/>
        <line num="16" count="2" type="stmt"/>
        <line num="23" count="1" type="stmt"/>
        <line num="30" count="1" type="stmt"/>
      </file>
      <file name="input.ts" path="/Users/adamfilipek/Documents/GitHub/Atom-iQ/packages/core/src/reactive-virtual-dom/renderer/connect-props/controlled-elements/input.ts">
        <metrics statements="60" coveredstatements="57" conditionals="53" coveredconditionals="50" methods="13" coveredmethods="12"/>
        <line num="20" count="13" type="stmt"/>
        <line num="22" count="13" type="stmt"/>
        <line num="24" count="15" type="cond" truecount="2" falsecount="0"/>
        <line num="26" count="13" type="stmt"/>
        <line num="27" count="4" type="stmt"/>
        <line num="36" count="13" type="cond" truecount="2" falsecount="0"/>
        <line num="38" count="2" type="stmt"/>
        <line num="39" count="2" type="stmt"/>
        <line num="41" count="6" type="cond" truecount="1" falsecount="1"/>
        <line num="42" count="6" type="cond" truecount="2" falsecount="0"/>
        <line num="43" count="4" type="stmt"/>
        <line num="44" count="4" type="cond" truecount="2" falsecount="0"/>
        <line num="45" count="1" type="stmt"/>
        <line num="47" count="4" type="cond" truecount="2" falsecount="0"/>
        <line num="48" count="2" type="stmt"/>
        <line num="49" count="2" type="stmt"/>
        <line num="55" count="11" type="cond" truecount="2" falsecount="0"/>
        <line num="56" count="11" type="stmt"/>
        <line num="57" count="11" type="cond" truecount="2" falsecount="0"/>
        <line num="58" count="2" type="stmt"/>
        <line num="62" count="13" type="cond" truecount="2" falsecount="0"/>
        <line num="63" count="2" type="cond" truecount="2" falsecount="0"/>
        <line num="64" count="1" type="stmt"/>
        <line num="66" count="1" type="stmt"/>
        <line num="70" count="1" type="stmt"/>
        <line num="74" count="13" type="cond" truecount="5" falsecount="0"/>
        <line num="75" count="3" type="cond" truecount="2" falsecount="0"/>
        <line num="76" count="2" type="stmt"/>
        <line num="78" count="2" type="cond" truecount="5" falsecount="0"/>
        <line num="79" count="1" type="stmt"/>
        <line num="84" count="1" type="stmt"/>
        <line num="88" count="13" type="cond" truecount="2" falsecount="0"/>
        <line num="89" count="11" type="stmt"/>
        <line num="91" count="14" type="cond" truecount="2" falsecount="0"/>
        <line num="94" count="2" type="cond" truecount="1" falsecount="1"/>
        <line num="95" count="0" type="stmt"/>
        <line num="98" count="13" type="cond" truecount="2" falsecount="0"/>
        <line num="99" count="2" type="stmt"/>
        <line num="100" count="11" type="cond" truecount="1" falsecount="1"/>
        <line num="101" count="0" type="stmt"/>
        <line num="104" count="13" type="stmt"/>
        <line num="106" count="0" type="stmt"/>
        <line num="115" count="4" type="stmt"/>
        <line num="116" count="4" type="cond" truecount="2" falsecount="0"/>
        <line num="117" count="2" type="stmt"/>
        <line num="118" count="2" type="stmt"/>
        <line num="120" count="2" type="stmt"/>
        <line num="122" count="2" type="cond" truecount="2" falsecount="0"/>
        <line num="123" count="1" type="stmt"/>
        <line num="127" count="4" type="stmt"/>
        <line num="131" count="2" type="stmt"/>
        <line num="132" count="4" type="cond" truecount="2" falsecount="0"/>
        <line num="133" count="2" type="stmt"/>
        <line num="139" count="16" type="stmt"/>
        <line num="140" count="16" type="stmt"/>
        <line num="141" count="16" type="cond" truecount="2" falsecount="0"/>
        <line num="142" count="2" type="stmt"/>
        <line num="143" count="14" type="cond" truecount="2" falsecount="0"/>
        <line num="144" count="10" type="stmt"/>
        <line num="145" count="10" type="stmt"/>
      </file>
      <file name="select.ts" path="/Users/adamfilipek/Documents/GitHub/Atom-iQ/packages/core/src/reactive-virtual-dom/renderer/connect-props/controlled-elements/select.ts">
        <metrics statements="36" coveredstatements="35" conditionals="34" coveredconditionals="33" methods="5" coveredmethods="5"/>
        <line num="20" count="8" type="stmt"/>
        <line num="21" count="8" type="stmt"/>
        <line num="23" count="8" type="stmt"/>
        <line num="25" count="8" type="cond" truecount="2" falsecount="0"/>
        <line num="26" count="1" type="stmt"/>
        <line num="31" count="8" type="cond" truecount="2" falsecount="0"/>
        <line num="32" count="4" type="cond" truecount="2" falsecount="0"/>
        <line num="33" count="1" type="stmt"/>
        <line num="35" count="1" type="stmt"/>
        <line num="39" count="3" type="cond" truecount="2" falsecount="0"/>
        <line num="40" count="2" type="stmt"/>
        <line num="45" count="8" type="cond" truecount="2" falsecount="0"/>
        <line num="46" count="1" type="stmt"/>
        <line num="48" count="2" type="stmt"/>
        <line num="53" count="8" type="stmt"/>
        <line num="55" count="0" type="stmt"/>
        <line num="60" count="8" type="stmt"/>
        <line num="61" count="11" type="stmt"/>
        <line num="62" count="11" type="cond" truecount="4" falsecount="0"/>
        <line num="63" count="7" type="cond" truecount="4" falsecount="0"/>
        <line num="64" count="1" type="stmt"/>
        <line num="65" count="5" type="cond" truecount="2" falsecount="0"/>
        <line num="66" count="2" type="cond" truecount="1" falsecount="1"/>
        <line num="67" count="2" type="stmt"/>
        <line num="69" count="3" type="cond" truecount="2" falsecount="0"/>
        <line num="70" count="1" type="stmt"/>
        <line num="74" count="6" type="stmt"/>
        <line num="75" count="6" type="stmt"/>
        <line num="76" count="30" type="cond" truecount="4" falsecount="0"/>
        <line num="77" count="28" type="cond" truecount="2" falsecount="0"/>
        <line num="78" count="5" type="cond" truecount="2" falsecount="0"/>
        <line num="79" count="2" type="stmt"/>
        <line num="80" count="2" type="stmt"/>
        <line num="82" count="23" type="cond" truecount="2" falsecount="0"/>
        <line num="83" count="3" type="stmt"/>
        <line num="84" count="3" type="stmt"/>
      </file>
      <file name="textarea.ts" path="/Users/adamfilipek/Documents/GitHub/Atom-iQ/packages/core/src/reactive-virtual-dom/renderer/connect-props/controlled-elements/textarea.ts">
        <metrics statements="18" coveredstatements="17" conditionals="16" coveredconditionals="14" methods="4" coveredmethods="4"/>
        <line num="19" count="5" type="stmt"/>
        <line num="21" count="5" type="stmt"/>
        <line num="23" count="5" type="stmt"/>
        <line num="25" count="5" type="stmt"/>
        <line num="29" count="5" type="cond" truecount="2" falsecount="0"/>
        <line num="30" count="1" type="stmt"/>
        <line num="33" count="5" type="cond" truecount="5" falsecount="0"/>
        <line num="34" count="2" type="cond" truecount="2" falsecount="0"/>
        <line num="35" count="1" type="stmt"/>
        <line num="37" count="1" type="cond" truecount="4" falsecount="1"/>
        <line num="38" count="1" type="stmt"/>
        <line num="43" count="1" type="stmt"/>
        <line num="47" count="5" type="stmt"/>
        <line num="49" count="0" type="stmt"/>
        <line num="54" count="7" type="stmt"/>
        <line num="55" count="7" type="cond" truecount="1" falsecount="1"/>
        <line num="56" count="7" type="stmt"/>
        <line num="57" count="7" type="stmt"/>
      </file>
    </package>
    <package name="src.reactive-virtual-dom.renderer.move-callback">
      <metrics statements="52" coveredstatements="47" conditionals="39" coveredconditionals="32" methods="6" coveredmethods="6"/>
      <file name="element.ts" path="/Users/adamfilipek/Documents/GitHub/Atom-iQ/packages/core/src/reactive-virtual-dom/renderer/move-callback/element.ts">
        <metrics statements="14" coveredstatements="14" conditionals="8" coveredconditionals="8" methods="3" coveredmethods="3"/>
        <line num="14" count="9" type="cond" truecount="2" falsecount="0"/>
        <line num="15" count="3" type="stmt"/>
        <line num="24" count="6" type="cond" truecount="2" falsecount="0"/>
        <line num="25" count="1" type="stmt"/>
        <line num="34" count="6" type="stmt"/>
        <line num="45" count="6" type="stmt"/>
        <line num="46" count="6" type="stmt"/>
        <line num="60" count="6" type="stmt"/>
        <line num="71" count="3" type="stmt"/>
        <line num="72" count="3" type="cond" truecount="4" falsecount="0"/>
        <line num="73" count="1" type="stmt"/>
        <line num="75" count="2" type="stmt"/>
        <line num="78" count="3" type="stmt"/>
        <line num="87" count="3" type="stmt"/>
      </file>
      <file name="fragment.ts" path="/Users/adamfilipek/Documents/GitHub/Atom-iQ/packages/core/src/reactive-virtual-dom/renderer/move-callback/fragment.ts">
        <metrics statements="29" coveredstatements="24" conditionals="22" coveredconditionals="15" methods="2" coveredmethods="2"/>
        <line num="23" count="6" type="cond" truecount="2" falsecount="0"/>
        <line num="24" count="2" type="stmt"/>
        <line num="25" count="2" type="stmt"/>
        <line num="26" count="2" type="cond" truecount="4" falsecount="0"/>
        <line num="27" count="1" type="stmt"/>
        <line num="29" count="1" type="stmt"/>
        <line num="31" count="2" type="stmt"/>
        <line num="32" count="4" type="cond" truecount="2" falsecount="0"/>
        <line num="33" count="1" type="stmt"/>
        <line num="42" count="6" type="stmt"/>
        <line num="52" count="6" type="stmt"/>
        <line num="53" count="6" type="stmt"/>
        <line num="55" count="6" type="stmt"/>
        <line num="60" count="6" type="stmt"/>
        <line num="61" count="19" type="cond" truecount="3" falsecount="1"/>
        <line num="62" count="19" type="cond" truecount="2" falsecount="0"/>
        <line num="63" count="19" type="stmt"/>
        <line num="65" count="19" type="stmt"/>
        <line num="67" count="19" type="stmt"/>
        <line num="68" count="19" type="stmt"/>
        <line num="82" count="19" type="cond" truecount="2" falsecount="0"/>
        <line num="83" count="18" type="stmt"/>
        <line num="85" count="0" type="cond" truecount="0" falsecount="4"/>
        <line num="86" count="0" type="cond" truecount="0" falsecount="2"/>
        <line num="87" count="0" type="stmt"/>
        <line num="89" count="0" type="stmt"/>
        <line num="90" count="0" type="stmt"/>
        <line num="94" count="6" type="stmt"/>
        <line num="96" count="6" type="stmt"/>
      </file>
      <file name="utils.ts" path="/Users/adamfilipek/Documents/GitHub/Atom-iQ/packages/core/src/reactive-virtual-dom/renderer/move-callback/utils.ts">
        <metrics statements="9" coveredstatements="9" conditionals="9" coveredconditionals="9" methods="1" coveredmethods="1"/>
        <line num="11" count="15" type="stmt"/>
        <line num="12" count="15" type="cond" truecount="2" falsecount="0"/>
        <line num="14" count="15" type="cond" truecount="2" falsecount="0"/>
        <line num="17" count="15" type="cond" truecount="2" falsecount="0"/>
        <line num="18" count="10" type="cond" truecount="2" falsecount="0"/>
        <line num="19" count="5" type="stmt"/>
        <line num="21" count="5" type="stmt"/>
        <line num="25" count="15" type="stmt"/>
        <line num="26" count="15" type="stmt"/>
      </file>
    </package>
    <package name="src.reactive-virtual-dom.renderer.render-callback">
      <metrics statements="41" coveredstatements="40" conditionals="37" coveredconditionals="30" methods="6" coveredmethods="6"/>
      <file name="element.ts" path="/Users/adamfilipek/Documents/GitHub/Atom-iQ/packages/core/src/reactive-virtual-dom/renderer/render-callback/element.ts">
        <metrics statements="9" coveredstatements="9" conditionals="4" coveredconditionals="2" methods="2" coveredmethods="2"/>
        <line num="17" count="14" type="cond" truecount="1" falsecount="1"/>
        <line num="18" count="14" type="stmt"/>
        <line num="21" count="14" type="stmt"/>
        <line num="23" count="14" type="stmt"/>
        <line num="24" count="14" type="stmt"/>
        <line num="43" count="34" type="cond" truecount="1" falsecount="1"/>
        <line num="44" count="34" type="stmt"/>
        <line num="47" count="34" type="stmt"/>
        <line num="49" count="34" type="stmt"/>
      </file>
      <file name="fragment.ts" path="/Users/adamfilipek/Documents/GitHub/Atom-iQ/packages/core/src/reactive-virtual-dom/renderer/render-callback/fragment.ts">
        <metrics statements="8" coveredstatements="8" conditionals="9" coveredconditionals="8" methods="1" coveredmethods="1"/>
        <line num="24" count="8" type="cond" truecount="2" falsecount="0"/>
        <line num="30" count="6" type="stmt"/>
        <line num="33" count="8" type="cond" truecount="2" falsecount="0"/>
        <line num="34" count="2" type="stmt"/>
        <line num="35" count="2" type="stmt"/>
        <line num="36" count="2" type="stmt"/>
        <line num="37" count="2" type="stmt"/>
        <line num="40" count="8" type="stmt"/>
      </file>
      <file name="null.ts" path="/Users/adamfilipek/Documents/GitHub/Atom-iQ/packages/core/src/reactive-virtual-dom/renderer/render-callback/null.ts">
        <metrics statements="8" coveredstatements="7" conditionals="9" coveredconditionals="6" methods="1" coveredmethods="1"/>
        <line num="24" count="2" type="cond" truecount="3" falsecount="2"/>
        <line num="25" count="0" type="stmt"/>
        <line num="26" count="2" type="cond" truecount="2" falsecount="0"/>
        <line num="27" count="1" type="stmt"/>
        <line num="28" count="1" type="stmt"/>
        <line num="29" count="1" type="stmt"/>
        <line num="30" count="1" type="cond" truecount="1" falsecount="1"/>
        <line num="31" count="1" type="stmt"/>
      </file>
      <file name="text.ts" path="/Users/adamfilipek/Documents/GitHub/Atom-iQ/packages/core/src/reactive-virtual-dom/renderer/render-callback/text.ts">
        <metrics statements="16" coveredstatements="16" conditionals="15" coveredconditionals="14" methods="2" coveredmethods="2"/>
        <line num="24" count="8" type="stmt"/>
        <line num="33" count="8" type="cond" truecount="3" falsecount="1"/>
        <line num="34" count="8" type="cond" truecount="4" falsecount="0"/>
        <line num="35" count="3" type="stmt"/>
        <line num="36" count="3" type="cond" truecount="2" falsecount="0"/>
        <line num="37" count="2" type="stmt"/>
        <line num="39" count="1" type="stmt"/>
        <line num="40" count="1" type="stmt"/>
        <line num="41" count="1" type="stmt"/>
        <line num="42" count="1" type="stmt"/>
        <line num="45" count="5" type="cond" truecount="4" falsecount="0"/>
        <line num="46" count="1" type="stmt"/>
        <line num="55" count="5" type="stmt"/>
        <line num="56" count="5" type="stmt"/>
        <line num="57" count="5" type="stmt"/>
        <line num="62" count="6" type="stmt"/>
      </file>
    </package>
    <package name="src.reactive-virtual-dom.renderer.utils">
      <metrics statements="16" coveredstatements="16" conditionals="25" coveredconditionals="22" methods="7" coveredmethods="7"/>
      <file name="check-type.ts" path="/Users/adamfilipek/Documents/GitHub/Atom-iQ/packages/core/src/reactive-virtual-dom/renderer/utils/check-type.ts">
        <metrics statements="9" coveredstatements="9" conditionals="18" coveredconditionals="15" methods="3" coveredmethods="3"/>
        <line num="18" count="35" type="cond" truecount="2" falsecount="0"/>
        <line num="28" count="10" type="stmt"/>
        <line num="33" count="10" type="cond" truecount="2" falsecount="0"/>
        <line num="34" count="4" type="cond" truecount="1" falsecount="1"/>
        <line num="41" count="6" type="cond" truecount="2" falsecount="0"/>
        <line num="42" count="2" type="stmt"/>
        <line num="45" count="4" type="cond" truecount="2" falsecount="0"/>
        <line num="46" count="2" type="stmt"/>
        <line num="50" count="27" type="cond" truecount="2" falsecount="0"/>
      </file>
      <file name="dom.ts" path="/Users/adamfilipek/Documents/GitHub/Atom-iQ/packages/core/src/reactive-virtual-dom/renderer/utils/dom.ts">
        <metrics statements="4" coveredstatements="4" conditionals="3" coveredconditionals="3" methods="2" coveredmethods="2"/>
        <line num="4" count="488" type="cond" truecount="2" falsecount="0"/>
        <line num="5" count="5" type="stmt"/>
        <line num="8" count="483" type="stmt"/>
        <line num="12" count="42" type="stmt"/>
      </file>
      <file name="fragment.ts" path="/Users/adamfilipek/Documents/GitHub/Atom-iQ/packages/core/src/reactive-virtual-dom/renderer/utils/fragment.ts">
        <metrics statements="1" coveredstatements="1" conditionals="2" coveredconditionals="2" methods="1" coveredmethods="1"/>
        <line num="6" count="27" type="stmt"/>
      </file>
      <file name="index.ts" path="/Users/adamfilipek/Documents/GitHub/Atom-iQ/packages/core/src/reactive-virtual-dom/renderer/utils/index.ts">
        <metrics statements="0" coveredstatements="0" conditionals="0" coveredconditionals="0" methods="0" coveredmethods="0"/>
      </file>
      <file name="observable.ts" path="/Users/adamfilipek/Documents/GitHub/Atom-iQ/packages/core/src/reactive-virtual-dom/renderer/utils/observable.ts">
        <metrics statements="2" coveredstatements="2" conditionals="2" coveredconditionals="2" methods="1" coveredmethods="1"/>
        <line num="9" count="46" type="cond" truecount="2" falsecount="0"/>
        <line num="10" count="13" type="stmt"/>
      </file>
    </package>
    <package name="src.shared">
      <metrics statements="14" coveredstatements="11" conditionals="8" coveredconditionals="6" methods="7" coveredmethods="6"/>
      <file name="constants.ts" path="/Users/adamfilipek/Documents/GitHub/Atom-iQ/packages/core/src/shared/constants.ts">
        <metrics statements="1" coveredstatements="1" conditionals="0" coveredconditionals="0" methods="0" coveredmethods="0"/>
        <line num="6" count="32" type="stmt"/>
      </file>
      <file name="flags.ts" path="/Users/adamfilipek/Documents/GitHub/Atom-iQ/packages/core/src/shared/flags.ts">
        <metrics statements="0" coveredstatements="0" conditionals="0" coveredconditionals="0" methods="0" coveredmethods="0"/>
      </file>
      <file name="index.ts" path="/Users/adamfilipek/Documents/GitHub/Atom-iQ/packages/core/src/shared/index.ts">
        <metrics statements="0" coveredstatements="0" conditionals="0" coveredconditionals="0" methods="0" coveredmethods="0"/>
      </file>
      <file name="utils.ts" path="/Users/adamfilipek/Documents/GitHub/Atom-iQ/packages/core/src/shared/utils.ts">
        <metrics statements="13" coveredstatements="10" conditionals="8" coveredconditionals="6" methods="7" coveredmethods="6"/>
        <line num="4" count="32" type="stmt"/>
        <line num="7" count="8" type="stmt"/>
        <line num="9" count="8" type="cond" truecount="2" falsecount="0"/>
        <line num="13" count="196" type="cond" truecount="2" falsecount="0"/>
        <line num="17" count="77" type="stmt"/>
        <line num="21" count="36" type="stmt"/>
        <line num="25" count="28" type="cond" truecount="2" falsecount="0"/>
        <line num="29" count="0" type="stmt"/>
        <line num="30" count="0" type="cond" truecount="0" falsecount="2"/>
        <line num="32" count="0" type="stmt"/>
        <line num="40" count="2" type="stmt"/>
        <line num="41" count="20" type="stmt"/>
        <line num="42" count="2" type="stmt"/>
      </file>
    </package>
    <package name="src.shared.types">
      <metrics statements="0" coveredstatements="0" conditionals="0" coveredconditionals="0" methods="0" coveredmethods="0"/>
      <file name="_global.ts" path="/Users/adamfilipek/Documents/GitHub/Atom-iQ/packages/core/src/shared/types/_global.ts">
        <metrics statements="0" coveredstatements="0" conditionals="0" coveredconditionals="0" methods="0" coveredmethods="0"/>
      </file>
      <file name="index.ts" path="/Users/adamfilipek/Documents/GitHub/Atom-iQ/packages/core/src/shared/types/index.ts">
        <metrics statements="0" coveredstatements="0" conditionals="0" coveredconditionals="0" methods="0" coveredmethods="0"/>
      </file>
    </package>
    <package name="src.shared.types.common">
      <metrics statements="0" coveredstatements="0" conditionals="0" coveredconditionals="0" methods="0" coveredmethods="0"/>
      <file name="index.ts" path="/Users/adamfilipek/Documents/GitHub/Atom-iQ/packages/core/src/shared/types/common/index.ts">
        <metrics statements="0" coveredstatements="0" conditionals="0" coveredconditionals="0" methods="0" coveredmethods="0"/>
      </file>
    </package>
    <package name="src.shared.types.component">
      <metrics statements="0" coveredstatements="0" conditionals="0" coveredconditionals="0" methods="0" coveredmethods="0"/>
      <file name="state.ts" path="/Users/adamfilipek/Documents/GitHub/Atom-iQ/packages/core/src/shared/types/component/state.ts">
        <metrics statements="0" coveredstatements="0" conditionals="0" coveredconditionals="0" methods="0" coveredmethods="0"/>
      </file>
    </package>
    <package name="src.shared.types.middleware">
      <metrics statements="0" coveredstatements="0" conditionals="0" coveredconditionals="0" methods="0" coveredmethods="0"/>
      <file name="middleware.ts" path="/Users/adamfilipek/Documents/GitHub/Atom-iQ/packages/core/src/shared/types/middleware/middleware.ts">
        <metrics statements="0" coveredstatements="0" conditionals="0" coveredconditionals="0" methods="0" coveredmethods="0"/>
      </file>
    </package>
    <package name="src.shared.types.reactive-event-delegation">
      <metrics statements="0" coveredstatements="0" conditionals="0" coveredconditionals="0" methods="0" coveredmethods="0"/>
      <file name="events.ts" path="/Users/adamfilipek/Documents/GitHub/Atom-iQ/packages/core/src/shared/types/reactive-event-delegation/events.ts">
        <metrics statements="0" coveredstatements="0" conditionals="0" coveredconditionals="0" methods="0" coveredmethods="0"/>
      </file>
    </package>
    <package name="src.shared.types.reactive-virtual-dom">
      <metrics statements="0" coveredstatements="0" conditionals="0" coveredconditionals="0" methods="0" coveredmethods="0"/>
      <file name="css.ts" path="/Users/adamfilipek/Documents/GitHub/Atom-iQ/packages/core/src/shared/types/reactive-virtual-dom/css.ts">
        <metrics statements="0" coveredstatements="0" conditionals="0" coveredconditionals="0" methods="0" coveredmethods="0"/>
      </file>
      <file name="render.ts" path="/Users/adamfilipek/Documents/GitHub/Atom-iQ/packages/core/src/shared/types/reactive-virtual-dom/render.ts">
        <metrics statements="0" coveredstatements="0" conditionals="0" coveredconditionals="0" methods="0" coveredmethods="0"/>
      </file>
      <file name="rv-dom.ts" path="/Users/adamfilipek/Documents/GitHub/Atom-iQ/packages/core/src/shared/types/reactive-virtual-dom/rv-dom.ts">
        <metrics statements="0" coveredstatements="0" conditionals="0" coveredconditionals="0" methods="0" coveredmethods="0"/>
      </file>
    </package>
    <package name="test">
      <metrics statements="29" coveredstatements="29" conditionals="16" coveredconditionals="16" methods="12" coveredmethods="12"/>
      <file name="utils.ts" path="/Users/adamfilipek/Documents/GitHub/Atom-iQ/packages/core/test/utils.ts">
        <metrics statements="29" coveredstatements="29" conditionals="16" coveredconditionals="16" methods="12" coveredmethods="12"/>
        <line num="64" count="9" type="stmt"/>
        <line num="65" count="30" type="stmt"/>
        <line num="66" count="136" type="stmt"/>
        <line num="67" count="136" type="stmt"/>
        <line num="69" count="136" type="stmt"/>
        <line num="81" count="30" type="stmt"/>
        <line num="82" count="22" type="cond" truecount="2" falsecount="0"/>
        <line num="83" count="54" type="stmt"/>
        <line num="86" count="10" type="cond" truecount="2" falsecount="0"/>
        <line num="87" count="30" type="cond" truecount="2" falsecount="0"/>
        <line num="88" count="30" type="cond" truecount="2" falsecount="0"/>
        <line num="89" count="30" type="cond" truecount="2" falsecount="0"/>
        <line num="90" count="30" type="cond" truecount="2" falsecount="0"/>
        <line num="91" count="30" type="cond" truecount="2" falsecount="0"/>
        <line num="92" count="30" type="cond" truecount="2" falsecount="0"/>
        <line num="94" count="30" type="stmt"/>
        <line num="100" count="5" type="stmt"/>
        <line num="103" count="18" type="stmt"/>
        <line num="107" count="9" type="stmt"/>
        <line num="108" count="24" type="stmt"/>
        <line num="109" count="24" type="stmt"/>
        <line num="110" count="24" type="stmt"/>
        <line num="113" count="9" type="stmt"/>
        <line num="114" count="3" type="stmt"/>
        <line num="115" count="3" type="stmt"/>
        <line num="116" count="3" type="stmt"/>
        <line num="117" count="3" type="stmt"/>
        <line num="118" count="3" type="stmt"/>
        <line num="131" count="26" type="stmt"/>
      </file>
    </package>
  </project>
</coverage>
