{"/Users/adamfilipek/Documents/GitHub/Atom-iQ/packages/core/src/index.ts": {"path":"/Users/adamfilipek/Documents/GitHub/Atom-iQ/packages/core/src/index.ts","statementMap":{},"fnMap":{},"branchMap":{},"s":{},"f":{},"b":{},"_coverageSchema":"1a1c01bbd47fc00a2c39e90264f33305004495a9","hash":"4f866f7116033d06a00234e511613f206f3b5fca"}
,"/Users/adamfilipek/Documents/GitHub/Atom-iQ/packages/core/src/component/index.ts": {"path":"/Users/adamfilipek/Documents/GitHub/Atom-iQ/packages/core/src/component/index.ts","statementMap":{},"fnMap":{},"branchMap":{},"s":{},"f":{},"b":{},"_coverageSchema":"1a1c01bbd47fc00a2c39e90264f33305004495a9","hash":"101e726e1633c0c8c8bc7f0efd8ec23dc9791a16"}
,"/Users/adamfilipek/Documents/GitHub/Atom-iQ/packages/core/src/component/state/event-state.ts": {"path":"/Users/adamfilipek/Documents/GitHub/Atom-iQ/packages/core/src/component/state/event-state.ts","statementMap":{"0":{"start":{"line":27,"column":23},"end":{"line":27,"column":63}},"1":{"start":{"line":29,"column":17},"end":{"line":29,"column":44}},"2":{"start":{"line":35,"column":55},"end":{"line":37,"column":3}},"3":{"start":{"line":35,"column":61},"end":{"line":37,"column":3}},"4":{"start":{"line":36,"column":4},"end":{"line":36,"column":93}},"5":{"start":{"line":39,"column":2},"end":{"line":39,"column":31}}},"fnMap":{"0":{"name":"eventState","decl":{"start":{"line":19,"column":16},"end":{"line":19,"column":26}},"loc":{"start":{"line":22,"column":37},"end":{"line":40,"column":1}},"line":22},"1":{"name":"(anonymous_1)","decl":{"start":{"line":35,"column":55},"end":{"line":35,"column":56}},"loc":{"start":{"line":35,"column":61},"end":{"line":37,"column":3}},"line":35},"2":{"name":"(anonymous_2)","decl":{"start":{"line":35,"column":61},"end":{"line":35,"column":62}},"loc":{"start":{"line":35,"column":70},"end":{"line":37,"column":3}},"line":35}},"branchMap":{"0":{"loc":{"start":{"line":36,"column":22},"end":{"line":36,"column":92}},"type":"cond-expr","locations":[{"start":{"line":36,"column":39},"end":{"line":36,"column":60}},{"start":{"line":36,"column":64},"end":{"line":36,"column":91}}],"line":36}},"s":{"0":2,"1":2,"2":2,"3":2,"4":2,"5":2},"f":{"0":2,"1":2,"2":2},"b":{"0":[1,1]},"_coverageSchema":"1a1c01bbd47fc00a2c39e90264f33305004495a9","hash":"9164e24aefdf981d03576d29d9b297219e3699a8"}
,"/Users/adamfilipek/Documents/GitHub/Atom-iQ/packages/core/src/component/state/index.ts": {"path":"/Users/adamfilipek/Documents/GitHub/Atom-iQ/packages/core/src/component/state/index.ts","statementMap":{},"fnMap":{},"branchMap":{},"s":{},"f":{},"b":{},"_coverageSchema":"1a1c01bbd47fc00a2c39e90264f33305004495a9","hash":"efd78d4949ab18aa4d9cdf13210bacae5e9f6cce"}
,"/Users/adamfilipek/Documents/GitHub/Atom-iQ/packages/core/src/component/state/state.ts": {"path":"/Users/adamfilipek/Documents/GitHub/Atom-iQ/packages/core/src/component/state/state.ts","statementMap":{"0":{"start":{"line":13,"column":23},"end":{"line":13,"column":59}},"1":{"start":{"line":15,"column":32},"end":{"line":15,"column":59}},"2":{"start":{"line":17,"column":20},"end":{"line":23,"column":3}},"3":{"start":{"line":18,"column":4},"end":{"line":22,"column":5}},"4":{"start":{"line":19,"column":6},"end":{"line":19,"column":65}},"5":{"start":{"line":21,"column":6},"end":{"line":21,"column":43}},"6":{"start":{"line":25,"column":2},"end":{"line":25,"column":28}}},"fnMap":{"0":{"name":"createState","decl":{"start":{"line":12,"column":16},"end":{"line":12,"column":27}},"loc":{"start":{"line":12,"column":73},"end":{"line":26,"column":1}},"line":12},"1":{"name":"(anonymous_1)","decl":{"start":{"line":17,"column":20},"end":{"line":17,"column":21}},"loc":{"start":{"line":17,"column":81},"end":{"line":23,"column":3}},"line":17}},"branchMap":{"0":{"loc":{"start":{"line":12,"column":31},"end":{"line":12,"column":53}},"type":"default-arg","locations":[{"start":{"line":12,"column":49},"end":{"line":12,"column":53}}],"line":12},"1":{"loc":{"start":{"line":18,"column":4},"end":{"line":22,"column":5}},"type":"if","locations":[{"start":{"line":18,"column":4},"end":{"line":22,"column":5}},{"start":{"line":18,"column":4},"end":{"line":22,"column":5}}],"line":18}},"s":{"0":62,"1":62,"2":62,"3":71,"4":1,"5":70,"6":62},"f":{"0":62,"1":71},"b":{"0":[0],"1":[1,70]},"_coverageSchema":"1a1c01bbd47fc00a2c39e90264f33305004495a9","hash":"c55f873171358d37c48d429927fc2dc8f041f69f"}
,"/Users/adamfilipek/Documents/GitHub/Atom-iQ/packages/core/src/init/index.ts": {"path":"/Users/adamfilipek/Documents/GitHub/Atom-iQ/packages/core/src/init/index.ts","statementMap":{},"fnMap":{},"branchMap":{},"s":{},"f":{},"b":{},"_coverageSchema":"1a1c01bbd47fc00a2c39e90264f33305004495a9","hash":"20718841ce283f5a982df0b275405ec404047d17"}
,"/Users/adamfilipek/Documents/GitHub/Atom-iQ/packages/core/src/init/init.ts": {"path":"/Users/adamfilipek/Documents/GitHub/Atom-iQ/packages/core/src/init/init.ts","statementMap":{"0":{"start":{"line":30,"column":2},"end":{"line":57,"column":3}},"1":{"start":{"line":31,"column":4},"end":{"line":33,"column":5}},"2":{"start":{"line":32,"column":6},"end":{"line":32,"column":64}},"3":{"start":{"line":35,"column":4},"end":{"line":37,"column":5}},"4":{"start":{"line":36,"column":6},"end":{"line":36,"column":65}},"5":{"start":{"line":39,"column":32},"end":{"line":39,"column":34}},"6":{"start":{"line":45,"column":4},"end":{"line":45,"column":39}},"7":{"start":{"line":47,"column":4},"end":{"line":56,"column":5}}},"fnMap":{"0":{"name":"initAtomiQ","decl":{"start":{"line":20,"column":16},"end":{"line":20,"column":26}},"loc":{"start":{"line":20,"column":65},"end":{"line":58,"column":1}},"line":20},"1":{"name":"rvdRenderer","decl":{"start":{"line":30,"column":18},"end":{"line":30,"column":29}},"loc":{"start":{"line":30,"column":98},"end":{"line":57,"column":3}},"line":30}},"branchMap":{"0":{"loc":{"start":{"line":31,"column":4},"end":{"line":33,"column":5}},"type":"if","locations":[{"start":{"line":31,"column":4},"end":{"line":33,"column":5}},{"start":{"line":31,"column":4},"end":{"line":33,"column":5}}],"line":31},"1":{"loc":{"start":{"line":35,"column":4},"end":{"line":37,"column":5}},"type":"if","locations":[{"start":{"line":35,"column":4},"end":{"line":37,"column":5}},{"start":{"line":35,"column":4},"end":{"line":37,"column":5}}],"line":35}},"s":{"0":4,"1":4,"2":1,"3":3,"4":1,"5":2,"6":2,"7":2},"f":{"0":4,"1":4},"b":{"0":[1,3],"1":[1,2]},"_coverageSchema":"1a1c01bbd47fc00a2c39e90264f33305004495a9","hash":"edcba3d140a12f73cbee381ee72b7bbc5dcb1de6"}
,"/Users/adamfilipek/Documents/GitHub/Atom-iQ/packages/core/src/middlewares/combine-middlewares.ts": {"path":"/Users/adamfilipek/Documents/GitHub/Atom-iQ/packages/core/src/middlewares/combine-middlewares.ts","statementMap":{"0":{"start":{"line":35,"column":56},"end":{"line":143,"column":1}},"1":{"start":{"line":37,"column":5},"end":{"line":143,"column":1}},"2":{"start":{"line":39,"column":51},"end":{"line":39,"column":53}},"3":{"start":{"line":42,"column":31},"end":{"line":49,"column":3}},"4":{"start":{"line":45,"column":6},"end":{"line":45,"column":38}},"5":{"start":{"line":46,"column":6},"end":{"line":46,"column":21}},"6":{"start":{"line":52,"column":57},"end":{"line":74,"column":3}},"7":{"start":{"line":52,"column":78},"end":{"line":74,"column":3}},"8":{"start":{"line":54,"column":7},"end":{"line":74,"column":3}},"9":{"start":{"line":55,"column":17},"end":{"line":55,"column":43}},"10":{"start":{"line":56,"column":4},"end":{"line":73,"column":5}},"11":{"start":{"line":57,"column":6},"end":{"line":59,"column":7}},"12":{"start":{"line":58,"column":8},"end":{"line":58,"column":42}},"13":{"start":{"line":60,"column":6},"end":{"line":60,"column":100}},"14":{"start":{"line":62,"column":6},"end":{"line":67,"column":7}},"15":{"start":{"line":63,"column":8},"end":{"line":66,"column":9}},"16":{"start":{"line":69,"column":6},"end":{"line":69,"column":94}},"17":{"start":{"line":70,"column":6},"end":{"line":72,"column":7}},"18":{"start":{"line":81,"column":25},"end":{"line":89,"column":3}},"19":{"start":{"line":82,"column":4},"end":{"line":88,"column":5}},"20":{"start":{"line":83,"column":6},"end":{"line":85,"column":7}},"21":{"start":{"line":83,"column":19},"end":{"line":83,"column":20}},"22":{"start":{"line":84,"column":8},"end":{"line":84,"column":28}},"23":{"start":{"line":87,"column":6},"end":{"line":87,"column":23}},"24":{"start":{"line":96,"column":32},"end":{"line":127,"column":3}},"25":{"start":{"line":97,"column":4},"end":{"line":105,"column":5}},"26":{"start":{"line":98,"column":19},"end":{"line":98,"column":35}},"27":{"start":{"line":99,"column":6},"end":{"line":104,"column":7}},"28":{"start":{"line":99,"column":34},"end":{"line":99,"column":54}},"29":{"start":{"line":100,"column":8},"end":{"line":103,"column":9}},"30":{"start":{"line":102,"column":29},"end":{"line":102,"column":40}},"31":{"start":{"line":107,"column":33},"end":{"line":107,"column":67}},"32":{"start":{"line":109,"column":4},"end":{"line":111,"column":5}},"33":{"start":{"line":110,"column":6},"end":{"line":110,"column":72}},"34":{"start":{"line":113,"column":4},"end":{"line":115,"column":5}},"35":{"start":{"line":114,"column":6},"end":{"line":114,"column":82}},"36":{"start":{"line":117,"column":4},"end":{"line":126,"column":5}},"37":{"start":{"line":118,"column":6},"end":{"line":125,"column":7}},"38":{"start":{"line":119,"column":8},"end":{"line":124,"column":9}},"39":{"start":{"line":120,"column":10},"end":{"line":123,"column":11}},"40":{"start":{"line":129,"column":2},"end":{"line":129,"column":84}},"41":{"start":{"line":129,"column":15},"end":{"line":129,"column":16}},"42":{"start":{"line":129,"column":47},"end":{"line":129,"column":84}},"43":{"start":{"line":131,"column":2},"end":{"line":140,"column":3}},"44":{"start":{"line":132,"column":4},"end":{"line":139,"column":5}},"45":{"start":{"line":133,"column":6},"end":{"line":138,"column":7}},"46":{"start":{"line":134,"column":8},"end":{"line":137,"column":9}},"47":{"start":{"line":142,"column":2},"end":{"line":142,"column":28}}},"fnMap":{"0":{"name":"(anonymous_0)","decl":{"start":{"line":35,"column":56},"end":{"line":35,"column":57}},"loc":{"start":{"line":37,"column":5},"end":{"line":143,"column":1}},"line":37},"1":{"name":"(anonymous_1)","decl":{"start":{"line":37,"column":5},"end":{"line":37,"column":6}},"loc":{"start":{"line":37,"column":54},"end":{"line":143,"column":1}},"line":37},"2":{"name":"(anonymous_2)","decl":{"start":{"line":44,"column":4},"end":{"line":44,"column":5}},"loc":{"start":{"line":44,"column":27},"end":{"line":47,"column":5}},"line":44},"3":{"name":"(anonymous_3)","decl":{"start":{"line":52,"column":57},"end":{"line":52,"column":58}},"loc":{"start":{"line":52,"column":78},"end":{"line":74,"column":3}},"line":52},"4":{"name":"(anonymous_4)","decl":{"start":{"line":52,"column":78},"end":{"line":52,"column":79}},"loc":{"start":{"line":54,"column":7},"end":{"line":74,"column":3}},"line":54},"5":{"name":"(anonymous_5)","decl":{"start":{"line":54,"column":7},"end":{"line":54,"column":8}},"loc":{"start":{"line":54,"column":35},"end":{"line":74,"column":3}},"line":54},"6":{"name":"(anonymous_6)","decl":{"start":{"line":81,"column":25},"end":{"line":81,"column":26}},"loc":{"start":{"line":81,"column":92},"end":{"line":89,"column":3}},"line":81},"7":{"name":"(anonymous_7)","decl":{"start":{"line":96,"column":32},"end":{"line":96,"column":33}},"loc":{"start":{"line":96,"column":70},"end":{"line":127,"column":3}},"line":96},"8":{"name":"(anonymous_8)","decl":{"start":{"line":99,"column":20},"end":{"line":99,"column":21}},"loc":{"start":{"line":99,"column":34},"end":{"line":99,"column":54}},"line":99},"9":{"name":"(anonymous_9)","decl":{"start":{"line":102,"column":24},"end":{"line":102,"column":25}},"loc":{"start":{"line":102,"column":29},"end":{"line":102,"column":40}},"line":102}},"branchMap":{"0":{"loc":{"start":{"line":55,"column":17},"end":{"line":55,"column":43}},"type":"binary-expr","locations":[{"start":{"line":55,"column":17},"end":{"line":55,"column":32}},{"start":{"line":55,"column":36},"end":{"line":55,"column":43}}],"line":55},"1":{"loc":{"start":{"line":56,"column":4},"end":{"line":73,"column":5}},"type":"if","locations":[{"start":{"line":56,"column":4},"end":{"line":73,"column":5}},{"start":{"line":56,"column":4},"end":{"line":73,"column":5}}],"line":56},"2":{"loc":{"start":{"line":57,"column":6},"end":{"line":59,"column":7}},"type":"if","locations":[{"start":{"line":57,"column":6},"end":{"line":59,"column":7}},{"start":{"line":57,"column":6},"end":{"line":59,"column":7}}],"line":57},"3":{"loc":{"start":{"line":60,"column":36},"end":{"line":60,"column":60}},"type":"binary-expr","locations":[{"start":{"line":60,"column":36},"end":{"line":60,"column":52}},{"start":{"line":60,"column":56},"end":{"line":60,"column":60}}],"line":60},"4":{"loc":{"start":{"line":62,"column":6},"end":{"line":67,"column":7}},"type":"if","locations":[{"start":{"line":62,"column":6},"end":{"line":67,"column":7}},{"start":{"line":62,"column":6},"end":{"line":67,"column":7}}],"line":62},"5":{"loc":{"start":{"line":82,"column":4},"end":{"line":88,"column":5}},"type":"if","locations":[{"start":{"line":82,"column":4},"end":{"line":88,"column":5}},{"start":{"line":82,"column":4},"end":{"line":88,"column":5}}],"line":82},"6":{"loc":{"start":{"line":97,"column":4},"end":{"line":105,"column":5}},"type":"if","locations":[{"start":{"line":97,"column":4},"end":{"line":105,"column":5}},{"start":{"line":97,"column":4},"end":{"line":105,"column":5}}],"line":97},"7":{"loc":{"start":{"line":99,"column":6},"end":{"line":104,"column":7}},"type":"if","locations":[{"start":{"line":99,"column":6},"end":{"line":104,"column":7}},{"start":{"line":99,"column":6},"end":{"line":104,"column":7}}],"line":99},"8":{"loc":{"start":{"line":109,"column":4},"end":{"line":111,"column":5}},"type":"if","locations":[{"start":{"line":109,"column":4},"end":{"line":111,"column":5}},{"start":{"line":109,"column":4},"end":{"line":111,"column":5}}],"line":109},"9":{"loc":{"start":{"line":113,"column":4},"end":{"line":115,"column":5}},"type":"if","locations":[{"start":{"line":113,"column":4},"end":{"line":115,"column":5}},{"start":{"line":113,"column":4},"end":{"line":115,"column":5}}],"line":113},"10":{"loc":{"start":{"line":117,"column":4},"end":{"line":126,"column":5}},"type":"if","locations":[{"start":{"line":117,"column":4},"end":{"line":126,"column":5}},{"start":{"line":117,"column":4},"end":{"line":126,"column":5}}],"line":117},"11":{"loc":{"start":{"line":119,"column":8},"end":{"line":124,"column":9}},"type":"if","locations":[{"start":{"line":119,"column":8},"end":{"line":124,"column":9}},{"start":{"line":119,"column":8},"end":{"line":124,"column":9}}],"line":119},"12":{"loc":{"start":{"line":131,"column":2},"end":{"line":140,"column":3}},"type":"if","locations":[{"start":{"line":131,"column":2},"end":{"line":140,"column":3}},{"start":{"line":131,"column":2},"end":{"line":140,"column":3}}],"line":131},"13":{"loc":{"start":{"line":133,"column":6},"end":{"line":138,"column":7}},"type":"if","locations":[{"start":{"line":133,"column":6},"end":{"line":138,"column":7}},{"start":{"line":133,"column":6},"end":{"line":138,"column":7}}],"line":133},"14":{"loc":{"start":{"line":133,"column":10},"end":{"line":133,"column":76}},"type":"binary-expr","locations":[{"start":{"line":133,"column":10},"end":{"line":133,"column":40}},{"start":{"line":133,"column":44},"end":{"line":133,"column":76}}],"line":133}},"s":{"0":17,"1":2,"2":2,"3":2,"4":20,"5":20,"6":2,"7":20,"8":28,"9":30,"10":30,"11":22,"12":2,"13":22,"14":8,"15":4,"16":8,"17":8,"18":2,"19":28,"20":2,"21":2,"22":4,"23":26,"24":2,"25":20,"26":4,"27":4,"28":6,"29":0,"30":0,"31":20,"32":20,"33":0,"34":20,"35":20,"36":20,"37":6,"38":36,"39":8,"40":2,"41":2,"42":20,"43":2,"44":1,"45":3,"46":1,"47":2},"f":{"0":2,"1":2,"2":20,"3":20,"4":28,"5":30,"6":28,"7":20,"8":6,"9":0},"b":{"0":[30,26],"1":[22,8],"2":[2,20],"3":[22,0],"4":[4,4],"5":[2,26],"6":[4,16],"7":[0,4],"8":[0,20],"9":[20,0],"10":[6,14],"11":[8,28],"12":[1,1],"13":[1,2],"14":[3,2]},"_coverageSchema":"1a1c01bbd47fc00a2c39e90264f33305004495a9","hash":"f45120deb73070e5cb8398062d41f3b686e9e6a7"}
,"/Users/adamfilipek/Documents/GitHub/Atom-iQ/packages/core/src/middlewares/index.ts": {"path":"/Users/adamfilipek/Documents/GitHub/Atom-iQ/packages/core/src/middlewares/index.ts","statementMap":{},"fnMap":{},"branchMap":{},"s":{},"f":{},"b":{},"_coverageSchema":"1a1c01bbd47fc00a2c39e90264f33305004495a9","hash":"2c46b681a64c78756047559a7ab833379d7fb811"}
,"/Users/adamfilipek/Documents/GitHub/Atom-iQ/packages/core/src/middlewares/middlewares-manager.ts": {"path":"/Users/adamfilipek/Documents/GitHub/Atom-iQ/packages/core/src/middlewares/middlewares-manager.ts","statementMap":{"0":{"start":{"line":5,"column":39},"end":{"line":5,"column":43}},"1":{"start":{"line":6,"column":21},"end":{"line":6,"column":26}},"2":{"start":{"line":8,"column":31},"end":{"line":20,"column":1}},"3":{"start":{"line":14,"column":2},"end":{"line":18,"column":3}},"4":{"start":{"line":15,"column":4},"end":{"line":15,"column":37}},"5":{"start":{"line":16,"column":4},"end":{"line":16,"column":25}},"6":{"start":{"line":17,"column":4},"end":{"line":17,"column":76}},"7":{"start":{"line":19,"column":2},"end":{"line":19,"column":23}},"8":{"start":{"line":27,"column":41},"end":{"line":58,"column":1}},"9":{"start":{"line":33,"column":2},"end":{"line":53,"column":3}},"10":{"start":{"line":34,"column":4},"end":{"line":52,"column":5}},"11":{"start":{"line":37,"column":27},"end":{"line":41,"column":9}},"12":{"start":{"line":42,"column":8},"end":{"line":47,"column":9}},"13":{"start":{"line":43,"column":10},"end":{"line":43,"column":35}},"14":{"start":{"line":45,"column":10},"end":{"line":45,"column":38}},"15":{"start":{"line":46,"column":10},"end":{"line":46,"column":33}},"16":{"start":{"line":49,"column":8},"end":{"line":49,"column":20}},"17":{"start":{"line":54,"column":2},"end":{"line":57,"column":3}},"18":{"start":{"line":60,"column":32},"end":{"line":74,"column":1}},"19":{"start":{"line":65,"column":2},"end":{"line":71,"column":3}},"20":{"start":{"line":66,"column":20},"end":{"line":66,"column":37}},"21":{"start":{"line":67,"column":39},"end":{"line":67,"column":51}},"22":{"start":{"line":68,"column":4},"end":{"line":70,"column":18}},"23":{"start":{"line":69,"column":6},"end":{"line":69,"column":79}},"24":{"start":{"line":73,"column":2},"end":{"line":73,"column":16}}},"fnMap":{"0":{"name":"(anonymous_0)","decl":{"start":{"line":8,"column":31},"end":{"line":8,"column":32}},"loc":{"start":{"line":13,"column":21},"end":{"line":20,"column":1}},"line":13},"1":{"name":"(anonymous_1)","decl":{"start":{"line":27,"column":41},"end":{"line":27,"column":42}},"loc":{"start":{"line":31,"column":35},"end":{"line":58,"column":1}},"line":31},"2":{"name":"(anonymous_2)","decl":{"start":{"line":36,"column":6},"end":{"line":36,"column":7}},"loc":{"start":{"line":36,"column":24},"end":{"line":50,"column":7}},"line":36},"3":{"name":"(anonymous_3)","decl":{"start":{"line":60,"column":32},"end":{"line":60,"column":33}},"loc":{"start":{"line":64,"column":13},"end":{"line":74,"column":1}},"line":64},"4":{"name":"(anonymous_4)","decl":{"start":{"line":68,"column":32},"end":{"line":68,"column":33}},"loc":{"start":{"line":68,"column":60},"end":{"line":70,"column":5}},"line":68}},"branchMap":{"0":{"loc":{"start":{"line":14,"column":2},"end":{"line":18,"column":3}},"type":"if","locations":[{"start":{"line":14,"column":2},"end":{"line":18,"column":3}},{"start":{"line":14,"column":2},"end":{"line":18,"column":3}}],"line":14},"1":{"loc":{"start":{"line":14,"column":6},"end":{"line":14,"column":41}},"type":"binary-expr","locations":[{"start":{"line":14,"column":6},"end":{"line":14,"column":18}},{"start":{"line":14,"column":22},"end":{"line":14,"column":41}}],"line":14},"2":{"loc":{"start":{"line":33,"column":2},"end":{"line":53,"column":3}},"type":"if","locations":[{"start":{"line":33,"column":2},"end":{"line":53,"column":3}},{"start":{"line":33,"column":2},"end":{"line":53,"column":3}}],"line":33},"3":{"loc":{"start":{"line":33,"column":6},"end":{"line":33,"column":88}},"type":"binary-expr","locations":[{"start":{"line":33,"column":6},"end":{"line":33,"column":20}},{"start":{"line":33,"column":24},"end":{"line":33,"column":45}},{"start":{"line":33,"column":49},"end":{"line":33,"column":88}}],"line":33},"4":{"loc":{"start":{"line":42,"column":8},"end":{"line":47,"column":9}},"type":"if","locations":[{"start":{"line":42,"column":8},"end":{"line":47,"column":9}},{"start":{"line":42,"column":8},"end":{"line":47,"column":9}}],"line":42},"5":{"loc":{"start":{"line":65,"column":2},"end":{"line":71,"column":3}},"type":"if","locations":[{"start":{"line":65,"column":2},"end":{"line":71,"column":3}},{"start":{"line":65,"column":2},"end":{"line":71,"column":3}}],"line":65},"6":{"loc":{"start":{"line":65,"column":6},"end":{"line":65,"column":41}},"type":"binary-expr","locations":[{"start":{"line":65,"column":6},"end":{"line":65,"column":20}},{"start":{"line":65,"column":24},"end":{"line":65,"column":41}}],"line":65}},"s":{"0":17,"1":17,"2":17,"3":2,"4":0,"5":0,"6":0,"7":2,"8":17,"9":8,"10":0,"11":0,"12":0,"13":0,"14":0,"15":0,"16":0,"17":8,"18":17,"19":97,"20":0,"21":0,"22":0,"23":0,"24":97},"f":{"0":2,"1":8,"2":0,"3":97,"4":0},"b":{"0":[0,2],"1":[2,2],"2":[0,8],"3":[8,0,0],"4":[0,0],"5":[0,97],"6":[97,0]},"_coverageSchema":"1a1c01bbd47fc00a2c39e90264f33305004495a9","hash":"33eea134ab3bbbeb736c07905de6ef19402c70a1"}
,"/Users/adamfilipek/Documents/GitHub/Atom-iQ/packages/core/src/reactive-event-delegation/event-delegation.ts": {"path":"/Users/adamfilipek/Documents/GitHub/Atom-iQ/packages/core/src/reactive-event-delegation/event-delegation.ts","statementMap":{"0":{"start":{"line":19,"column":2},"end":{"line":21,"column":3}},"1":{"start":{"line":30,"column":20},"end":{"line":30,"column":47}},"2":{"start":{"line":31,"column":2},"end":{"line":33,"column":3}},"3":{"start":{"line":32,"column":4},"end":{"line":32,"column":67}},"4":{"start":{"line":34,"column":2},"end":{"line":34,"column":58}},"5":{"start":{"line":43,"column":35},"end":{"line":43,"column":62}},"6":{"start":{"line":45,"column":2},"end":{"line":56,"column":3}},"7":{"start":{"line":46,"column":4},"end":{"line":49,"column":5}},"8":{"start":{"line":50,"column":9},"end":{"line":56,"column":3}},"9":{"start":{"line":51,"column":4},"end":{"line":55,"column":5}},"10":{"start":{"line":58,"column":25},"end":{"line":58,"column":41}},"11":{"start":{"line":60,"column":2},"end":{"line":66,"column":3}},"12":{"start":{"line":75,"column":35},"end":{"line":75,"column":62}},"13":{"start":{"line":77,"column":2},"end":{"line":88,"column":3}},"14":{"start":{"line":78,"column":4},"end":{"line":81,"column":5}},"15":{"start":{"line":82,"column":9},"end":{"line":88,"column":3}},"16":{"start":{"line":83,"column":4},"end":{"line":87,"column":5}},"17":{"start":{"line":90,"column":25},"end":{"line":90,"column":53}},"18":{"start":{"line":92,"column":2},"end":{"line":98,"column":3}},"19":{"start":{"line":105,"column":2},"end":{"line":105,"column":66}},"20":{"start":{"line":125,"column":28},"end":{"line":125,"column":63}},"21":{"start":{"line":126,"column":2},"end":{"line":126,"column":40}},"22":{"start":{"line":127,"column":2},"end":{"line":127,"column":33}},"23":{"start":{"line":134,"column":2},"end":{"line":141,"column":3}},"24":{"start":{"line":135,"column":4},"end":{"line":140,"column":5}},"25":{"start":{"line":136,"column":6},"end":{"line":136,"column":47}},"26":{"start":{"line":137,"column":6},"end":{"line":139,"column":7}},"27":{"start":{"line":138,"column":8},"end":{"line":138,"column":50}},"28":{"start":{"line":162,"column":28},"end":{"line":162,"column":63}},"29":{"start":{"line":163,"column":2},"end":{"line":163,"column":40}},"30":{"start":{"line":164,"column":2},"end":{"line":164,"column":34}},"31":{"start":{"line":171,"column":2},"end":{"line":178,"column":3}},"32":{"start":{"line":172,"column":4},"end":{"line":177,"column":5}},"33":{"start":{"line":173,"column":6},"end":{"line":173,"column":48}},"34":{"start":{"line":174,"column":6},"end":{"line":176,"column":7}},"35":{"start":{"line":175,"column":8},"end":{"line":175,"column":50}}},"fnMap":{"0":{"name":"initEventDelegation","decl":{"start":{"line":13,"column":16},"end":{"line":13,"column":35}},"loc":{"start":{"line":13,"column":57},"end":{"line":23,"column":1}},"line":13},"1":{"name":"handleRedEvent","decl":{"start":{"line":25,"column":16},"end":{"line":25,"column":30}},"loc":{"start":{"line":29,"column":17},"end":{"line":35,"column":1}},"line":29},"2":{"name":"handleSyntheticEvent","decl":{"start":{"line":37,"column":16},"end":{"line":37,"column":36}},"loc":{"start":{"line":42,"column":17},"end":{"line":67,"column":1}},"line":42},"3":{"name":"handleSyntheticCaptureEvent","decl":{"start":{"line":69,"column":16},"end":{"line":69,"column":43}},"loc":{"start":{"line":74,"column":17},"end":{"line":99,"column":1}},"line":74},"4":{"name":"getEventName","decl":{"start":{"line":104,"column":9},"end":{"line":104,"column":21}},"loc":{"start":{"line":104,"column":79},"end":{"line":106,"column":1}},"line":104},"5":{"name":"registerEventHandlers","decl":{"start":{"line":118,"column":9},"end":{"line":118,"column":30}},"loc":{"start":{"line":124,"column":17},"end":{"line":142,"column":1}},"line":124},"6":{"name":"onElementRemove","decl":{"start":{"line":134,"column":18},"end":{"line":134,"column":33}},"loc":{"start":{"line":134,"column":36},"end":{"line":141,"column":3}},"line":134},"7":{"name":"registerCaptureEventHandler","decl":{"start":{"line":155,"column":9},"end":{"line":155,"column":36}},"loc":{"start":{"line":161,"column":17},"end":{"line":179,"column":1}},"line":161},"8":{"name":"onElementRemove","decl":{"start":{"line":171,"column":18},"end":{"line":171,"column":33}},"loc":{"start":{"line":171,"column":36},"end":{"line":178,"column":3}},"line":171}},"branchMap":{"0":{"loc":{"start":{"line":31,"column":2},"end":{"line":33,"column":3}},"type":"if","locations":[{"start":{"line":31,"column":2},"end":{"line":33,"column":3}},{"start":{"line":31,"column":2},"end":{"line":33,"column":3}}],"line":31},"1":{"loc":{"start":{"line":31,"column":6},"end":{"line":31,"column":48}},"type":"binary-expr","locations":[{"start":{"line":31,"column":6},"end":{"line":31,"column":21}},{"start":{"line":31,"column":25},"end":{"line":31,"column":48}}],"line":31},"2":{"loc":{"start":{"line":45,"column":2},"end":{"line":56,"column":3}},"type":"if","locations":[{"start":{"line":45,"column":2},"end":{"line":56,"column":3}},{"start":{"line":45,"column":2},"end":{"line":56,"column":3}}],"line":45},"3":{"loc":{"start":{"line":50,"column":9},"end":{"line":56,"column":3}},"type":"if","locations":[{"start":{"line":50,"column":9},"end":{"line":56,"column":3}},{"start":{"line":50,"column":9},"end":{"line":56,"column":3}}],"line":50},"4":{"loc":{"start":{"line":77,"column":2},"end":{"line":88,"column":3}},"type":"if","locations":[{"start":{"line":77,"column":2},"end":{"line":88,"column":3}},{"start":{"line":77,"column":2},"end":{"line":88,"column":3}}],"line":77},"5":{"loc":{"start":{"line":82,"column":9},"end":{"line":88,"column":3}},"type":"if","locations":[{"start":{"line":82,"column":9},"end":{"line":88,"column":3}},{"start":{"line":82,"column":9},"end":{"line":88,"column":3}}],"line":82},"6":{"loc":{"start":{"line":135,"column":4},"end":{"line":140,"column":5}},"type":"if","locations":[{"start":{"line":135,"column":4},"end":{"line":140,"column":5}},{"start":{"line":135,"column":4},"end":{"line":140,"column":5}}],"line":135},"7":{"loc":{"start":{"line":135,"column":8},"end":{"line":135,"column":72}},"type":"binary-expr","locations":[{"start":{"line":135,"column":8},"end":{"line":135,"column":31}},{"start":{"line":135,"column":35},"end":{"line":135,"column":72}}],"line":135},"8":{"loc":{"start":{"line":137,"column":6},"end":{"line":139,"column":7}},"type":"if","locations":[{"start":{"line":137,"column":6},"end":{"line":139,"column":7}},{"start":{"line":137,"column":6},"end":{"line":139,"column":7}}],"line":137},"9":{"loc":{"start":{"line":172,"column":4},"end":{"line":177,"column":5}},"type":"if","locations":[{"start":{"line":172,"column":4},"end":{"line":177,"column":5}},{"start":{"line":172,"column":4},"end":{"line":177,"column":5}}],"line":172},"10":{"loc":{"start":{"line":172,"column":8},"end":{"line":172,"column":73}},"type":"binary-expr","locations":[{"start":{"line":172,"column":8},"end":{"line":172,"column":31}},{"start":{"line":172,"column":35},"end":{"line":172,"column":73}}],"line":172},"11":{"loc":{"start":{"line":174,"column":6},"end":{"line":176,"column":7}},"type":"if","locations":[{"start":{"line":174,"column":6},"end":{"line":176,"column":7}},{"start":{"line":174,"column":6},"end":{"line":176,"column":7}}],"line":174}},"s":{"0":26,"1":2,"2":2,"3":0,"4":2,"5":11,"6":11,"7":11,"8":0,"9":0,"10":11,"11":11,"12":0,"13":0,"14":0,"15":0,"16":0,"17":0,"18":0,"19":2,"20":11,"21":11,"22":11,"23":11,"24":2,"25":2,"26":2,"27":2,"28":0,"29":0,"30":0,"31":0,"32":0,"33":0,"34":0,"35":0},"f":{"0":26,"1":2,"2":11,"3":0,"4":2,"5":11,"6":2,"7":0,"8":0},"b":{"0":[0,2],"1":[2,0],"2":[11,0],"3":[0,0],"4":[0,0],"5":[0,0],"6":[2,0],"7":[2,2],"8":[2,0],"9":[0,0],"10":[0,0],"11":[0,0]},"_coverageSchema":"1a1c01bbd47fc00a2c39e90264f33305004495a9","hash":"31af27ec55e008607842530b6dcdf8456ba3fd59"}
,"/Users/adamfilipek/Documents/GitHub/Atom-iQ/packages/core/src/reactive-event-delegation/delegation-handlers/bubbling-handler.ts": {"path":"/Users/adamfilipek/Documents/GitHub/Atom-iQ/packages/core/src/reactive-event-delegation/delegation-handlers/bubbling-handler.ts","statementMap":{"0":{"start":{"line":11,"column":28},"end":{"line":11,"column":63}},"1":{"start":{"line":13,"column":18},"end":{"line":13,"column":67}},"2":{"start":{"line":15,"column":2},"end":{"line":15,"column":25}},"3":{"start":{"line":17,"column":2},"end":{"line":17,"column":25}},"4":{"start":{"line":18,"column":2},"end":{"line":23,"column":99}},"5":{"start":{"line":25,"column":2},"end":{"line":25,"column":16}},"6":{"start":{"line":34,"column":2},"end":{"line":50,"column":3}},"7":{"start":{"line":35,"column":22},"end":{"line":35,"column":38}},"8":{"start":{"line":37,"column":4},"end":{"line":49,"column":34}},"9":{"start":{"line":39,"column":6},"end":{"line":41,"column":7}},"10":{"start":{"line":40,"column":8},"end":{"line":40,"column":14}},"11":{"start":{"line":43,"column":6},"end":{"line":47,"column":7}},"12":{"start":{"line":44,"column":8},"end":{"line":44,"column":41}},"13":{"start":{"line":45,"column":8},"end":{"line":45,"column":92}},"14":{"start":{"line":46,"column":8},"end":{"line":46,"column":38}},"15":{"start":{"line":46,"column":32},"end":{"line":46,"column":38}},"16":{"start":{"line":48,"column":6},"end":{"line":48,"column":42}}},"fnMap":{"0":{"name":"initBubblingHandler","decl":{"start":{"line":6,"column":16},"end":{"line":6,"column":35}},"loc":{"start":{"line":10,"column":34},"end":{"line":26,"column":1}},"line":10},"1":{"name":"bubbleEvents","decl":{"start":{"line":28,"column":9},"end":{"line":28,"column":21}},"loc":{"start":{"line":33,"column":2},"end":{"line":51,"column":1}},"line":33},"2":{"name":"bubble","decl":{"start":{"line":34,"column":18},"end":{"line":34,"column":24}},"loc":{"start":{"line":34,"column":42},"end":{"line":50,"column":3}},"line":34}},"branchMap":{"0":{"loc":{"start":{"line":13,"column":18},"end":{"line":13,"column":67}},"type":"binary-expr","locations":[{"start":{"line":13,"column":18},"end":{"line":13,"column":39}},{"start":{"line":13,"column":43},"end":{"line":13,"column":67}}],"line":13},"1":{"loc":{"start":{"line":15,"column":12},"end":{"line":15,"column":25}},"type":"binary-expr","locations":[{"start":{"line":15,"column":12},"end":{"line":15,"column":19}},{"start":{"line":15,"column":23},"end":{"line":15,"column":25}}],"line":15},"2":{"loc":{"start":{"line":39,"column":6},"end":{"line":41,"column":7}},"type":"if","locations":[{"start":{"line":39,"column":6},"end":{"line":41,"column":7}},{"start":{"line":39,"column":6},"end":{"line":41,"column":7}}],"line":39},"3":{"loc":{"start":{"line":39,"column":10},"end":{"line":39,"column":50}},"type":"binary-expr","locations":[{"start":{"line":39,"column":10},"end":{"line":39,"column":17}},{"start":{"line":39,"column":21},"end":{"line":39,"column":50}}],"line":39},"4":{"loc":{"start":{"line":43,"column":6},"end":{"line":47,"column":7}},"type":"if","locations":[{"start":{"line":43,"column":6},"end":{"line":47,"column":7}},{"start":{"line":43,"column":6},"end":{"line":47,"column":7}}],"line":43},"5":{"loc":{"start":{"line":46,"column":8},"end":{"line":46,"column":38}},"type":"if","locations":[{"start":{"line":46,"column":8},"end":{"line":46,"column":38}},{"start":{"line":46,"column":8},"end":{"line":46,"column":38}}],"line":46}},"s":{"0":11,"1":11,"2":11,"3":11,"4":11,"5":11,"6":11,"7":2,"8":2,"9":4,"10":0,"11":4,"12":2,"13":2,"14":2,"15":0,"16":4},"f":{"0":11,"1":11,"2":2},"b":{"0":[11,7],"1":[11,11],"2":[0,4],"3":[4,4],"4":[2,2],"5":[0,2]},"_coverageSchema":"1a1c01bbd47fc00a2c39e90264f33305004495a9","hash":"632689fc8638c70a1768ce397bebb7bd2295341f"}
,"/Users/adamfilipek/Documents/GitHub/Atom-iQ/packages/core/src/reactive-event-delegation/delegation-handlers/capturing-handler.ts": {"path":"/Users/adamfilipek/Documents/GitHub/Atom-iQ/packages/core/src/reactive-event-delegation/delegation-handlers/capturing-handler.ts","statementMap":{"0":{"start":{"line":15,"column":28},"end":{"line":15,"column":63}},"1":{"start":{"line":17,"column":18},"end":{"line":17,"column":67}},"2":{"start":{"line":19,"column":2},"end":{"line":19,"column":25}},"3":{"start":{"line":21,"column":2},"end":{"line":21,"column":26}},"4":{"start":{"line":22,"column":2},"end":{"line":24,"column":87}},"5":{"start":{"line":26,"column":2},"end":{"line":26,"column":16}},"6":{"start":{"line":34,"column":2},"end":{"line":58,"column":3}},"7":{"start":{"line":35,"column":22},"end":{"line":35,"column":38}},"8":{"start":{"line":36,"column":55},"end":{"line":36,"column":57}},"9":{"start":{"line":38,"column":4},"end":{"line":47,"column":34}},"10":{"start":{"line":39,"column":6},"end":{"line":44,"column":7}},"11":{"start":{"line":40,"column":8},"end":{"line":43,"column":10}},"12":{"start":{"line":46,"column":6},"end":{"line":46,"column":42}},"13":{"start":{"line":49,"column":4},"end":{"line":57,"column":5}},"14":{"start":{"line":50,"column":6},"end":{"line":56,"column":7}},"15":{"start":{"line":68,"column":2},"end":{"line":81,"column":44}},"16":{"start":{"line":69,"column":22},"end":{"line":69,"column":51}},"17":{"start":{"line":71,"column":4},"end":{"line":71,"column":57}},"18":{"start":{"line":72,"column":4},"end":{"line":79,"column":5}},"19":{"start":{"line":80,"column":4},"end":{"line":80,"column":34}},"20":{"start":{"line":80,"column":28},"end":{"line":80,"column":34}}},"fnMap":{"0":{"name":"initCapturingHandler","decl":{"start":{"line":10,"column":16},"end":{"line":10,"column":36}},"loc":{"start":{"line":14,"column":34},"end":{"line":27,"column":1}},"line":14},"1":{"name":"captureEvents","decl":{"start":{"line":29,"column":9},"end":{"line":29,"column":22}},"loc":{"start":{"line":33,"column":2},"end":{"line":59,"column":1}},"line":33},"2":{"name":"(anonymous_2)","decl":{"start":{"line":34,"column":9},"end":{"line":34,"column":10}},"loc":{"start":{"line":34,"column":36},"end":{"line":58,"column":3}},"line":34},"3":{"name":"dispatchQueuedEvent","decl":{"start":{"line":61,"column":9},"end":{"line":61,"column":28}},"loc":{"start":{"line":67,"column":8},"end":{"line":82,"column":1}},"line":67}},"branchMap":{"0":{"loc":{"start":{"line":17,"column":18},"end":{"line":17,"column":67}},"type":"binary-expr","locations":[{"start":{"line":17,"column":18},"end":{"line":17,"column":39}},{"start":{"line":17,"column":43},"end":{"line":17,"column":67}}],"line":17},"1":{"loc":{"start":{"line":19,"column":12},"end":{"line":19,"column":25}},"type":"binary-expr","locations":[{"start":{"line":19,"column":12},"end":{"line":19,"column":19}},{"start":{"line":19,"column":23},"end":{"line":19,"column":25}}],"line":19},"2":{"loc":{"start":{"line":39,"column":6},"end":{"line":44,"column":7}},"type":"if","locations":[{"start":{"line":39,"column":6},"end":{"line":44,"column":7}},{"start":{"line":39,"column":6},"end":{"line":44,"column":7}}],"line":39},"3":{"loc":{"start":{"line":49,"column":4},"end":{"line":57,"column":5}},"type":"if","locations":[{"start":{"line":49,"column":4},"end":{"line":57,"column":5}},{"start":{"line":49,"column":4},"end":{"line":57,"column":5}}],"line":49},"4":{"loc":{"start":{"line":80,"column":4},"end":{"line":80,"column":34}},"type":"if","locations":[{"start":{"line":80,"column":4},"end":{"line":80,"column":34}},{"start":{"line":80,"column":4},"end":{"line":80,"column":34}}],"line":80}},"s":{"0":0,"1":0,"2":0,"3":0,"4":0,"5":0,"6":0,"7":0,"8":0,"9":0,"10":0,"11":0,"12":0,"13":0,"14":0,"15":0,"16":0,"17":0,"18":0,"19":0,"20":0},"f":{"0":0,"1":0,"2":0,"3":0},"b":{"0":[0,0],"1":[0,0],"2":[0,0],"3":[0,0],"4":[0,0]},"_coverageSchema":"1a1c01bbd47fc00a2c39e90264f33305004495a9","hash":"52c4f68c908ae1784f097765d546c9fc9038e04f"}
,"/Users/adamfilipek/Documents/GitHub/Atom-iQ/packages/core/src/reactive-event-delegation/delegation-handlers/utils.ts": {"path":"/Users/adamfilipek/Documents/GitHub/Atom-iQ/packages/core/src/reactive-event-delegation/delegation-handlers/utils.ts","statementMap":{"0":{"start":{"line":10,"column":51},"end":{"line":12,"column":3}},"1":{"start":{"line":14,"column":2},"end":{"line":17,"column":3}},"2":{"start":{"line":15,"column":28},"end":{"line":15,"column":49}},"3":{"start":{"line":16,"column":40},"end":{"line":16,"column":77}},"4":{"start":{"line":28,"column":2},"end":{"line":28,"column":51}},"5":{"start":{"line":29,"column":2},"end":{"line":29,"column":16}},"6":{"start":{"line":30,"column":2},"end":{"line":35,"column":3}},"7":{"start":{"line":31,"column":4},"end":{"line":31,"column":39}},"8":{"start":{"line":32,"column":4},"end":{"line":34,"column":5}},"9":{"start":{"line":33,"column":6},"end":{"line":33,"column":96}},"10":{"start":{"line":39,"column":2},"end":{"line":39,"column":90}}},"fnMap":{"0":{"name":"eventPropertiesManager","decl":{"start":{"line":9,"column":16},"end":{"line":9,"column":38}},"loc":{"start":{"line":9,"column":84},"end":{"line":18,"column":1}},"line":9},"1":{"name":"(anonymous_1)","decl":{"start":{"line":15,"column":22},"end":{"line":15,"column":23}},"loc":{"start":{"line":15,"column":28},"end":{"line":15,"column":49}},"line":15},"2":{"name":"(anonymous_2)","decl":{"start":{"line":16,"column":22},"end":{"line":16,"column":23}},"loc":{"start":{"line":16,"column":40},"end":{"line":16,"column":77}},"line":16},"3":{"name":"applyElementHandler","decl":{"start":{"line":20,"column":16},"end":{"line":20,"column":35}},"loc":{"start":{"line":27,"column":8},"end":{"line":36,"column":1}},"line":27},"4":{"name":"getTarget","decl":{"start":{"line":38,"column":16},"end":{"line":38,"column":25}},"loc":{"start":{"line":38,"column":49},"end":{"line":40,"column":1}},"line":38}},"branchMap":{"0":{"loc":{"start":{"line":25,"column":2},"end":{"line":25,"column":77}},"type":"default-arg","locations":[{"start":{"line":25,"column":64},"end":{"line":25,"column":77}}],"line":25},"1":{"loc":{"start":{"line":28,"column":12},"end":{"line":28,"column":51}},"type":"binary-expr","locations":[{"start":{"line":28,"column":12},"end":{"line":28,"column":19}},{"start":{"line":28,"column":23},"end":{"line":28,"column":51}}],"line":28},"2":{"loc":{"start":{"line":30,"column":2},"end":{"line":35,"column":3}},"type":"if","locations":[{"start":{"line":30,"column":2},"end":{"line":35,"column":3}},{"start":{"line":30,"column":2},"end":{"line":35,"column":3}}],"line":30},"3":{"loc":{"start":{"line":30,"column":6},"end":{"line":30,"column":45}},"type":"binary-expr","locations":[{"start":{"line":30,"column":6},"end":{"line":30,"column":21}},{"start":{"line":30,"column":25},"end":{"line":30,"column":45}}],"line":30},"4":{"loc":{"start":{"line":32,"column":4},"end":{"line":34,"column":5}},"type":"if","locations":[{"start":{"line":32,"column":4},"end":{"line":34,"column":5}},{"start":{"line":32,"column":4},"end":{"line":34,"column":5}}],"line":32},"5":{"loc":{"start":{"line":33,"column":24},"end":{"line":33,"column":81}},"type":"cond-expr","locations":[{"start":{"line":33,"column":55},"end":{"line":33,"column":66}},{"start":{"line":33,"column":69},"end":{"line":33,"column":81}}],"line":33},"6":{"loc":{"start":{"line":39,"column":10},"end":{"line":39,"column":81}},"type":"cond-expr","locations":[{"start":{"line":39,"column":43},"end":{"line":39,"column":66}},{"start":{"line":39,"column":69},"end":{"line":39,"column":81}}],"line":39}},"s":{"0":11,"1":11,"2":0,"3":2,"4":2,"5":2,"6":2,"7":0,"8":0,"9":0,"10":2},"f":{"0":11,"1":0,"2":2,"3":2,"4":2},"b":{"0":[2],"1":[2,2],"2":[0,2],"3":[2,0],"4":[0,0],"5":[0,0],"6":[2,0]},"_coverageSchema":"1a1c01bbd47fc00a2c39e90264f33305004495a9","hash":"9ca0f19101b8667b4e78f5a6af4d161af330b3fd"}
,"/Users/adamfilipek/Documents/GitHub/Atom-iQ/packages/core/src/reactive-event-delegation/synthetic-event/from-synthetic-event.ts": {"path":"/Users/adamfilipek/Documents/GitHub/Atom-iQ/packages/core/src/reactive-event-delegation/synthetic-event/from-synthetic-event.ts","statementMap":{"0":{"start":{"line":30,"column":2},"end":{"line":40,"column":4}},"1":{"start":{"line":32,"column":51},"end":{"line":33,"column":87}},"2":{"start":{"line":33,"column":6},"end":{"line":33,"column":87}},"3":{"start":{"line":35,"column":20},"end":{"line":35,"column":77}},"4":{"start":{"line":37,"column":4},"end":{"line":37,"column":61}},"5":{"start":{"line":39,"column":4},"end":{"line":39,"column":77}},"6":{"start":{"line":39,"column":17},"end":{"line":39,"column":77}},"7":{"start":{"line":52,"column":2},"end":{"line":58,"column":3}},"8":{"start":{"line":53,"column":4},"end":{"line":56,"column":5}},"9":{"start":{"line":54,"column":6},"end":{"line":54,"column":29}},"10":{"start":{"line":55,"column":6},"end":{"line":55,"column":12}},"11":{"start":{"line":57,"column":4},"end":{"line":57,"column":19}}},"fnMap":{"0":{"name":"fromSyntheticEvent","decl":{"start":{"line":23,"column":16},"end":{"line":23,"column":34}},"loc":{"start":{"line":29,"column":39},"end":{"line":41,"column":1}},"line":29},"1":{"name":"(anonymous_1)","decl":{"start":{"line":30,"column":49},"end":{"line":30,"column":50}},"loc":{"start":{"line":30,"column":63},"end":{"line":40,"column":3}},"line":30},"2":{"name":"(anonymous_2)","decl":{"start":{"line":32,"column":51},"end":{"line":32,"column":52}},"loc":{"start":{"line":33,"column":6},"end":{"line":33,"column":87}},"line":33},"3":{"name":"(anonymous_3)","decl":{"start":{"line":39,"column":11},"end":{"line":39,"column":12}},"loc":{"start":{"line":39,"column":17},"end":{"line":39,"column":77}},"line":39},"4":{"name":"handleFirefoxBug","decl":{"start":{"line":51,"column":9},"end":{"line":51,"column":25}},"loc":{"start":{"line":51,"column":65},"end":{"line":59,"column":1}},"line":51},"5":{"name":"(anonymous_5)","decl":{"start":{"line":52,"column":9},"end":{"line":52,"column":10}},"loc":{"start":{"line":52,"column":32},"end":{"line":58,"column":3}},"line":52}},"branchMap":{"0":{"loc":{"start":{"line":27,"column":2},"end":{"line":27,"column":17}},"type":"default-arg","locations":[{"start":{"line":27,"column":12},"end":{"line":27,"column":17}}],"line":27},"1":{"loc":{"start":{"line":35,"column":20},"end":{"line":35,"column":77}},"type":"cond-expr","locations":[{"start":{"line":35,"column":30},"end":{"line":35,"column":61}},{"start":{"line":35,"column":64},"end":{"line":35,"column":77}}],"line":35},"2":{"loc":{"start":{"line":53,"column":4},"end":{"line":56,"column":5}},"type":"if","locations":[{"start":{"line":53,"column":4},"end":{"line":56,"column":5}},{"start":{"line":53,"column":4},"end":{"line":56,"column":5}}],"line":53}},"s":{"0":11,"1":11,"2":2,"3":11,"4":11,"5":11,"6":2,"7":4,"8":2,"9":0,"10":0,"11":2},"f":{"0":11,"1":11,"2":2,"3":2,"4":4,"5":2},"b":{"0":[0],"1":[4,7],"2":[0,2]},"_coverageSchema":"1a1c01bbd47fc00a2c39e90264f33305004495a9","hash":"06c644f134b36dfe133661d7494e4b5ca1403417"}
,"/Users/adamfilipek/Documents/GitHub/Atom-iQ/packages/core/src/reactive-event-delegation/synthetic-event/synthesize-event.ts": {"path":"/Users/adamfilipek/Documents/GitHub/Atom-iQ/packages/core/src/reactive-event-delegation/synthetic-event/synthesize-event.ts","statementMap":{"0":{"start":{"line":13,"column":16},"end":{"line":13,"column":51}},"1":{"start":{"line":14,"column":2},"end":{"line":14,"column":47}},"2":{"start":{"line":15,"column":2},"end":{"line":15,"column":51}},"3":{"start":{"line":16,"column":2},"end":{"line":16,"column":41}},"4":{"start":{"line":17,"column":2},"end":{"line":20,"column":4}},"5":{"start":{"line":27,"column":2},"end":{"line":27,"column":26}},"6":{"start":{"line":28,"column":2},"end":{"line":30,"column":3}},"7":{"start":{"line":29,"column":4},"end":{"line":29,"column":35}},"8":{"start":{"line":37,"column":2},"end":{"line":37,"column":30}},"9":{"start":{"line":44,"column":2},"end":{"line":44,"column":26}}},"fnMap":{"0":{"name":"synthesizeRvdEvent","decl":{"start":{"line":9,"column":16},"end":{"line":9,"column":34}},"loc":{"start":{"line":12,"column":27},"end":{"line":21,"column":1}},"line":12},"1":{"name":"stopPropagation","decl":{"start":{"line":26,"column":9},"end":{"line":26,"column":24}},"loc":{"start":{"line":26,"column":33},"end":{"line":31,"column":1}},"line":26},"2":{"name":"isDefaultPrevented","decl":{"start":{"line":36,"column":9},"end":{"line":36,"column":27}},"loc":{"start":{"line":36,"column":39},"end":{"line":38,"column":1}},"line":36},"3":{"name":"isPropagationStopped","decl":{"start":{"line":43,"column":9},"end":{"line":43,"column":29}},"loc":{"start":{"line":43,"column":41},"end":{"line":45,"column":1}},"line":43}},"branchMap":{"0":{"loc":{"start":{"line":28,"column":2},"end":{"line":30,"column":3}},"type":"if","locations":[{"start":{"line":28,"column":2},"end":{"line":30,"column":3}},{"start":{"line":28,"column":2},"end":{"line":30,"column":3}}],"line":28}},"s":{"0":2,"1":2,"2":2,"3":2,"4":2,"5":0,"6":0,"7":0,"8":0,"9":0},"f":{"0":2,"1":0,"2":0,"3":0},"b":{"0":[0,0]},"_coverageSchema":"1a1c01bbd47fc00a2c39e90264f33305004495a9","hash":"73ee4dcc22e10be510b91429a1226c4adfa5c595"}
,"/Users/adamfilipek/Documents/GitHub/Atom-iQ/packages/core/src/reactive-virtual-dom/index.ts": {"path":"/Users/adamfilipek/Documents/GitHub/Atom-iQ/packages/core/src/reactive-virtual-dom/index.ts","statementMap":{},"fnMap":{},"branchMap":{},"s":{},"f":{},"b":{},"_coverageSchema":"1a1c01bbd47fc00a2c39e90264f33305004495a9","hash":"bccdd8a41ab1cf7b3d97c482a61ad3e1fd5f3c0e"}
,"/Users/adamfilipek/Documents/GitHub/Atom-iQ/packages/core/src/reactive-virtual-dom/create-element/create-element.ts": {"path":"/Users/adamfilipek/Documents/GitHub/Atom-iQ/packages/core/src/reactive-virtual-dom/create-element/create-element.ts","statementMap":{"0":{"start":{"line":6,"column":2},"end":{"line":25,"column":3}},"1":{"start":{"line":7,"column":4},"end":{"line":11,"column":5}},"2":{"start":{"line":8,"column":6},"end":{"line":8,"column":87}},"3":{"start":{"line":9,"column":6},"end":{"line":9,"column":38}},"4":{"start":{"line":10,"column":6},"end":{"line":10,"column":42}},"5":{"start":{"line":13,"column":4},"end":{"line":24,"column":5}},"6":{"start":{"line":14,"column":6},"end":{"line":22,"column":7}},"7":{"start":{"line":18,"column":8},"end":{"line":18,"column":80}},"8":{"start":{"line":19,"column":8},"end":{"line":21,"column":47}},"9":{"start":{"line":23,"column":6},"end":{"line":23,"column":38}},"10":{"start":{"line":26,"column":2},"end":{"line":26,"column":19}}},"fnMap":{"0":{"name":"normalizeProps","decl":{"start":{"line":5,"column":16},"end":{"line":5,"column":30}},"loc":{"start":{"line":5,"column":61},"end":{"line":27,"column":1}},"line":5}},"branchMap":{"0":{"loc":{"start":{"line":6,"column":2},"end":{"line":25,"column":3}},"type":"if","locations":[{"start":{"line":6,"column":2},"end":{"line":25,"column":3}},{"start":{"line":6,"column":2},"end":{"line":25,"column":3}}],"line":6},"1":{"loc":{"start":{"line":6,"column":6},"end":{"line":6,"column":64}},"type":"binary-expr","locations":[{"start":{"line":6,"column":6},"end":{"line":6,"column":22}},{"start":{"line":6,"column":26},"end":{"line":6,"column":64}}],"line":6},"2":{"loc":{"start":{"line":7,"column":4},"end":{"line":11,"column":5}},"type":"if","locations":[{"start":{"line":7,"column":4},"end":{"line":11,"column":5}},{"start":{"line":7,"column":4},"end":{"line":11,"column":5}}],"line":7},"3":{"loc":{"start":{"line":7,"column":8},"end":{"line":7,"column":66}},"type":"binary-expr","locations":[{"start":{"line":7,"column":8},"end":{"line":7,"column":33}},{"start":{"line":7,"column":37},"end":{"line":7,"column":66}}],"line":7},"4":{"loc":{"start":{"line":8,"column":29},"end":{"line":8,"column":87}},"type":"binary-expr","locations":[{"start":{"line":8,"column":29},"end":{"line":8,"column":54}},{"start":{"line":8,"column":58},"end":{"line":8,"column":87}}],"line":8},"5":{"loc":{"start":{"line":13,"column":4},"end":{"line":24,"column":5}},"type":"if","locations":[{"start":{"line":13,"column":4},"end":{"line":24,"column":5}},{"start":{"line":13,"column":4},"end":{"line":24,"column":5}}],"line":13},"6":{"loc":{"start":{"line":14,"column":6},"end":{"line":22,"column":7}},"type":"if","locations":[{"start":{"line":14,"column":6},"end":{"line":22,"column":7}},{"start":{"line":14,"column":6},"end":{"line":22,"column":7}}],"line":14},"7":{"loc":{"start":{"line":15,"column":8},"end":{"line":16,"column":74}},"type":"binary-expr","locations":[{"start":{"line":15,"column":8},"end":{"line":15,"column":28}},{"start":{"line":16,"column":9},"end":{"line":16,"column":37}},{"start":{"line":16,"column":41},"end":{"line":16,"column":73}}],"line":15},"8":{"loc":{"start":{"line":19,"column":32},"end":{"line":21,"column":47}},"type":"cond-expr","locations":[{"start":{"line":20,"column":12},"end":{"line":20,"column":52}},{"start":{"line":21,"column":12},"end":{"line":21,"column":47}}],"line":19}},"s":{"0":18,"1":16,"2":2,"3":2,"4":2,"5":16,"6":9,"7":8,"8":8,"9":9,"10":18},"f":{"0":18},"b":{"0":[16,2],"1":[18,17],"2":[2,14],"3":[16,15],"4":[2,1],"5":[9,7],"6":[8,1],"7":[9,2,1],"8":[1,7]},"_coverageSchema":"1a1c01bbd47fc00a2c39e90264f33305004495a9","hash":"6b0dd1c468289b324d419ec561dd9933d801263f"}
,"/Users/adamfilipek/Documents/GitHub/Atom-iQ/packages/core/src/reactive-virtual-dom/create-element/index.ts": {"path":"/Users/adamfilipek/Documents/GitHub/Atom-iQ/packages/core/src/reactive-virtual-dom/create-element/index.ts","statementMap":{},"fnMap":{},"branchMap":{},"s":{},"f":{},"b":{},"_coverageSchema":"1a1c01bbd47fc00a2c39e90264f33305004495a9","hash":"c6bfe9431be9df4b2b7a6de89a0a8f34aaefae4a"}
,"/Users/adamfilipek/Documents/GitHub/Atom-iQ/packages/core/src/reactive-virtual-dom/renderer/children-manager.ts": {"path":"/Users/adamfilipek/Documents/GitHub/Atom-iQ/packages/core/src/reactive-virtual-dom/renderer/children-manager.ts","statementMap":{"0":{"start":{"line":5,"column":2},"end":{"line":12,"column":3}},"1":{"start":{"line":21,"column":2},"end":{"line":21,"column":46}},"2":{"start":{"line":21,"column":32},"end":{"line":21,"column":46}},"3":{"start":{"line":22,"column":2},"end":{"line":22,"column":40}},"4":{"start":{"line":23,"column":2},"end":{"line":23,"column":56}},"5":{"start":{"line":23,"column":22},"end":{"line":23,"column":56}},"6":{"start":{"line":32,"column":2},"end":{"line":32,"column":56}},"7":{"start":{"line":33,"column":2},"end":{"line":33,"column":56}},"8":{"start":{"line":33,"column":22},"end":{"line":33,"column":56}},"9":{"start":{"line":41,"column":2},"end":{"line":46,"column":3}},"10":{"start":{"line":47,"column":2},"end":{"line":47,"column":56}},"11":{"start":{"line":47,"column":22},"end":{"line":47,"column":56}},"12":{"start":{"line":55,"column":2},"end":{"line":58,"column":3}},"13":{"start":{"line":56,"column":4},"end":{"line":56,"column":18}},"14":{"start":{"line":57,"column":4},"end":{"line":57,"column":34}},"15":{"start":{"line":59,"column":2},"end":{"line":61,"column":3}},"16":{"start":{"line":60,"column":4},"end":{"line":60,"column":75}},"17":{"start":{"line":69,"column":2},"end":{"line":69,"column":77}},"18":{"start":{"line":69,"column":39},"end":{"line":69,"column":77}},"19":{"start":{"line":70,"column":2},"end":{"line":72,"column":3}},"20":{"start":{"line":71,"column":4},"end":{"line":71,"column":75}},"21":{"start":{"line":80,"column":41},"end":{"line":84,"column":3}},"22":{"start":{"line":81,"column":21},"end":{"line":81,"column":60}},"23":{"start":{"line":82,"column":35},"end":{"line":82,"column":74}},"24":{"start":{"line":83,"column":4},"end":{"line":83,"column":68}},"25":{"start":{"line":86,"column":2},"end":{"line":126,"column":3}},"26":{"start":{"line":87,"column":23},"end":{"line":87,"column":39}},"27":{"start":{"line":88,"column":26},"end":{"line":88,"column":50}},"28":{"start":{"line":89,"column":24},"end":{"line":89,"column":44}},"29":{"start":{"line":90,"column":26},"end":{"line":90,"column":91}},"30":{"start":{"line":92,"column":4},"end":{"line":109,"column":5}},"31":{"start":{"line":93,"column":6},"end":{"line":93,"column":53}},"32":{"start":{"line":94,"column":11},"end":{"line":109,"column":5}},"33":{"start":{"line":95,"column":6},"end":{"line":95,"column":52}},"34":{"start":{"line":96,"column":11},"end":{"line":109,"column":5}},"35":{"start":{"line":97,"column":6},"end":{"line":97,"column":58}},"36":{"start":{"line":99,"column":6},"end":{"line":108,"column":7}},"37":{"start":{"line":99,"column":19},"end":{"line":99,"column":68}},"38":{"start":{"line":100,"column":30},"end":{"line":100,"column":51}},"39":{"start":{"line":101,"column":8},"end":{"line":107,"column":9}},"40":{"start":{"line":102,"column":10},"end":{"line":102,"column":56}},"41":{"start":{"line":103,"column":15},"end":{"line":107,"column":9}},"42":{"start":{"line":104,"column":10},"end":{"line":104,"column":62}},"43":{"start":{"line":105,"column":15},"end":{"line":107,"column":9}},"44":{"start":{"line":106,"column":10},"end":{"line":106,"column":57}},"45":{"start":{"line":111,"column":26},"end":{"line":111,"column":43}},"46":{"start":{"line":112,"column":4},"end":{"line":125,"column":5}},"47":{"start":{"line":113,"column":6},"end":{"line":113,"column":52}},"48":{"start":{"line":114,"column":11},"end":{"line":125,"column":5}},"49":{"start":{"line":115,"column":6},"end":{"line":115,"column":58}},"50":{"start":{"line":117,"column":6},"end":{"line":124,"column":7}},"51":{"start":{"line":117,"column":19},"end":{"line":117,"column":36}},"52":{"start":{"line":118,"column":30},"end":{"line":118,"column":36}},"53":{"start":{"line":119,"column":8},"end":{"line":123,"column":9}},"54":{"start":{"line":120,"column":10},"end":{"line":120,"column":56}},"55":{"start":{"line":121,"column":15},"end":{"line":123,"column":9}},"56":{"start":{"line":122,"column":10},"end":{"line":122,"column":62}},"57":{"start":{"line":128,"column":2},"end":{"line":128,"column":13}},"58":{"start":{"line":137,"column":2},"end":{"line":169,"column":3}},"59":{"start":{"line":138,"column":4},"end":{"line":138,"column":38}},"60":{"start":{"line":140,"column":4},"end":{"line":168,"column":5}},"61":{"start":{"line":141,"column":25},"end":{"line":141,"column":49}},"62":{"start":{"line":142,"column":6},"end":{"line":159,"column":7}},"63":{"start":{"line":142,"column":38},"end":{"line":142,"column":47}},"64":{"start":{"line":143,"column":8},"end":{"line":143,"column":80}},"65":{"start":{"line":145,"column":21},"end":{"line":145,"column":37}},"66":{"start":{"line":146,"column":8},"end":{"line":158,"column":9}},"67":{"start":{"line":147,"column":34},"end":{"line":147,"column":89}},"68":{"start":{"line":148,"column":10},"end":{"line":149,"column":78}},"69":{"start":{"line":151,"column":34},"end":{"line":155,"column":11}},"70":{"start":{"line":156,"column":10},"end":{"line":157,"column":78}},"71":{"start":{"line":161,"column":6},"end":{"line":167,"column":7}},"72":{"start":{"line":162,"column":8},"end":{"line":162,"column":80}},"73":{"start":{"line":164,"column":32},"end":{"line":164,"column":74}},"74":{"start":{"line":165,"column":8},"end":{"line":166,"column":76}}},"fnMap":{"0":{"name":"createChildrenManager","decl":{"start":{"line":4,"column":16},"end":{"line":4,"column":37}},"loc":{"start":{"line":4,"column":60},"end":{"line":13,"column":1}},"line":4},"1":{"name":"setCreatedChild","decl":{"start":{"line":15,"column":16},"end":{"line":15,"column":31}},"loc":{"start":{"line":20,"column":8},"end":{"line":24,"column":1}},"line":20},"2":{"name":"setCreatedFragment","decl":{"start":{"line":26,"column":16},"end":{"line":26,"column":34}},"loc":{"start":{"line":31,"column":8},"end":{"line":34,"column":1}},"line":31},"3":{"name":"createEmptyFragment","decl":{"start":{"line":36,"column":16},"end":{"line":36,"column":35}},"loc":{"start":{"line":40,"column":8},"end":{"line":48,"column":1}},"line":40},"4":{"name":"removeCreatedChild","decl":{"start":{"line":50,"column":16},"end":{"line":50,"column":34}},"loc":{"start":{"line":54,"column":8},"end":{"line":62,"column":1}},"line":54},"5":{"name":"removeCreatedFragment","decl":{"start":{"line":64,"column":16},"end":{"line":64,"column":37}},"loc":{"start":{"line":68,"column":8},"end":{"line":73,"column":1}},"line":68},"6":{"name":"getPreviousSibling","decl":{"start":{"line":75,"column":16},"end":{"line":75,"column":34}},"loc":{"start":{"line":79,"column":13},"end":{"line":129,"column":1}},"line":79},"7":{"name":"(anonymous_7)","decl":{"start":{"line":80,"column":41},"end":{"line":80,"column":42}},"loc":{"start":{"line":80,"column":58},"end":{"line":84,"column":3}},"line":80},"8":{"name":"setFragmentAppendModeData","decl":{"start":{"line":131,"column":16},"end":{"line":131,"column":41}},"loc":{"start":{"line":136,"column":8},"end":{"line":170,"column":1}},"line":136},"9":{"name":"(anonymous_9)","decl":{"start":{"line":142,"column":33},"end":{"line":142,"column":34}},"loc":{"start":{"line":142,"column":38},"end":{"line":142,"column":47}},"line":142}},"branchMap":{"0":{"loc":{"start":{"line":21,"column":2},"end":{"line":21,"column":46}},"type":"if","locations":[{"start":{"line":21,"column":2},"end":{"line":21,"column":46}},{"start":{"line":21,"column":2},"end":{"line":21,"column":46}}],"line":21},"1":{"loc":{"start":{"line":23,"column":2},"end":{"line":23,"column":56}},"type":"if","locations":[{"start":{"line":23,"column":2},"end":{"line":23,"column":56}},{"start":{"line":23,"column":2},"end":{"line":23,"column":56}}],"line":23},"2":{"loc":{"start":{"line":33,"column":2},"end":{"line":33,"column":56}},"type":"if","locations":[{"start":{"line":33,"column":2},"end":{"line":33,"column":56}},{"start":{"line":33,"column":2},"end":{"line":33,"column":56}}],"line":33},"3":{"loc":{"start":{"line":47,"column":2},"end":{"line":47,"column":56}},"type":"if","locations":[{"start":{"line":47,"column":2},"end":{"line":47,"column":56}},{"start":{"line":47,"column":2},"end":{"line":47,"column":56}}],"line":47},"4":{"loc":{"start":{"line":55,"column":2},"end":{"line":58,"column":3}},"type":"if","locations":[{"start":{"line":55,"column":2},"end":{"line":58,"column":3}},{"start":{"line":55,"column":2},"end":{"line":58,"column":3}}],"line":55},"5":{"loc":{"start":{"line":59,"column":2},"end":{"line":61,"column":3}},"type":"if","locations":[{"start":{"line":59,"column":2},"end":{"line":61,"column":3}},{"start":{"line":59,"column":2},"end":{"line":61,"column":3}}],"line":59},"6":{"loc":{"start":{"line":69,"column":2},"end":{"line":69,"column":77}},"type":"if","locations":[{"start":{"line":69,"column":2},"end":{"line":69,"column":77}},{"start":{"line":69,"column":2},"end":{"line":69,"column":77}}],"line":69},"7":{"loc":{"start":{"line":70,"column":2},"end":{"line":72,"column":3}},"type":"if","locations":[{"start":{"line":70,"column":2},"end":{"line":72,"column":3}},{"start":{"line":70,"column":2},"end":{"line":72,"column":3}}],"line":70},"8":{"loc":{"start":{"line":78,"column":2},"end":{"line":78,"column":19}},"type":"default-arg","locations":[{"start":{"line":78,"column":14},"end":{"line":78,"column":19}}],"line":78},"9":{"loc":{"start":{"line":86,"column":2},"end":{"line":126,"column":3}},"type":"if","locations":[{"start":{"line":86,"column":2},"end":{"line":126,"column":3}},{"start":{"line":86,"column":2},"end":{"line":126,"column":3}}],"line":86},"10":{"loc":{"start":{"line":90,"column":44},"end":{"line":90,"column":89}},"type":"cond-expr","locations":[{"start":{"line":90,"column":56},"end":{"line":90,"column":69}},{"start":{"line":90,"column":72},"end":{"line":90,"column":89}}],"line":90},"11":{"loc":{"start":{"line":92,"column":4},"end":{"line":109,"column":5}},"type":"if","locations":[{"start":{"line":92,"column":4},"end":{"line":109,"column":5}},{"start":{"line":92,"column":4},"end":{"line":109,"column":5}}],"line":92},"12":{"loc":{"start":{"line":92,"column":8},"end":{"line":92,"column":41}},"type":"binary-expr","locations":[{"start":{"line":92,"column":8},"end":{"line":92,"column":18}},{"start":{"line":92,"column":22},"end":{"line":92,"column":41}}],"line":92},"13":{"loc":{"start":{"line":94,"column":11},"end":{"line":109,"column":5}},"type":"if","locations":[{"start":{"line":94,"column":11},"end":{"line":109,"column":5}},{"start":{"line":94,"column":11},"end":{"line":109,"column":5}}],"line":94},"14":{"loc":{"start":{"line":96,"column":11},"end":{"line":109,"column":5}},"type":"if","locations":[{"start":{"line":96,"column":11},"end":{"line":109,"column":5}},{"start":{"line":96,"column":11},"end":{"line":109,"column":5}}],"line":96},"15":{"loc":{"start":{"line":99,"column":19},"end":{"line":99,"column":68}},"type":"cond-expr","locations":[{"start":{"line":99,"column":31},"end":{"line":99,"column":48}},{"start":{"line":99,"column":51},"end":{"line":99,"column":68}}],"line":99},"16":{"loc":{"start":{"line":101,"column":8},"end":{"line":107,"column":9}},"type":"if","locations":[{"start":{"line":101,"column":8},"end":{"line":107,"column":9}},{"start":{"line":101,"column":8},"end":{"line":107,"column":9}}],"line":101},"17":{"loc":{"start":{"line":103,"column":15},"end":{"line":107,"column":9}},"type":"if","locations":[{"start":{"line":103,"column":15},"end":{"line":107,"column":9}},{"start":{"line":103,"column":15},"end":{"line":107,"column":9}}],"line":103},"18":{"loc":{"start":{"line":105,"column":15},"end":{"line":107,"column":9}},"type":"if","locations":[{"start":{"line":105,"column":15},"end":{"line":107,"column":9}},{"start":{"line":105,"column":15},"end":{"line":107,"column":9}}],"line":105},"19":{"loc":{"start":{"line":112,"column":4},"end":{"line":125,"column":5}},"type":"if","locations":[{"start":{"line":112,"column":4},"end":{"line":125,"column":5}},{"start":{"line":112,"column":4},"end":{"line":125,"column":5}}],"line":112},"20":{"loc":{"start":{"line":114,"column":11},"end":{"line":125,"column":5}},"type":"if","locations":[{"start":{"line":114,"column":11},"end":{"line":125,"column":5}},{"start":{"line":114,"column":11},"end":{"line":125,"column":5}}],"line":114},"21":{"loc":{"start":{"line":119,"column":8},"end":{"line":123,"column":9}},"type":"if","locations":[{"start":{"line":119,"column":8},"end":{"line":123,"column":9}},{"start":{"line":119,"column":8},"end":{"line":123,"column":9}}],"line":119},"22":{"loc":{"start":{"line":121,"column":15},"end":{"line":123,"column":9}},"type":"if","locations":[{"start":{"line":121,"column":15},"end":{"line":123,"column":9}},{"start":{"line":121,"column":15},"end":{"line":123,"column":9}}],"line":121},"23":{"loc":{"start":{"line":137,"column":2},"end":{"line":169,"column":3}},"type":"if","locations":[{"start":{"line":137,"column":2},"end":{"line":169,"column":3}},{"start":{"line":137,"column":2},"end":{"line":169,"column":3}}],"line":137},"24":{"loc":{"start":{"line":140,"column":4},"end":{"line":168,"column":5}},"type":"if","locations":[{"start":{"line":140,"column":4},"end":{"line":168,"column":5}},{"start":{"line":140,"column":4},"end":{"line":168,"column":5}}],"line":140},"25":{"loc":{"start":{"line":142,"column":6},"end":{"line":159,"column":7}},"type":"if","locations":[{"start":{"line":142,"column":6},"end":{"line":159,"column":7}},{"start":{"line":142,"column":6},"end":{"line":159,"column":7}}],"line":142},"26":{"loc":{"start":{"line":146,"column":8},"end":{"line":158,"column":9}},"type":"if","locations":[{"start":{"line":146,"column":8},"end":{"line":158,"column":9}},{"start":{"line":146,"column":8},"end":{"line":158,"column":9}}],"line":146},"27":{"loc":{"start":{"line":149,"column":12},"end":{"line":149,"column":78}},"type":"binary-expr","locations":[{"start":{"line":149,"column":12},"end":{"line":149,"column":27}},{"start":{"line":149,"column":32},"end":{"line":149,"column":77}}],"line":149},"28":{"loc":{"start":{"line":157,"column":12},"end":{"line":157,"column":78}},"type":"binary-expr","locations":[{"start":{"line":157,"column":12},"end":{"line":157,"column":27}},{"start":{"line":157,"column":32},"end":{"line":157,"column":77}}],"line":157},"29":{"loc":{"start":{"line":161,"column":6},"end":{"line":167,"column":7}},"type":"if","locations":[{"start":{"line":161,"column":6},"end":{"line":167,"column":7}},{"start":{"line":161,"column":6},"end":{"line":167,"column":7}}],"line":161},"30":{"loc":{"start":{"line":166,"column":10},"end":{"line":166,"column":76}},"type":"binary-expr","locations":[{"start":{"line":166,"column":10},"end":{"line":166,"column":25}},{"start":{"line":166,"column":30},"end":{"line":166,"column":75}}],"line":166}},"s":{"0":75,"1":331,"2":252,"3":331,"4":331,"5":117,"6":13,"7":13,"8":6,"9":42,"10":42,"11":1,"12":59,"13":58,"14":58,"15":58,"16":32,"17":12,"18":12,"19":12,"20":6,"21":200,"22":8,"23":8,"24":8,"25":200,"26":122,"27":122,"28":122,"29":122,"30":122,"31":18,"32":104,"33":89,"34":15,"35":2,"36":13,"37":13,"38":21,"39":21,"40":10,"41":11,"42":0,"43":11,"44":3,"45":78,"46":78,"47":59,"48":19,"49":6,"50":13,"51":13,"52":13,"53":13,"54":9,"55":4,"56":0,"57":4,"58":6,"59":0,"60":6,"61":0,"62":0,"63":0,"64":0,"65":0,"66":0,"67":0,"68":0,"69":0,"70":0,"71":6,"72":0,"73":6,"74":6},"f":{"0":75,"1":331,"2":13,"3":42,"4":59,"5":12,"6":200,"7":8,"8":6,"9":0},"b":{"0":[252,79],"1":[117,214],"2":[6,7],"3":[1,41],"4":[58,0],"5":[32,26],"6":[12,0],"7":[6,6],"8":[192],"9":[122,78],"10":[8,114],"11":[18,104],"12":[122,114],"13":[89,15],"14":[2,13],"15":[2,11],"16":[10,11],"17":[0,11],"18":[3,8],"19":[59,19],"20":[6,13],"21":[9,4],"22":[0,4],"23":[0,6],"24":[0,6],"25":[0,0],"26":[0,0],"27":[0,0],"28":[0,0],"29":[0,6],"30":[6,6]},"_coverageSchema":"1a1c01bbd47fc00a2c39e90264f33305004495a9","hash":"b07090aa1809fc8f787830694f385bd6d4de8e87"}
,"/Users/adamfilipek/Documents/GitHub/Atom-iQ/packages/core/src/reactive-virtual-dom/renderer/component.ts": {"path":"/Users/adamfilipek/Documents/GitHub/Atom-iQ/packages/core/src/reactive-virtual-dom/renderer/component.ts","statementMap":{"0":{"start":{"line":30,"column":2},"end":{"line":35,"column":23}},"1":{"start":{"line":37,"column":27},"end":{"line":41,"column":3}},"2":{"start":{"line":43,"column":25},"end":{"line":43,"column":100}},"3":{"start":{"line":45,"column":22},"end":{"line":58,"column":3}},"4":{"start":{"line":46,"column":4},"end":{"line":51,"column":5}},"5":{"start":{"line":52,"column":4},"end":{"line":57,"column":5}},"6":{"start":{"line":60,"column":2},"end":{"line":64,"column":3}},"7":{"start":{"line":61,"column":4},"end":{"line":61,"column":73}},"8":{"start":{"line":63,"column":4},"end":{"line":63,"column":31}},"9":{"start":{"line":71,"column":2},"end":{"line":79,"column":3}},"10":{"start":{"line":72,"column":4},"end":{"line":78,"column":5}},"11":{"start":{"line":73,"column":6},"end":{"line":75,"column":7}},"12":{"start":{"line":74,"column":8},"end":{"line":74,"column":50}},"13":{"start":{"line":77,"column":6},"end":{"line":77,"column":30}},"14":{"start":{"line":81,"column":2},"end":{"line":81,"column":14}}},"fnMap":{"0":{"name":"renderRvdComponent","decl":{"start":{"line":22,"column":16},"end":{"line":22,"column":34}},"loc":{"start":{"line":29,"column":8},"end":{"line":65,"column":1}},"line":29},"1":{"name":"(anonymous_1)","decl":{"start":{"line":45,"column":22},"end":{"line":45,"column":23}},"loc":{"start":{"line":45,"column":55},"end":{"line":58,"column":3}},"line":45},"2":{"name":"getChildWithParsedKeys","decl":{"start":{"line":67,"column":9},"end":{"line":67,"column":31}},"loc":{"start":{"line":70,"column":18},"end":{"line":82,"column":1}},"line":70}},"branchMap":{"0":{"loc":{"start":{"line":60,"column":2},"end":{"line":64,"column":3}},"type":"if","locations":[{"start":{"line":60,"column":2},"end":{"line":64,"column":3}},{"start":{"line":60,"column":2},"end":{"line":64,"column":3}}],"line":60},"1":{"loc":{"start":{"line":71,"column":2},"end":{"line":79,"column":3}},"type":"if","locations":[{"start":{"line":71,"column":2},"end":{"line":79,"column":3}},{"start":{"line":71,"column":2},"end":{"line":79,"column":3}}],"line":71},"2":{"loc":{"start":{"line":71,"column":6},"end":{"line":71,"column":54}},"type":"binary-expr","locations":[{"start":{"line":71,"column":6},"end":{"line":71,"column":34}},{"start":{"line":71,"column":38},"end":{"line":71,"column":54}}],"line":71},"3":{"loc":{"start":{"line":72,"column":4},"end":{"line":78,"column":5}},"type":"if","locations":[{"start":{"line":72,"column":4},"end":{"line":78,"column":5}},{"start":{"line":72,"column":4},"end":{"line":78,"column":5}}],"line":72},"4":{"loc":{"start":{"line":73,"column":6},"end":{"line":75,"column":7}},"type":"if","locations":[{"start":{"line":73,"column":6},"end":{"line":75,"column":7}},{"start":{"line":73,"column":6},"end":{"line":75,"column":7}}],"line":73}},"s":{"0":8,"1":8,"2":8,"3":8,"4":8,"5":8,"6":8,"7":1,"8":7,"9":8,"10":3,"11":2,"12":1,"13":1,"14":8},"f":{"0":8,"1":8,"2":8},"b":{"0":[1,7],"1":[3,5],"2":[8,3],"3":[2,1],"4":[1,1]},"_coverageSchema":"1a1c01bbd47fc00a2c39e90264f33305004495a9","hash":"12ce848d20b723b81f5c6630ee051dc3f0c57805"}
,"/Users/adamfilipek/Documents/GitHub/Atom-iQ/packages/core/src/reactive-virtual-dom/renderer/dom-renderer.ts": {"path":"/Users/adamfilipek/Documents/GitHub/Atom-iQ/packages/core/src/reactive-virtual-dom/renderer/dom-renderer.ts","statementMap":{"0":{"start":{"line":14,"column":2},"end":{"line":35,"column":3}},"1":{"start":{"line":16,"column":4},"end":{"line":16,"column":43}},"2":{"start":{"line":17,"column":9},"end":{"line":35,"column":3}},"3":{"start":{"line":18,"column":4},"end":{"line":22,"column":5}},"4":{"start":{"line":19,"column":6},"end":{"line":19,"column":75}},"5":{"start":{"line":21,"column":6},"end":{"line":21,"column":45}},"6":{"start":{"line":27,"column":28},"end":{"line":27,"column":67}},"7":{"start":{"line":28,"column":4},"end":{"line":34,"column":5}},"8":{"start":{"line":29,"column":6},"end":{"line":29,"column":72}},"9":{"start":{"line":30,"column":11},"end":{"line":34,"column":5}},"10":{"start":{"line":31,"column":6},"end":{"line":31,"column":75}},"11":{"start":{"line":33,"column":6},"end":{"line":33,"column":45}},"12":{"start":{"line":48,"column":4},"end":{"line":48,"column":99}},"13":{"start":{"line":50,"column":18},"end":{"line":50,"column":42}},"14":{"start":{"line":52,"column":2},"end":{"line":73,"column":3}},"15":{"start":{"line":52,"column":15},"end":{"line":52,"column":16}},"16":{"start":{"line":53,"column":4},"end":{"line":72,"column":5}},"17":{"start":{"line":54,"column":20},"end":{"line":54,"column":48}},"18":{"start":{"line":55,"column":6},"end":{"line":55,"column":46}},"19":{"start":{"line":56,"column":6},"end":{"line":60,"column":7}},"20":{"start":{"line":57,"column":8},"end":{"line":57,"column":49}},"21":{"start":{"line":59,"column":8},"end":{"line":59,"column":26}},"22":{"start":{"line":61,"column":6},"end":{"line":61,"column":46}},"23":{"start":{"line":62,"column":11},"end":{"line":72,"column":5}},"24":{"start":{"line":63,"column":6},"end":{"line":71,"column":7}},"25":{"start":{"line":75,"column":2},"end":{"line":75,"column":80}},"26":{"start":{"line":75,"column":22},"end":{"line":75,"column":80}},"27":{"start":{"line":76,"column":2},"end":{"line":76,"column":63}},"28":{"start":{"line":84,"column":2},"end":{"line":93,"column":3}},"29":{"start":{"line":85,"column":4},"end":{"line":89,"column":5}},"30":{"start":{"line":86,"column":6},"end":{"line":86,"column":46}},"31":{"start":{"line":88,"column":6},"end":{"line":88,"column":38}},"32":{"start":{"line":92,"column":5},"end":{"line":92,"column":51}}},"fnMap":{"0":{"name":"renderChildInIndexPosition","decl":{"start":{"line":6,"column":16},"end":{"line":6,"column":42}},"loc":{"start":{"line":12,"column":8},"end":{"line":36,"column":1}},"line":12},"1":{"name":"removeExistingFragment","decl":{"start":{"line":38,"column":16},"end":{"line":38,"column":38}},"loc":{"start":{"line":46,"column":8},"end":{"line":77,"column":1}},"line":46},"2":{"name":"setClassName","decl":{"start":{"line":79,"column":16},"end":{"line":79,"column":28}},"loc":{"start":{"line":83,"column":8},"end":{"line":94,"column":1}},"line":83}},"branchMap":{"0":{"loc":{"start":{"line":14,"column":2},"end":{"line":35,"column":3}},"type":"if","locations":[{"start":{"line":14,"column":2},"end":{"line":35,"column":3}},{"start":{"line":14,"column":2},"end":{"line":35,"column":3}}],"line":14},"1":{"loc":{"start":{"line":14,"column":6},"end":{"line":14,"column":42}},"type":"binary-expr","locations":[{"start":{"line":14,"column":6},"end":{"line":14,"column":20}},{"start":{"line":14,"column":24},"end":{"line":14,"column":42}}],"line":14},"2":{"loc":{"start":{"line":17,"column":9},"end":{"line":35,"column":3}},"type":"if","locations":[{"start":{"line":17,"column":9},"end":{"line":35,"column":3}},{"start":{"line":17,"column":9},"end":{"line":35,"column":3}}],"line":17},"3":{"loc":{"start":{"line":17,"column":13},"end":{"line":17,"column":54}},"type":"binary-expr","locations":[{"start":{"line":17,"column":13},"end":{"line":17,"column":28}},{"start":{"line":17,"column":32},"end":{"line":17,"column":54}}],"line":17},"4":{"loc":{"start":{"line":18,"column":4},"end":{"line":22,"column":5}},"type":"if","locations":[{"start":{"line":18,"column":4},"end":{"line":22,"column":5}},{"start":{"line":18,"column":4},"end":{"line":22,"column":5}}],"line":18},"5":{"loc":{"start":{"line":28,"column":4},"end":{"line":34,"column":5}},"type":"if","locations":[{"start":{"line":28,"column":4},"end":{"line":34,"column":5}},{"start":{"line":28,"column":4},"end":{"line":34,"column":5}}],"line":28},"6":{"loc":{"start":{"line":30,"column":11},"end":{"line":34,"column":5}},"type":"if","locations":[{"start":{"line":30,"column":11},"end":{"line":34,"column":5}},{"start":{"line":30,"column":11},"end":{"line":34,"column":5}}],"line":30},"7":{"loc":{"start":{"line":48,"column":4},"end":{"line":48,"column":99}},"type":"cond-expr","locations":[{"start":{"line":48,"column":23},"end":{"line":48,"column":28}},{"start":{"line":48,"column":31},"end":{"line":48,"column":99}}],"line":48},"8":{"loc":{"start":{"line":48,"column":34},"end":{"line":48,"column":98}},"type":"binary-expr","locations":[{"start":{"line":48,"column":34},"end":{"line":48,"column":41}},{"start":{"line":48,"column":45},"end":{"line":48,"column":65}},{"start":{"line":48,"column":69},"end":{"line":48,"column":98}}],"line":48},"9":{"loc":{"start":{"line":53,"column":4},"end":{"line":72,"column":5}},"type":"if","locations":[{"start":{"line":53,"column":4},"end":{"line":72,"column":5}},{"start":{"line":53,"column":4},"end":{"line":72,"column":5}}],"line":53},"10":{"loc":{"start":{"line":56,"column":6},"end":{"line":60,"column":7}},"type":"if","locations":[{"start":{"line":56,"column":6},"end":{"line":60,"column":7}},{"start":{"line":56,"column":6},"end":{"line":60,"column":7}}],"line":56},"11":{"loc":{"start":{"line":62,"column":11},"end":{"line":72,"column":5}},"type":"if","locations":[{"start":{"line":62,"column":11},"end":{"line":72,"column":5}},{"start":{"line":62,"column":11},"end":{"line":72,"column":5}}],"line":62},"12":{"loc":{"start":{"line":75,"column":2},"end":{"line":75,"column":80}},"type":"if","locations":[{"start":{"line":75,"column":2},"end":{"line":75,"column":80}},{"start":{"line":75,"column":2},"end":{"line":75,"column":80}}],"line":75},"13":{"loc":{"start":{"line":84,"column":2},"end":{"line":93,"column":3}},"type":"if","locations":[{"start":{"line":84,"column":2},"end":{"line":93,"column":3}},{"start":{"line":84,"column":2},"end":{"line":93,"column":3}}],"line":84},"14":{"loc":{"start":{"line":85,"column":4},"end":{"line":89,"column":5}},"type":"if","locations":[{"start":{"line":85,"column":4},"end":{"line":89,"column":5}},{"start":{"line":85,"column":4},"end":{"line":89,"column":5}}],"line":85}},"s":{"0":246,"1":63,"2":183,"3":18,"4":18,"5":0,"6":165,"7":165,"8":4,"9":161,"10":53,"11":108,"12":7,"13":7,"14":7,"15":7,"16":21,"17":21,"18":21,"19":21,"20":4,"21":17,"22":21,"23":0,"24":0,"25":7,"26":1,"27":7,"28":66,"29":1,"30":1,"31":0,"32":65},"f":{"0":246,"1":7,"2":66},"b":{"0":[63,183],"1":[246,214],"2":[18,165],"3":[183,18],"4":[18,0],"5":[4,161],"6":[53,108],"7":[0,7],"8":[7,3,2],"9":[21,0],"10":[4,17],"11":[0,0],"12":[1,6],"13":[1,65],"14":[1,0]},"_coverageSchema":"1a1c01bbd47fc00a2c39e90264f33305004495a9","hash":"f3d3d36b9de47b3fc8173d207a04c9c87e6bcb3d"}
,"/Users/adamfilipek/Documents/GitHub/Atom-iQ/packages/core/src/reactive-virtual-dom/renderer/element.ts": {"path":"/Users/adamfilipek/Documents/GitHub/Atom-iQ/packages/core/src/reactive-virtual-dom/renderer/element.ts","statementMap":{"0":{"start":{"line":45,"column":16},"end":{"line":45,"column":59}},"1":{"start":{"line":46,"column":18},"end":{"line":46,"column":58}},"2":{"start":{"line":47,"column":30},"end":{"line":47,"column":48}},"3":{"start":{"line":48,"column":2},"end":{"line":48,"column":94}},"4":{"start":{"line":49,"column":20},"end":{"line":49,"column":40}},"5":{"start":{"line":50,"column":21},"end":{"line":50,"column":42}},"6":{"start":{"line":51,"column":19},"end":{"line":51,"column":38}},"7":{"start":{"line":53,"column":2},"end":{"line":64,"column":3}},"8":{"start":{"line":54,"column":27},"end":{"line":54,"column":29}},"9":{"start":{"line":55,"column":4},"end":{"line":61,"column":5}},"10":{"start":{"line":57,"column":8},"end":{"line":59,"column":9}},"11":{"start":{"line":58,"column":10},"end":{"line":58,"column":70}},"12":{"start":{"line":62,"column":9},"end":{"line":64,"column":3}},"13":{"start":{"line":63,"column":4},"end":{"line":63,"column":43}},"14":{"start":{"line":66,"column":2},"end":{"line":83,"column":3}},"15":{"start":{"line":67,"column":40},"end":{"line":67,"column":63}},"16":{"start":{"line":69,"column":21},"end":{"line":69,"column":77}},"17":{"start":{"line":70,"column":4},"end":{"line":81,"column":5}},"18":{"start":{"line":71,"column":6},"end":{"line":76,"column":7}},"19":{"start":{"line":73,"column":8},"end":{"line":73,"column":38}},"20":{"start":{"line":75,"column":8},"end":{"line":75,"column":92}},"21":{"start":{"line":78,"column":6},"end":{"line":80,"column":7}},"22":{"start":{"line":78,"column":19},"end":{"line":78,"column":20}},"23":{"start":{"line":79,"column":8},"end":{"line":79,"column":98}},"24":{"start":{"line":82,"column":4},"end":{"line":82,"column":26}},"25":{"start":{"line":86,"column":2},"end":{"line":86,"column":46}},"26":{"start":{"line":88,"column":2},"end":{"line":90,"column":3}},"27":{"start":{"line":89,"column":4},"end":{"line":89,"column":72}},"28":{"start":{"line":125,"column":27},"end":{"line":125,"column":45}},"29":{"start":{"line":130,"column":2},"end":{"line":138,"column":3}},"30":{"start":{"line":143,"column":2},"end":{"line":143,"column":25}},"31":{"start":{"line":173,"column":4},"end":{"line":181,"column":5}},"32":{"start":{"line":184,"column":2},"end":{"line":193,"column":3}},"33":{"start":{"line":186,"column":4},"end":{"line":190,"column":5}},"34":{"start":{"line":188,"column":8},"end":{"line":188,"column":70}},"35":{"start":{"line":188,"column":38},"end":{"line":188,"column":70}},"36":{"start":{"line":192,"column":4},"end":{"line":192,"column":35}},"37":{"start":{"line":221,"column":
[...]
,"/Users/adamfilipek/Documents/GitHub/Atom-iQ/packages/core/src/reactive-virtual-dom/renderer/utils/dom.ts": {"path":"/Users/adamfilipek/Documents/GitHub/Atom-iQ/packages/core/src/reactive-virtual-dom/renderer/utils/dom.ts","statementMap":{"0":{"start":{"line":4,"column":2},"end":{"line":6,"column":3}},"1":{"start":{"line":5,"column":4},"end":{"line":5,"column":70}},"2":{"start":{"line":8,"column":2},"end":{"line":8,"column":36}},"3":{"start":{"line":12,"column":2},"end":{"line":12,"column":53}}},"fnMap":{"0":{"name":"createDomElement","decl":{"start":{"line":3,"column":16},"end":{"line":3,"column":32}},"loc":{"start":{"line":3,"column":99},"end":{"line":9,"column":1}},"line":3},"1":{"name":"createTextNode","decl":{"start":{"line":11,"column":16},"end":{"line":11,"column":30}},"loc":{"start":{"line":11,"column":70},"end":{"line":13,"column":1}},"line":11}},"branchMap":{"0":{"loc":{"start":{"line":3,"column":58},"end":{"line":3,"column":71}},"type":"default-arg","locations":[{"start":{"line":3,"column":66},"end":{"line":3,"column":71}}],"line":3},"1":{"loc":{"start":{"line":4,"column":2},"end":{"line":6,"column":3}},"type":"if","locations":[{"start":{"line":4,"column":2},"end":{"line":6,"column":3}},{"start":{"line":4,"column":2},"end":{"line":6,"column":3}}],"line":4}},"s":{"0":488,"1":5,"2":483,"3":42},"f":{"0":488,"1":42},"b":{"0":[3],"1":[5,483]},"_coverageSchema":"1a1c01bbd47fc00a2c39e90264f33305004495a9","hash":"2b2048b576b4291156cbf213792f1628574ab66a"}
,"/Users/adamfilipek/Documents/GitHub/Atom-iQ/packages/core/src/reactive-virtual-dom/renderer/utils/fragment.ts": {"path":"/Users/adamfilipek/Documents/GitHub/Atom-iQ/packages/core/src/reactive-virtual-dom/renderer/utils/fragment.ts","statementMap":{"0":{"start":{"line":6,"column":39},"end":{"line":14,"column":2}},"1":{"start":{"line":6,"column":83},"end":{"line":14,"column":1}}},"fnMap":{"0":{"name":"(anonymous_0)","decl":{"start":{"line":6,"column":39},"end":{"line":6,"column":40}},"loc":{"start":{"line":6,"column":83},"end":{"line":14,"column":1}},"line":6}},"branchMap":{"0":{"loc":{"start":{"line":11,"column":4},"end":{"line":13,"column":48}},"type":"cond-expr","locations":[{"start":{"line":12,"column":8},"end":{"line":12,"column":43}},{"start":{"line":13,"column":8},"end":{"line":13,"column":48}}],"line":11}},"s":{"0":27,"1":6},"f":{"0":6},"b":{"0":[1,5]},"_coverageSchema":"1a1c01bbd47fc00a2c39e90264f33305004495a9","hash":"d6e3541aed26fa98aec493c203d3ee99588fb5c8"}
,"/Users/adamfilipek/Documents/GitHub/Atom-iQ/packages/core/src/reactive-virtual-dom/renderer/utils/index.ts": {"path":"/Users/adamfilipek/Documents/GitHub/Atom-iQ/packages/core/src/reactive-virtual-dom/renderer/utils/index.ts","statementMap":{},"fnMap":{},"branchMap":{},"s":{},"f":{},"b":{},"_coverageSchema":"1a1c01bbd47fc00a2c39e90264f33305004495a9","hash":"7e28ee2d0db3b78b37fbaf61fe2aa3cc7a7ed4a4"}
,"/Users/adamfilipek/Documents/GitHub/Atom-iQ/packages/core/src/reactive-virtual-dom/renderer/utils/observable.ts": {"path":"/Users/adamfilipek/Documents/GitHub/Atom-iQ/packages/core/src/reactive-virtual-dom/renderer/utils/observable.ts","statementMap":{"0":{"start":{"line":9,"column":2},"end":{"line":11,"column":3}},"1":{"start":{"line":10,"column":4},"end":{"line":10,"column":38}}},"fnMap":{"0":{"name":"unsubscribe","decl":{"start":{"line":8,"column":16},"end":{"line":8,"column":27}},"loc":{"start":{"line":8,"column":54},"end":{"line":12,"column":1}},"line":8}},"branchMap":{"0":{"loc":{"start":{"line":9,"column":2},"end":{"line":11,"column":3}},"type":"if","locations":[{"start":{"line":9,"column":2},"end":{"line":11,"column":3}},{"start":{"line":9,"column":2},"end":{"line":11,"column":3}}],"line":9}},"s":{"0":46,"1":13},"f":{"0":46},"b":{"0":[13,33]},"_coverageSchema":"1a1c01bbd47fc00a2c39e90264f33305004495a9","hash":"59d1636efe5ca74bd48269a15d3f9b6652b4517a"}
,"/Users/adamfilipek/Documents/GitHub/Atom-iQ/packages/core/src/shared/constants.ts": {"path":"/Users/adamfilipek/Documents/GitHub/Atom-iQ/packages/core/src/shared/constants.ts","statementMap":{"0":{"start":{"line":6,"column":46},"end":{"line":6,"column":51}}},"fnMap":{},"branchMap":{},"s":{"0":32},"f":{},"b":{},"_coverageSchema":"1a1c01bbd47fc00a2c39e90264f33305004495a9","hash":"32030ef8889091f58cac5c355e6fbb480b3d10ca"}
,"/Users/adamfilipek/Documents/GitHub/Atom-iQ/packages/core/src/shared/flags.ts": {"path":"/Users/adamfilipek/Documents/GitHub/Atom-iQ/packages/core/src/shared/flags.ts","statementMap":{},"fnMap":{},"branchMap":{},"s":{},"f":{},"b":{},"_coverageSchema":"1a1c01bbd47fc00a2c39e90264f33305004495a9","hash":"39f5abaeee26ce86f3f9cda1f1149eb6993320b2"}
,"/Users/adamfilipek/Documents/GitHub/Atom-iQ/packages/core/src/shared/index.ts": {"path":"/Users/adamfilipek/Documents/GitHub/Atom-iQ/packages/core/src/shared/index.ts","statementMap":{},"fnMap":{},"branchMap":{},"s":{},"f":{},"b":{},"_coverageSchema":"1a1c01bbd47fc00a2c39e90264f33305004495a9","hash":"2b916f4b33b27b09a5e597caa6d09a7435e4e12c"}
,"/Users/adamfilipek/Documents/GitHub/Atom-iQ/packages/core/src/shared/utils.ts": {"path":"/Users/adamfilipek/Documents/GitHub/Atom-iQ/packages/core/src/shared/utils.ts","statementMap":{"0":{"start":{"line":4,"column":23},"end":{"line":4,"column":36}},"1":{"start":{"line":7,"column":15},"end":{"line":7,"column":27}},"2":{"start":{"line":9,"column":2},"end":{"line":9,"column":47}},"3":{"start":{"line":13,"column":2},"end":{"line":13,"column":43}},"4":{"start":{"line":17,"column":2},"end":{"line":17,"column":36}},"5":{"start":{"line":21,"column":2},"end":{"line":21,"column":34}},"6":{"start":{"line":25,"column":2},"end":{"line":25,"column":42}},"7":{"start":{"line":29,"column":2},"end":{"line":31,"column":3}},"8":{"start":{"line":29,"column":15},"end":{"line":29,"column":16}},"9":{"start":{"line":30,"column":4},"end":{"line":30,"column":45}},"10":{"start":{"line":30,"column":33},"end":{"line":30,"column":45}},"11":{"start":{"line":32,"column":2},"end":{"line":32,"column":13}},"12":{"start":{"line":40,"column":15},"end":{"line":40,"column":22}},"13":{"start":{"line":41,"column":2},"end":{"line":41,"column":79}},"14":{"start":{"line":41,"column":15},"end":{"line":41,"column":16}},"15":{"start":{"line":41,"column":41},"end":{"line":41,"column":79}},"16":{"start":{"line":42,"column":2},"end":{"line":42,"column":15}}},"fnMap":{"0":{"name":"isStringOrNumber","decl":{"start":{"line":6,"column":16},"end":{"line":6,"column":32}},"loc":{"start":{"line":6,"column":75},"end":{"line":10,"column":1}},"line":6},"1":{"name":"isNullOrUndef","decl":{"start":{"line":12,"column":16},"end":{"line":12,"column":29}},"loc":{"start":{"line":12,"column":73},"end":{"line":14,"column":1}},"line":12},"2":{"name":"isFunction","decl":{"start":{"line":16,"column":16},"end":{"line":16,"column":26}},"loc":{"start":{"line":16,"column":85},"end":{"line":18,"column":1}},"line":16},"3":{"name":"isString","decl":{"start":{"line":20,"column":16},"end":{"line":20,"column":24}},"loc":{"start":{"line":20,"column":58},"end":{"line":22,"column":1}},"line":20},"4":{"name":"isBoolean","decl":{"start":{"line":24,"column":16},"end":{"line":24,"column":25}},"loc":{"start":{"line":24,"column":60},"end":{"line":26,"column":1}},"line":24},"5":{"name":"arrayEvery","decl":{"start":{"line":28,"column":16},"end":{"line":28,"column":26}},"loc":{"start":{"line":28,"column":99},"end":{"line":33,"column":1}},"line":28},"6":{"name":"arrayReduce","decl":{"start":{"line":35,"column":16},"end":{"line":35,"column":27}},"loc":{"start":{"line":39,"column":5},"end":{"line":43,"column":1}},"line":39}},"branchMap":{"0":{"loc":{"start":{"line":9,"column":9},"end":{"line":9,"column":47}},"type":"binary-expr","locations":[{"start":{"line":9,"column":9},"end":{"line":9,"column":26}},{"start":{"line":9,"column":30},"end":{"line":9,"column":47}}],"line":9},"1":{"loc":{"start":{"line":13,"column":9},"end":{"line":13,"column":43}},"type":"binary-expr","locations":[{"start":{"line":13,"column":9},"end":{"line":13,"column":25}},{"start":{"line":13,"column":29},"end":{"line":13,"column":43}}],"line":13},"2":{"loc":{"start":{"line":25,"column":9},"end":{"line":25,"column":42}},"type":"binary-expr","locations":[{"start":{"line":25,"column":9},"end":{"line":25,"column":23}},{"start":{"line":25,"column":27},"end":{"line":25,"column":42}}],"line":25},"3":{"loc":{"start":{"line":30,"column":4},"end":{"line":30,"column":45}},"type":"if","locations":[{"start":{"line":30,"column":4},"end":{"line":30,"column":45}},{"start":{"line":30,"column":4},"end":{"line":30,"column":45}}],"line":30}},"s":{"0":32,"1":8,"2":8,"3":196,"4":77,"5":36,"6":28,"7":0,"8":0,"9":0,"10":0,"11":0,"12":2,"13":2,"14":2,"15":20,"16":2},"f":{"0":8,"1":196,"2":77,"3":36,"4":28,"5":0,"6":2},"b":{"0":[8,3],"1":[196,146],"2":[28,27],"3":[0,0]},"_coverageSchema":"1a1c01bbd47fc00a2c39e90264f33305004495a9","hash":"3a4d98ec33db0ff2989cfa6659ccfad13d7f0e27"}
,"/Users/adamfilipek/Documents/GitHub/Atom-iQ/packages/core/src/shared/types/_global.ts": {"path":"/Users/adamfilipek/Documents/GitHub/Atom-iQ/packages/core/src/shared/types/_global.ts","statementMap":{},"fnMap":{},"branchMap":{},"s":{},"f":{},"b":{},"_coverageSchema":"1a1c01bbd47fc00a2c39e90264f33305004495a9","hash":"f96e615211bb66557e6d8752738a23aa8f972967"}
,"/Users/adamfilipek/Documents/GitHub/Atom-iQ/packages/core/src/shared/types/index.ts": {"path":"/Users/adamfilipek/Documents/GitHub/Atom-iQ/packages/core/src/shared/types/index.ts","statementMap":{},"fnMap":{},"branchMap":{},"s":{},"f":{},"b":{},"_coverageSchema":"1a1c01bbd47fc00a2c39e90264f33305004495a9","hash":"242821cf3b84ced59f9db0e6736a29ffa0e07455"}
,"/Users/adamfilipek/Documents/GitHub/Atom-iQ/packages/core/src/shared/types/common/index.ts": {"path":"/Users/adamfilipek/Documents/GitHub/Atom-iQ/packages/core/src/shared/types/common/index.ts","statementMap":{},"fnMap":{},"branchMap":{},"s":{},"f":{},"b":{},"_coverageSchema":"1a1c01bbd47fc00a2c39e90264f33305004495a9","hash":"5ea7a9561c3addffc6a23686ea5eb7839e8f3711"}
,"/Users/adamfilipek/Documents/GitHub/Atom-iQ/packages/core/src/shared/types/component/state.ts": {"path":"/Users/adamfilipek/Documents/GitHub/Atom-iQ/packages/core/src/shared/types/component/state.ts","statementMap":{},"fnMap":{},"branchMap":{},"s":{},"f":{},"b":{},"_coverageSchema":"1a1c01bbd47fc00a2c39e90264f33305004495a9","hash":"24f97c27d4b6b55cfdf0ed7a2fc5b4de468d9e85"}
,"/Users/adamfilipek/Documents/GitHub/Atom-iQ/packages/core/src/shared/types/middleware/middleware.ts": {"path":"/Users/adamfilipek/Documents/GitHub/Atom-iQ/packages/core/src/shared/types/middleware/middleware.ts","statementMap":{},"fnMap":{},"branchMap":{},"s":{},"f":{},"b":{},"_coverageSchema":"1a1c01bbd47fc00a2c39e90264f33305004495a9","hash":"fd2943c18c2fedeb800f04b970081c17ec0a2647"}
,"/Users/adamfilipek/Documents/GitHub/Atom-iQ/packages/core/src/shared/types/reactive-event-delegation/events.ts": {"path":"/Users/adamfilipek/Documents/GitHub/Atom-iQ/packages/core/src/shared/types/reactive-event-delegation/events.ts","statementMap":{},"fnMap":{},"branchMap":{},"s":{},"f":{},"b":{},"_coverageSchema":"1a1c01bbd47fc00a2c39e90264f33305004495a9","hash":"c96d6deec928f520e24f8c1c79b662f51ef3df20"}
,"/Users/adamfilipek/Documents/GitHub/Atom-iQ/packages/core/src/shared/types/reactive-virtual-dom/css.ts": {"path":"/Users/adamfilipek/Documents/GitHub/Atom-iQ/packages/core/src/shared/types/reactive-virtual-dom/css.ts","statementMap":{},"fnMap":{},"branchMap":{},"s":{},"f":{},"b":{},"_coverageSchema":"1a1c01bbd47fc00a2c39e90264f33305004495a9","hash":"9746e418907a12ab158b90e35a836c2a817162c8"}
,"/Users/adamfilipek/Documents/GitHub/Atom-iQ/packages/core/src/shared/types/reactive-virtual-dom/render.ts": {"path":"/Users/adamfilipek/Documents/GitHub/Atom-iQ/packages/core/src/shared/types/reactive-virtual-dom/render.ts","statementMap":{},"fnMap":{},"branchMap":{},"s":{},"f":{},"b":{},"_coverageSchema":"1a1c01bbd47fc00a2c39e90264f33305004495a9","hash":"72985e718191b3687fe6992a272ae65f598545b5"}
,"/Users/adamfilipek/Documents/GitHub/Atom-iQ/packages/core/src/shared/types/reactive-virtual-dom/rv-dom.ts": {"path":"/Users/adamfilipek/Documents/GitHub/Atom-iQ/packages/core/src/shared/types/reactive-virtual-dom/rv-dom.ts","statementMap":{},"fnMap":{},"branchMap":{},"s":{},"f":{},"b":{},"_coverageSchema":"1a1c01bbd47fc00a2c39e90264f33305004495a9","hash":"45f716d64d5387bea31f20c926870d5e1e5dfb07"}
,"/Users/adamfilipek/Documents/GitHub/Atom-iQ/packages/core/test/utils.ts": {"path":"/Users/adamfilipek/Documents/GitHub/Atom-iQ/packages/core/test/utils.ts","statementMap":{"0":{"start":{"line":64,"column":76},"end":{"line":101,"column":1}},"1":{"start":{"line":65,"column":29},"end":{"line":79,"column":3}},"2":{"start":{"line":65,"column":65},"end":{"line":79,"column":3}},"3":{"start":{"line":66,"column":20},"end":{"line":66,"column":50}},"4":{"start":{"line":67,"column":4},"end":{"line":67,"column":78}},"5":{"start":{"line":69,"column":4},"end":{"line":78,"column":5}},"6":{"start":{"line":81,"column":32},"end":{"line":84,"column":3}},"7":{"start":{"line":81,"column":47},"end":{"line":84,"column":3}},"8":{"start":{"line":82,"column":27},"end":{"line":82,"column":93}},"9":{"start":{"line":83,"column":4},"end":{"line":83,"column":53}},"10":{"start":{"line":83,"column":22},"end":{"line":83,"column":52}},"11":{"start":{"line":86,"column":33},"end":{"line":98,"column":3}},"12":{"start":{"line":86,"column":60},"end":{"line":98,"column":3}},"13":{"start":{"line":87,"column":28},"end":{"line":87,"column":54}},"14":{"start":{"line":88,"column":28},"end":{"line":88,"column":70}},"15":{"start":{"line":89,"column":26},"end":{"line":89,"column":75}},"16":{"start":{"line":90,"column":16},"end":{"line":90,"column":53}},"17":{"start":{"line":91,"column":24},"end":{"line":91,"column":93}},"18":{"start":{"line":92,"column":27},"end":{"line":92,"column":80}},"19":{"start":{"line":94,"column":4},"end":{"line":97,"column":5}},"20":{"start":{"line":100,"column":2},"end":{"line":100,"column":62}},"21":{"start":{"line":103,"column":27},"end":{"line":103,"column":97}},"22":{"start":{"line":103,"column":49},"end":{"line":103,"column":97}},"23":{"start":{"line":107,"column":31},"end":{"line":111,"column":1}},"24":{"start":{"line":108,"column":13},"end":{"line":108,"column":61}},"25":{"start":{"line":109,"column":2},"end":{"line":109,"column":26}},"26":{"start":{"line":110,"column":2},"end":{"line":110,"column":11}},"27":{"start":{"line":113,"column":36},"end":{"line":119,"column":1}},"28":{"start":{"line":114,"column":21},"end":{"line":114,"column":69}},"29":{"start":{"line":115,"column":2},"end":{"line":115,"column":55}},"30":{"start":{"line":116,"column":2},"end":{"line":116,"column":47}},"31":{"start":{"line":117,"column":2},"end":{"line":117,"column":68}},"32":{"start":{"line":118,"column":2},"end":{"line":118,"column":19}},"33":{"start":{"line":131,"column":2},"end":{"line":140,"column":3}}},"fnMap":{"0":{"name":"(anonymous_0)","decl":{"start":{"line":64,"column":76},"end":{"line":64,"column":77}},"loc":{"start":{"line":64,"column":82},"end":{"line":101,"column":1}},"line":64},"1":{"name":"(anonymous_1)","decl":{"start":{"line":65,"column":29},"end":{"line":65,"column":30}},"loc":{"start":{"line":65,"column":65},"end":{"line":79,"column":3}},"line":65},"2":{"name":"(anonymous_2)","decl":{"start":{"line":65,"column":65},"end":{"line":65,"column":66}},"loc":{"start":{"line":65,"column":93},"end":{"line":79,"column":3}},"line":65},"3":{"name":"(anonymous_3)","decl":{"start":{"line":81,"column":32},"end":{"line":81,"column":33}},"loc":{"start":{"line":81,"column":47},"end":{"line":84,"column":3}},"line":81},"4":{"name":"(anonymous_4)","decl":{"start":{"line":81,"column":47},"end":{"line":81,"column":48}},"loc":{"start":{"line":81,"column":60},"end":{"line":84,"column":3}},"line":81},"5":{"name":"(anonymous_5)","decl":{"start":{"line":83,"column":17},"end":{"line":83,"column":18}},"loc":{"start":{"line":83,"column":22},"end":{"line":83,"column":52}},"line":83},"6":{"name":"(anonymous_6)","decl":{"start":{"line":86,"column":33},"end":{"line":86,"column":34}},"loc":{"start":{"line":86,"column":60},"end":{"line":98,"column":3}},"line":86},"7":{"name":"(anonymous_7)","decl":{"start":{"line":86,"column":60},"end":{"line":86,"column":61}},"loc":{"start":{"line":86,"column":82},"end":{"line":98,"column":3}},"line":86},"8":{"name":"(anonymous_8)","decl":{"start":{"line":103,"column":27},"end":{"line":103,"column":28}},"loc":{"start":{"line":103,"column":49},"end":{"line":103,"column":97}},"line":103},"9":{"name":"(anonymous_9)","decl":{"start":{"line":107,"column":31},"end":{"line":107,"column":32}},"loc":{"start":{"line":107,"column":70},"end":{"line":111,"column":1}},"line":107},"10":{"name":"(anonymous_10)","decl":{"start":{"line":113,"column":36},"end":{"line":113,"column":37}},"loc":{"start":{"line":113,"column":87},"end":{"line":119,"column":1}},"line":113},"11":{"name":"createRvdElement","decl":{"start":{"line":121,"column":16},"end":{"line":121,"column":32}},"loc":{"start":{"line":130,"column":18},"end":{"line":141,"column":1}},"line":130}},"branchMap":{"0":{"loc":{"start":{"line":82,"column":27},"end":{"line":82,"column":93}},"type":"cond-expr","locations":[{"start":{"line":82,"column":71},"end":{"line":82,"column":80}},{"start":{"line":82,"column":83},"end":{"line":82,"column":93}}],"line":82},"1":{"loc":{"start":{"line":86,"column":34},"end":{"line":86,"column":55}},"type":"default-arg","locations":[{"start":{"line":86,"column":50},"end":{"line":86,"column":55}}],"line":86},"2":{"loc":{"start":{"line":86,"column":61},"end":{"line":86,"column":77}},"type":"default-arg","locations":[{"start":{"line":86,"column":74},"end":{"line":86,"column":77}}],"line":86},"3":{"loc":{"start":{"line":87,"column":28},"end":{"line":87,"column":54}},"type":"binary-expr","locations":[{"start":{"line":87,"column":28},"end":{"line":87,"column":41}},{"start":{"line":87,"column":45},"end":{"line":87,"column":54}}],"line":87},"4":{"loc":{"start":{"line":88,"column":28},"end":{"line":88,"column":70}},"type":"binary-expr","locations":[{"start":{"line":88,"column":28},"end":{"line":88,"column":43}},{"start":{"line":88,"column":47},"end":{"line":88,"column":70}}],"line":88},"5":{"loc":{"start":{"line":89,"column":26},"end":{"line":89,"column":75}},"type":"binary-expr","locations":[{"start":{"line":89,"column":26},"end":{"line":89,"column":41}},{"start":{"line":89,"column":45},"end":{"line":89,"column":75}}],"line":89},"6":{"loc":{"start":{"line":90,"column":16},"end":{"line":90,"column":53}},"type":"binary-expr","locations":[{"start":{"line":90,"column":16},"end":{"line":90,"column":31}},{"start":{"line":90,"column":35},"end":{"line":90,"column":53}}],"line":90},"7":{"loc":{"start":{"line":91,"column":24},"end":{"line":91,"column":93}},"type":"binary-expr","locations":[{"start":{"line":91,"column":24},"end":{"line":91,"column":39}},{"start":{"line":91,"column":43},"end":{"line":91,"column":93}}],"line":91},"8":{"loc":{"start":{"line":92,"column":27},"end":{"line":92,"column":80}},"type":"binary-expr","locations":[{"start":{"line":92,"column":27},"end":{"line":92,"column":42}},{"start":{"line":92,"column":46},"end":{"line":92,"column":80}}],"line":92}},"s":{"0":9,"1":5,"2":30,"3":136,"4":136,"5":136,"6":5,"7":30,"8":22,"9":22,"10":54,"11":5,"12":10,"13":30,"14":30,"15":30,"16":30,"17":30,"18":30,"19":30,"20":5,"21":9,"22":18,"23":9,"24":24,"25":24,"26":24,"27":9,"28":3,"29":3,"30":3,"31":3,"32":3,"33":26},"f":{"0":5,"1":30,"2":136,"3":30,"4":22,"5":54,"6":10,"7":30,"8":18,"9":24,"10":3,"11":26},"b":{"0":[20,2],"1":[5],"2":[23],"3":[30,5],"4":[30,30],"5":[30,30],"6":[30,30],"7":[30,30],"8":[30,30]},"_coverageSchema":"1a1c01bbd47fc00a2c39e90264f33305004495a9","hash":"54c097cb7304f3c4d9fa5a40d4e665762f709222"}
}
