TN:
SF:src/index.ts
FNF:0
FNH:0
LF:0
LH:0
BRF:0
BRH:0
end_of_record
TN:
SF:src/component/index.ts
FNF:0
FNH:0
LF:0
LH:0
BRF:0
BRH:0
end_of_record
TN:
SF:src/component/state/event-state.ts
FN:19,eventState
FN:35,(anonymous_1)
FN:35,(anonymous_2)
FNF:3
FNH:3
FNDA:2,eventState
FNDA:2,(anonymous_1)
FNDA:2,(anonymous_2)
DA:27,2
DA:29,2
DA:35,2
DA:36,2
DA:39,2
LF:5
LH:5
BRDA:36,0,0,1
BRDA:36,0,1,1
BRF:2
BRH:2
end_of_record
TN:
SF:src/component/state/index.ts
FNF:0
FNH:0
LF:0
LH:0
BRF:0
BRH:0
end_of_record
TN:
SF:src/component/state/state.ts
FN:12,createState
FN:17,(anonymous_1)
FNF:2
FNH:2
FNDA:62,createState
FNDA:71,(anonymous_1)
DA:13,62
DA:15,62
DA:17,62
DA:18,71
DA:19,1
DA:21,70
DA:25,62
LF:7
LH:7
BRDA:12,0,0,0
BRDA:18,1,0,1
BRDA:18,1,1,70
BRF:3
BRH:2
end_of_record
TN:
SF:src/init/index.ts
FNF:0
FNH:0
LF:0
LH:0
BRF:0
BRH:0
end_of_record
TN:
SF:src/init/init.ts
FN:20,initAtomiQ
FN:30,rvdRenderer
FNF:2
FNH:2
FNDA:4,initAtomiQ
FNDA:4,rvdRenderer
DA:30,4
DA:31,4
DA:32,1
DA:35,3
DA:36,1
DA:39,2
DA:45,2
DA:47,2
LF:8
LH:8
BRDA:31,0,0,1
BRDA:31,0,1,3
BRDA:35,1,0,1
BRDA:35,1,1,2
BRF:4
BRH:4
end_of_record
TN:
SF:src/middlewares/combine-middlewares.ts
FN:35,(anonymous_0)
FN:37,(anonymous_1)
FN:44,(anonymous_2)
FN:52,(anonymous_3)
FN:52,(anonymous_4)
FN:54,(anonymous_5)
FN:81,(anonymous_6)
FN:96,(anonymous_7)
FN:99,(anonymous_8)
FN:102,(anonymous_9)
FNF:10
FNH:9
FNDA:2,(anonymous_0)
FNDA:2,(anonymous_1)
FNDA:20,(anonymous_2)
FNDA:20,(anonymous_3)
FNDA:28,(anonymous_4)
FNDA:30,(anonymous_5)
FNDA:28,(anonymous_6)
FNDA:20,(anonymous_7)
FNDA:6,(anonymous_8)
FNDA:0,(anonymous_9)
DA:35,17
DA:37,2
DA:39,2
DA:42,2
DA:45,20
DA:46,20
DA:52,20
DA:54,28
DA:55,30
DA:56,30
DA:57,22
DA:58,2
DA:60,22
DA:62,8
DA:63,4
DA:69,8
DA:70,8
DA:81,2
DA:82,28
DA:83,2
DA:84,4
DA:87,26
DA:96,2
DA:97,20
DA:98,4
DA:99,6
DA:100,0
DA:102,0
DA:107,20
DA:109,20
DA:110,0
DA:113,20
DA:114,20
DA:117,20
DA:118,6
DA:119,36
DA:120,8
DA:129,20
DA:131,2
DA:132,1
DA:133,3
DA:134,1
DA:142,2
LF:43
LH:40
BRDA:55,0,0,30
BRDA:55,0,1,26
BRDA:56,1,0,22
BRDA:56,1,1,8
BRDA:57,2,0,2
BRDA:57,2,1,20
BRDA:60,3,0,22
BRDA:60,3,1,0
BRDA:62,4,0,4
BRDA:62,4,1,4
BRDA:82,5,0,2
BRDA:82,5,1,26
BRDA:97,6,0,4
BRDA:97,6,1,16
BRDA:99,7,0,0
BRDA:99,7,1,4
BRDA:109,8,0,0
BRDA:109,8,1,20
BRDA:113,9,0,20
BRDA:113,9,1,0
BRDA:117,10,0,6
BRDA:117,10,1,14
BRDA:119,11,0,8
BRDA:119,11,1,28
BRDA:131,12,0,1
BRDA:131,12,1,1
BRDA:133,13,0,1
BRDA:133,13,1,2
BRDA:133,14,0,3
BRDA:133,14,1,2
BRF:30
BRH:26
end_of_record
TN:
SF:src/middlewares/index.ts
FNF:0
FNH:0
LF:0
LH:0
BRF:0
BRH:0
end_of_record
TN:
SF:src/middlewares/middlewares-manager.ts
FN:8,(anonymous_0)
FN:27,(anonymous_1)
FN:36,(anonymous_2)
FN:60,(anonymous_3)
FN:68,(anonymous_4)
FNF:5
FNH:3
FNDA:2,(anonymous_0)
FNDA:8,(anonymous_1)
FNDA:0,(anonymous_2)
FNDA:97,(anonymous_3)
FNDA:0,(anonymous_4)
DA:5,17
DA:6,17
DA:8,17
DA:14,2
DA:15,0
DA:16,0
DA:17,0
DA:19,2
DA:27,17
DA:33,8
DA:34,0
DA:37,0
DA:42,0
DA:43,0
DA:45,0
DA:46,0
DA:49,0
DA:54,8
DA:60,17
DA:65,97
DA:66,0
DA:67,0
DA:68,0
DA:69,0
DA:73,97
LF:25
LH:11
BRDA:14,0,0,0
BRDA:14,0,1,2
BRDA:14,1,0,2
BRDA:14,1,1,2
BRDA:33,2,0,0
BRDA:33,2,1,8
BRDA:33,3,0,8
BRDA:33,3,1,0
BRDA:33,3,2,0
BRDA:42,4,0,0
BRDA:42,4,1,0
BRDA:65,5,0,0
BRDA:65,5,1,97
BRDA:65,6,0,97
BRDA:65,6,1,0
BRF:15
BRH:7
end_of_record
TN:
SF:src/reactive-event-delegation/event-delegation.ts
FN:13,initEventDelegation
FN:25,handleRedEvent
FN:37,handleSyntheticEvent
FN:69,handleSyntheticCaptureEvent
FN:104,getEventName
FN:118,registerEventHandlers
FN:134,onElementRemove
FN:155,registerCaptureEventHandler
FN:171,onElementRemove
FNF:9
FNH:6
FNDA:26,initEventDelegation
FNDA:2,handleRedEvent
FNDA:11,handleSyntheticEvent
FNDA:0,handleSyntheticCaptureEvent
FNDA:2,getEventName
FNDA:11,registerEventHandlers
FNDA:2,onElementRemove
FNDA:0,registerCaptureEventHandler
FNDA:0,onElementRemove
DA:19,26
DA:30,2
DA:31,2
DA:32,0
DA:34,2
DA:43,11
DA:45,11
DA:46,11
DA:50,0
DA:51,0
DA:58,11
DA:60,11
DA:75,0
DA:77,0
DA:78,0
DA:82,0
DA:83,0
DA:90,0
DA:92,0
DA:105,2
DA:125,11
DA:126,11
DA:127,11
DA:134,11
DA:135,2
DA:136,2
DA:137,2
DA:138,2
DA:162,0
DA:163,0
DA:164,0
DA:171,0
DA:172,0
DA:173,0
DA:174,0
DA:175,0
LF:36
LH:18
BRDA:31,0,0,0
BRDA:31,0,1,2
BRDA:31,1,0,2
BRDA:31,1,1,0
BRDA:45,2,0,11
BRDA:45,2,1,0
BRDA:50,3,0,0
BRDA:50,3,1,0
BRDA:77,4,0,0
BRDA:77,4,1,0
BRDA:82,5,0,0
BRDA:82,5,1,0
BRDA:135,6,0,2
BRDA:135,6,1,0
BRDA:135,7,0,2
BRDA:135,7,1,2
BRDA:137,8,0,2
BRDA:137,8,1,0
BRDA:172,9,0,0
BRDA:172,9,1,0
BRDA:172,10,0,0
BRDA:172,10,1,0
BRDA:174,11,0,0
BRDA:174,11,1,0
BRF:24
BRH:7
end_of_record
TN:
SF:src/reactive-event-delegation/delegation-handlers/bubbling-handler.ts
FN:6,initBubblingHandler
FN:28,bubbleEvents
FN:34,bubble
FNF:3
FNH:3
FNDA:11,initBubblingHandler
FNDA:11,bubbleEvents
FNDA:2,bubble
DA:11,11
DA:13,11
DA:15,11
DA:17,11
DA:18,11
DA:25,11
DA:34,11
DA:35,2
DA:37,2
DA:39,4
DA:40,0
DA:43,4
DA:44,2
DA:45,2
DA:46,2
DA:48,4
LF:16
LH:15
BRDA:13,0,0,11
BRDA:13,0,1,7
BRDA:15,1,0,11
BRDA:15,1,1,11
BRDA:39,2,0,0
BRDA:39,2,1,4
BRDA:39,3,0,4
BRDA:39,3,1,4
BRDA:43,4,0,2
BRDA:43,4,1,2
BRDA:46,5,0,0
BRDA:46,5,1,2
BRF:12
BRH:10
end_of_record
TN:
SF:src/reactive-event-delegation/delegation-handlers/capturing-handler.ts
FN:10,initCapturingHandler
FN:29,captureEvents
FN:34,(anonymous_2)
FN:61,dispatchQueuedEvent
FNF:4
FNH:0
FNDA:0,initCapturingHandler
FNDA:0,captureEvents
FNDA:0,(anonymous_2)
FNDA:0,dispatchQueuedEvent
DA:15,0
DA:17,0
DA:19,0
DA:21,0
DA:22,0
DA:26,0
DA:34,0
DA:35,0
DA:36,0
DA:38,0
DA:39,0
DA:40,0
DA:46,0
DA:49,0
DA:50,0
DA:68,0
DA:69,0
DA:71,0
DA:72,0
DA:80,0
LF:20
LH:0
BRDA:17,0,0,0
BRDA:17,0,1,0
BRDA:19,1,0,0
BRDA:19,1,1,0
BRDA:39,2,0,0
BRDA:39,2,1,0
BRDA:49,3,0,0
BRDA:49,3,1,0
BRDA:80,4,0,0
BRDA:80,4,1,0
BRF:10
BRH:0
end_of_record
TN:
SF:src/reactive-event-delegation/delegation-handlers/utils.ts
FN:9,eventPropertiesManager
FN:15,(anonymous_1)
FN:16,(anonymous_2)
FN:20,applyElementHandler
FN:38,getTarget
FNF:5
FNH:4
FNDA:11,eventPropertiesManager
FNDA:0,(anonymous_1)
FNDA:2,(anonymous_2)
FNDA:2,applyElementHandler
FNDA:2,getTarget
DA:10,11
DA:14,11
DA:15,0
DA:16,2
DA:28,2
DA:29,2
DA:30,2
DA:31,0
DA:32,0
DA:33,0
DA:39,2
LF:11
LH:7
BRDA:25,0,0,2
BRDA:28,1,0,2
BRDA:28,1,1,2
BRDA:30,2,0,0
BRDA:30,2,1,2
BRDA:30,3,0,2
BRDA:30,3,1,0
BRDA:32,4,0,0
BRDA:32,4,1,0
BRDA:33,5,0,0
BRDA:33,5,1,0
BRDA:39,6,0,2
BRDA:39,6,1,0
BRF:13
BRH:6
end_of_record
TN:
SF:src/reactive-event-delegation/synthetic-event/from-synthetic-event.ts
FN:23,fromSyntheticEvent
FN:30,(anonymous_1)
FN:32,(anonymous_2)
FN:39,(anonymous_3)
FN:51,handleFirefoxBug
FN:52,(anonymous_5)
FNF:6
FNH:6
FNDA:11,fromSyntheticEvent
FNDA:11,(anonymous_1)
FNDA:2,(anonymous_2)
FNDA:2,(anonymous_3)
FNDA:4,handleFirefoxBug
FNDA:2,(anonymous_5)
DA:30,11
DA:32,11
DA:33,2
DA:35,11
DA:37,11
DA:39,11
DA:52,4
DA:53,2
DA:54,0
DA:55,0
DA:57,2
LF:11
LH:9
BRDA:27,0,0,0
BRDA:35,1,0,4
BRDA:35,1,1,7
BRDA:53,2,0,0
BRDA:53,2,1,2
BRF:5
BRH:3
end_of_record
TN:
SF:src/reactive-event-delegation/synthetic-event/synthesize-event.ts
FN:9,synthesizeRvdEvent
FN:26,stopPropagation
FN:36,isDefaultPrevented
FN:43,isPropagationStopped
FNF:4
FNH:1
FNDA:2,synthesizeRvdEvent
FNDA:0,stopPropagation
FNDA:0,isDefaultPrevented
FNDA:0,isPropagationStopped
DA:13,2
DA:14,2
DA:15,2
DA:16,2
DA:17,2
DA:27,0
DA:28,0
DA:29,0
DA:37,0
DA:44,0
LF:10
LH:5
BRDA:28,0,0,0
BRDA:28,0,1,0
BRF:2
BRH:0
end_of_record
TN:
SF:src/reactive-virtual-dom/index.ts
FNF:0
FNH:0
LF:0
LH:0
BRF:0
BRH:0
end_of_record
TN:
SF:src/reactive-virtual-dom/create-element/create-element.ts
FN:5,normalizeProps
FNF:1
FNH:1
FNDA:18,normalizeProps
DA:6,18
DA:7,16
DA:8,2
DA:9,2
DA:10,2
DA:13,16
DA:14,9
DA:18,8
DA:19,8
DA:23,9
DA:26,18
LF:11
LH:11
BRDA:6,0,0,16
BRDA:6,0,1,2
BRDA:6,1,0,18
BRDA:6,1,1,17
BRDA:7,2,0,2
BRDA:7,2,1,14
BRDA:7,3,0,16
BRDA:7,3,1,15
BRDA:8,4,0,2
BRDA:8,4,1,1
BRDA:13,5,0,9
BRDA:13,5,1,7
BRDA:14,6,0,8
BRDA:14,6,1,1
BRDA:15,7,0,9
BRDA:15,7,1,2
BRDA:15,7,2,1
BRDA:19,8,0,1
BRDA:19,8,1,7
BRF:19
BRH:19
end_of_record
TN:
SF:src/reactive-virtual-dom/create-element/index.ts
FNF:0
FNH:0
LF:0
LH:0
BRF:0
BRH:0
end_of_record
TN:
SF:src/reactive-virtual-dom/renderer/children-manager.ts
FN:4,createChildrenManager
FN:15,setCreatedChild
FN:26,setCreatedFragment
FN:36,createEmptyFragment
FN:50,removeCreatedChild
FN:64,removeCreatedFragment
FN:75,getPreviousSibling
FN:80,(anonymous_7)
FN:131,setFragmentAppendModeData
FN:142,(anonymous_9)
FNF:10
FNH:9
FNDA:75,createChildrenManager
FNDA:331,setCreatedChild
FNDA:13,setCreatedFragment
FNDA:42,createEmptyFragment
FNDA:59,removeCreatedChild
FNDA:12,removeCreatedFragment
FNDA:200,getPreviousSibling
FNDA:8,(anonymous_7)
FNDA:6,setFragmentAppendModeData
FNDA:0,(anonymous_9)
DA:5,75
DA:21,331
DA:22,331
DA:23,331
DA:32,13
DA:33,13
DA:41,42
DA:47,42
DA:55,59
DA:56,58
DA:57,58
DA:59,58
DA:60,32
DA:69,12
DA:70,12
DA:71,6
DA:80,200
DA:81,8
DA:82,8
DA:83,8
DA:86,200
DA:87,122
DA:88,122
DA:89,122
DA:90,122
DA:92,122
DA:93,18
DA:94,104
DA:95,89
DA:96,15
DA:97,2
DA:99,13
DA:100,21
DA:101,21
DA:102,10
DA:103,11
DA:104,0
DA:105,11
DA:106,3
DA:111,78
DA:112,78
DA:113,59
DA:114,19
DA:115,6
DA:117,13
DA:118,13
DA:119,13
DA:120,9
DA:121,4
DA:122,0
DA:128,4
DA:137,6
DA:138,0
DA:140,6
DA:141,0
DA:142,0
DA:143,0
DA:145,0
DA:146,0
DA:147,0
DA:148,0
DA:151,0
DA:156,0
DA:161,6
DA:162,0
DA:164,6
DA:165,6
LF:67
LH:54
BRDA:21,0,0,252
BRDA:21,0,1,79
BRDA:23,1,0,117
BRDA:23,1,1,214
BRDA:33,2,0,6
BRDA:33,2,1,7
BRDA:47,3,0,1
BRDA:47,3,1,41
BRDA:55,4,0,58
BRDA:55,4,1,0
BRDA:59,5,0,32
BRDA:59,5,1,26
BRDA:69,6,0,12
BRDA:69,6,1,0
BRDA:70,7,0,6
BRDA:70,7,1,6
BRDA:78,8,0,192
BRDA:86,9,0,122
BRDA:86,9,1,78
BRDA:90,10,0,8
BRDA:90,10,1,114
BRDA:92,11,0,18
BRDA:92,11,1,104
BRDA:92,12,0,122
BRDA:92,12,1,114
BRDA:94,13,0,89
BRDA:94,13,1,15
BRDA:96,14,0,2
BRDA:96,14,1,13
BRDA:99,15,0,2
BRDA:99,15,1,11
BRDA:101,16,0,10
BRDA:101,16,1,11
BRDA:103,17,0,0
BRDA:103,17,1,11
BRDA:105,18,0,3
BRDA:105,18,1,8
BRDA:112,19,0,59
BRDA:112,19,1,19
BRDA:114,20,0,6
BRDA:114,20,1,13
BRDA:119,21,0,9
BRDA:119,21,1,4
BRDA:121,22,0,0
BRDA:121,22,1,4
BRDA:137,23,0,0
BRDA:137,23,1,6
BRDA:140,24,0,0
BRDA:140,24,1,6
BRDA:142,25,0,0
BRDA:142,25,1,0
BRDA:146,26,0,0
BRDA:146,26,1,0
BRDA:149,27,0,0
BRDA:149,27,1,0
BRDA:157,28,0,0
BRDA:157,28,1,0
BRDA:161,29,0,0
BRDA:161,29,1,6
BRDA:166,30,0,6
BRDA:166,30,1,6
BRF:61
BRH:46
end_of_record
TN:
SF:src/reactive-virtual-dom/renderer/component.ts
FN:22,renderRvdComponent
FN:45,(anonymous_1)
FN:67,getChildWithParsedKeys
FNF:3
FNH:3
FNDA:8,renderRvdComponent
FNDA:8,(anonymous_1)
FNDA:8,getChildWithParsedKeys
DA:30,8
DA:37,8
DA:43,8
DA:45,8
DA:46,8
DA:52,8
DA:60,8
DA:61,1
DA:63,7
DA:71,8
DA:72,3
DA:73,2
DA:74,1
DA:77,1
DA:81,8
LF:15
LH:15
BRDA:60,0,0,1
BRDA:60,0,1,7
BRDA:71,1,0,3
BRDA:71,1,1,5
BRDA:71,2,0,8
BRDA:71,2,1,3
BRDA:72,3,0,2
BRDA:72,3,1,1
BRDA:73,4,0,1
BRDA:73,4,1,1
BRF:10
BRH:10
end_of_record
TN:
SF:src/reactive-virtual-dom/renderer/dom-renderer.ts
FN:6,renderChildInIndexPosition
FN:38,removeExistingFragment
FN:79,setClassName
FNF:3
FNH:3
FNDA:246,renderChildInIndexPosition
FNDA:7,removeExistingFragment
FNDA:66,setClassName
DA:14,246
DA:16,63
DA:17,183
DA:18,18
DA:19,18
DA:21,0
DA:27,165
DA:28,165
DA:29,4
DA:30,161
DA:31,53
DA:33,108
DA:48,7
DA:50,7
DA:52,7
DA:53,21
DA:54,21
DA:55,21
DA:56,21
DA:57,4
DA:59,17
DA:61,21
DA:62,0
DA:63,0
DA:75,7
DA:76,7
DA:84,66
DA:85,1
DA:86,1
DA:88,0
DA:92,65
LF:31
LH:27
BRDA:14,0,0,63
BRDA:14,0,1,183
BRDA:14,1,0,246
BRDA:14,1,1,214
BRDA:17,2,0,18
BRDA:17,2,1,165
BRDA:17,3,0,183
BRDA:17,3,1,18
BRDA:18,4,0,18
BRDA:18,4,1,0
BRDA:28,5,0,4
BRDA:28,5,1,161
BRDA:30,6,0,53
BRDA:30,6,1,108
BRDA:48,7,0,0
BRDA:48,7,1,7
BRDA:48,8,0,7
BRDA:48,8,1,3
BRDA:48,8,2,2
BRDA:53,9,0,21
BRDA:53,9,1,0
BRDA:56,10,0,4
BRDA:56,10,1,17
BRDA:62,11,0,0
BRDA:62,11,1,0
BRDA:75,12,0,1
BRDA:75,12,1,6
BRDA:84,13,0,1
BRDA:84,13,1,65
BRDA:85,14,0,1
BRDA:85,14,1,0
BRF:31
BRH:25
end_of_record
TN:
SF:src/reactive-virtual-dom/renderer/element.ts
FN:40,renderRvdElement
FN:56,(anonymous_1)
FN:101,renderRootChild
FN:163,renderChild
FN:172,render
FN:187,(anonymous_5)
FN:205,renderChildCallback
FN:215,renderDynamic
FN:306,elementRenderCallback
FN:326,(anonymous_9)
FN:339,(anonymous_10)
FNF:11
FNH:11
FNDA:58,renderRvdElement
FNDA:12,(anonymous_1)
FNDA:2,renderRootChild
FNDA:9,renderChild
FNDA:17,render
FNDA:12,(anonymous_5)
FNDA:20,renderChildCallback
FNDA:1,renderDynamic
FNDA:15,elementRenderCallback
FNDA:9,(anonymous_9)
FNDA:6,(anonymous_10)
DA:45,58
DA:46,58
DA:47,58
DA:48,58
DA:49,58
DA:50,58
DA:51,58
DA:53,58
DA:54,4
DA:55,4
DA:57,12
DA:58,12
DA:62,54
DA:63,52
DA:66,58
DA:67,16
DA:69,16
DA:70,16
DA:71,14
DA:73,12
DA:75,2
DA:78,2
DA:79,7
DA:82,16
DA:86,58
DA:88,58
DA:89,10
DA:125,2
DA:130,2
DA:143,2
DA:173,17
DA:184,9
DA:186,4
DA:188,12
DA:192,5
DA:221,1
DA:233,20
DA:234,16
DA:235,15
DA:246,1
DA:247,0
DA:259,1
DA:260,1
DA:269,0
DA:271,4
DA:272,0
DA:284,4
DA:285,4
DA:296,0
DA:297,0
DA:299,0
DA:316,15
DA:325,15
DA:326,9
DA:327,9
DA:339,6
DA:340,6
DA:341,6
DA:352,0
DA:353,0
DA:362,0
LF:61
LH:52
BRDA:53,0,0,4
BRDA:53,0,1,54
BRDA:57,1,0,12
BRDA:57,1,1,0
BRDA:62,2,0,52
BRDA:62,2,1,2
BRDA:62,3,0,54
BRDA:62,3,1,52
BRDA:66,4,0,16
BRDA:66,4,1,42
BRDA:70,5,0,14
BRDA:70,5,1,2
BRDA:71,6,0,12
BRDA:71,6,1,2
BRDA:88,7,0,10
BRDA:88,7,1,48
BRDA:184,8,0,4
BRDA:184,8,1,5
BRDA:184,9,0,9
BRDA:184,9,1,4
BRDA:188,10,0,12
BRDA:188,10,1,0
BRDA:212,11,0,0
BRDA:233,12,0,16
BRDA:233,12,1,4
BRDA:234,13,0,15
BRDA:234,13,1,1
BRDA:246,14,0,0
BRDA:246,14,1,1
BRDA:259,15,0,1
BRDA:259,15,1,0
BRDA:271,16,0,0
BRDA:271,16,1,4
BRDA:284,17,0,4
BRDA:284,17,1,0
BRDA:296,18,0,0
BRDA:296,18,1,0
BRDA:296,19,0,0
BRDA:296,19,1,0
BRDA:296,19,2,0
BRDA:313,20,0,0
BRDA:325,21,0,9
BRDA:325,21,1,6
BRDA:325,22,0,15
BRDA:325,22,1,10
BRDA:325,22,2,6
BRDA:325,22,3,0
BRDA:340,23,0,6
BRDA:340,23,1,0
BRDA:352,24,0,0
BRDA:352,24,1,0
BRF:51
BRH:34
end_of_record
TN:
SF:src/reactive-virtual-dom/renderer/fragment-children.ts
FN:20,reloadKeys
FN:37,unsubscribeRemovedFragment
FN:63,skipMoveOrRenderKeyedChild
FNF:3
FNH:2
FNDA:13,reloadKeys
FNDA:0,unsubscribeRemovedFragment
FNDA:64,skipMoveOrRenderKeyedChild
DA:21,13
DA:22,2
DA:23,0
DA:24,0
DA:25,0
DA:26,0
DA:27,0
DA:28,0
DA:29,0
DA:34,13
DA:38,0
DA:39,0
DA:40,0
DA:41,0
DA:42,0
DA:43,0
DA:44,0
DA:45,0
DA:72,64
DA:73,64
DA:74,64
DA:75,20
DA:76,19
DA:77,19
DA:79,1
DA:80,1
DA:81,1
DA:82,18
DA:84,14
DA:85,14
DA:88,4
DA:90,1
DA:92,1
DA:93,1
DA:95,0
DA:96,0
DA:98,1
DA:103,44
DA:104,44
LF:39
LH:22
BRDA:21,0,0,2
BRDA:21,0,1,11
BRDA:24,1,0,0
BRDA:24,1,1,0
BRDA:27,2,0,0
BRDA:27,2,1,0
BRDA:40,3,0,0
BRDA:40,3,1,0
BRDA:43,4,0,0
BRDA:43,4,1,0
BRDA:73,5,0,64
BRDA:73,5,1,26
BRDA:74,6,0,20
BRDA:74,6,1,44
BRDA:75,7,0,19
BRDA:75,7,1,1
BRDA:75,8,0,20
BRDA:75,8,1,20
BRDA:76,9,0,19
BRDA:76,9,1,19
BRDA:77,10,0,1
BRDA:77,10,1,18
BRDA:82,11,0,14
BRDA:82,11,1,4
BRDA:90,12,0,1
BRDA:90,12,1,0
BRDA:90,13,0,1
BRDA:90,13,1,1
BRDA:92,14,0,1
BRDA:92,14,1,1
BRDA:93,15,0,0
BRDA:93,15,1,1
BRF:32
BRH:22
end_of_record
TN:
SF:src/reactive-virtual-dom/renderer/fragment.ts
FN:35,renderRvdFragment
FN:75,(anonymous_1)
FN:120,removeExcessiveChildren
FNF:3
FNH:3
FNDA:24,renderRvdFragment
FNDA:61,(anonymous_1)
FNDA:10,removeExcessiveChildren
DA:45,24
DA:47,24
DA:49,24
DA:51,19
DA:52,19
DA:55,24
DA:56,10
DA:64,24
DA:66,24
DA:67,6
DA:69,24
DA:70,69
DA:71,69
DA:72,69
DA:73,8
DA:75,61
DA:76,61
DA:77,59
DA:87,2
DA:91,61
DA:95,0
DA:97,61
DA:101,24
DA:102,24
DA:127,10
DA:128,10
DA:130,10
DA:131,4
DA:132,8
DA:133,8
DA:134,8
DA:135,7
DA:136,7
DA:137,0
DA:139,7
DA:141,7
DA:142,1
DA:143,1
DA:155,10
DA:156,0
LF:40
LH:37
BRDA:49,0,0,19
BRDA:49,0,1,5
BRDA:51,1,0,6
BRDA:51,1,1,13
BRDA:55,2,0,10
BRDA:55,2,1,14
BRDA:55,3,0,24
BRDA:55,3,1,16
BRDA:66,4,0,6
BRDA:66,4,1,18
BRDA:66,5,0,24
BRDA:66,5,1,16
BRDA:66,5,2,6
BRDA:72,6,0,8
BRDA:72,6,1,61
BRDA:76,7,0,59
BRDA:76,7,1,2
BRDA:76,8,0,61
BRDA:76,8,1,61
BRDA:91,9,0,0
BRDA:91,9,1,61
BRDA:92,10,0,61
BRDA:92,10,1,12
BRDA:101,11,0,24
BRDA:101,11,1,0
BRDA:130,12,0,4
BRDA:130,12,1,6
BRDA:134,13,0,7
BRDA:134,13,1,1
BRDA:136,14,0,0
BRDA:136,14,1,7
BRDA:136,15,0,7
BRDA:136,15,1,0
BRDA:142,16,0,1
BRDA:142,16,1,0
BRDA:155,17,0,0
BRDA:155,17,1,10
BRDA:155,18,0,10
BRDA:155,18,1,10
BRF:39
BRH:33
end_of_record
TN:
SF:src/reactive-virtual-dom/renderer/index.ts
FNF:0
FNH:0
LF:0
LH:0
BRF:0
BRH:0
end_of_record
TN:
SF:src/reactive-virtual-dom/renderer/connect-props/connect-props.ts
FN:26,connectElementProps
FN:32,connect
FN:65,isEventHandler
FNF:3
FNH:3
FNDA:19,connectElementProps
FNDA:30,connect
FNDA:25,isEventHandler
DA:33,30
DA:34,5
DA:36,25
DA:37,1
DA:39,1
DA:43,24
DA:44,8
DA:52,16
DA:55,19
DA:56,1
DA:58,18
DA:60,30
DA:66,25
LF:13
LH:13
BRDA:33,0,0,5
BRDA:33,0,1,25
BRDA:36,1,0,1
BRDA:36,1,1,24
BRDA:37,2,0,0
BRDA:37,2,1,1
BRDA:43,3,0,8
BRDA:43,3,1,16
BRDA:55,4,0,1
BRDA:55,4,1,18
BRDA:55,5,0,19
BRDA:55,5,1,1
BRDA:66,6,0,25
BRDA:66,6,1,1
BRF:14
BRH:13
end_of_record
TN:
SF:src/reactive-virtual-dom/renderer/connect-props/dom-prop.ts
FN:6,connectDOMProp
FN:58,connectObservableDOMProp
FN:66,(anonymous_2)
FNF:3
FNH:3
FNDA:49,connectDOMProp
FNDA:11,connectObservableDOMProp
FNDA:31,(anonymous_2)
DA:7,49
DA:10,0
DA:11,0
DA:31,3
DA:32,3
DA:37,23
DA:38,23
DA:39,23
DA:41,23
DA:44,23
DA:45,1
DA:46,22
DA:47,0
DA:48,0
DA:50,0
DA:53,22
DA:65,11
DA:67,31
DA:68,31
LF:19
LH:14
BRDA:7,0,0,0
BRDA:7,0,1,0
BRDA:7,0,2,0
BRDA:7,0,3,0
BRDA:7,0,4,0
BRDA:7,0,5,0
BRDA:7,0,6,0
BRDA:7,0,7,0
BRDA:7,0,8,3
BRDA:7,0,9,3
BRDA:7,0,10,3
BRDA:7,0,11,3
BRDA:7,0,12,3
BRDA:7,0,13,3
BRDA:7,0,14,3
BRDA:7,0,15,3
BRDA:7,0,16,3
BRDA:7,0,17,3
BRDA:7,0,18,3
BRDA:7,0,19,3
BRDA:7,0,20,0
BRDA:7,0,21,0
BRDA:7,0,22,0
BRDA:7,0,23,23
BRDA:7,0,24,23
BRDA:37,1,0,1
BRDA:37,1,1,22
BRDA:38,2,0,23
BRDA:38,2,1,0
BRDA:44,3,0,1
BRDA:44,3,1,22
BRDA:46,4,0,0
BRDA:46,4,1,22
BRDA:47,5,0,0
BRDA:47,5,1,0
BRDA:67,6,0,31
BRDA:67,6,1,0
BRF:37
BRH:21
end_of_record
TN:
SF:src/reactive-virtual-dom/renderer/connect-props/style.ts
FN:5,connectStyleProp
FN:10,setStyle
FN:27,connectCssProperties
FN:36,(anonymous_3)
FNF:4
FNH:4
FNDA:11,connectStyleProp
FNDA:18,setStyle
FNDA:10,connectCssProperties
FNDA:8,(anonymous_3)
DA:11,18
DA:12,6
DA:13,12
DA:14,10
DA:16,2
DA:20,11
DA:21,6
DA:23,5
DA:32,10
DA:33,18
DA:34,18
DA:35,4
DA:37,8
DA:41,14
LF:14
LH:14
BRDA:11,0,0,6
BRDA:11,0,1,12
BRDA:13,1,0,10
BRDA:13,1,1,2
BRDA:20,2,0,6
BRDA:20,2,1,5
BRDA:34,3,0,4
BRDA:34,3,1,14
BRF:8
BRH:8
end_of_record
TN:
SF:src/reactive-virtual-dom/renderer/connect-props/controlled-elements/controlled-element.ts
FN:8,connectControlledElement
FNF:1
FNH:1
FNDA:4,connectControlledElement
DA:14,4
DA:16,2
DA:23,1
DA:30,1
LF:4
LH:4
BRDA:14,0,0,2
BRDA:14,0,1,1
BRDA:14,0,2,1
BRF:3
BRH:3
end_of_record
TN:
SF:src/reactive-virtual-dom/renderer/connect-props/controlled-elements/input.ts
FN:14,controlInput
FN:24,(anonymous_1)
FN:26,(anonymous_2)
FN:40,(anonymous_3)
FN:65,(anonymous_4)
FN:77,(anonymous_5)
FN:90,(anonymous_6)
FN:110,connectInputHandlers
FN:117,(anonymous_8)
FN:130,setChecked
FN:131,(anonymous_10)
FN:138,setValue
FN:139,(anonymous_12)
FNF:13
FNH:12
FNDA:13,controlInput
FNDA:15,(anonymous_1)
FNDA:4,(anonymous_2)
FNDA:6,(anonymous_3)
FNDA:1,(anonymous_4)
FNDA:2,(anonymous_5)
FNDA:14,(anonymous_6)
FNDA:4,connectInputHandlers
FNDA:0,(anonymous_8)
FNDA:2,setChecked
FNDA:4,(anonymous_10)
FNDA:16,setValue
FNDA:16,(anonymous_12)
DA:20,13
DA:22,13
DA:24,15
DA:26,13
DA:27,4
DA:36,13
DA:38,2
DA:39,2
DA:41,6
DA:42,6
DA:43,4
DA:44,4
DA:45,1
DA:47,4
DA:48,2
DA:49,2
DA:55,11
DA:56,11
DA:57,11
DA:58,2
DA:62,13
DA:63,2
DA:64,1
DA:66,1
DA:70,1
DA:74,13
DA:75,3
DA:76,2
DA:78,2
DA:79,1
DA:84,1
DA:88,13
DA:89,11
DA:91,14
DA:94,2
DA:95,0
DA:98,13
DA:99,2
DA:100,11
DA:101,0
DA:104,13
DA:106,0
DA:115,4
DA:116,4
DA:117,2
DA:118,2
DA:120,2
DA:122,2
DA:123,1
DA:127,4
DA:131,2
DA:132,4
DA:133,2
DA:139,16
DA:140,16
DA:141,16
DA:142,2
DA:143,14
DA:144,10
DA:145,10
LF:60
LH:57
BRDA:24,0,0,4
BRDA:24,0,1,11
BRDA:36,1,0,2
BRDA:36,1,1,11
BRDA:41,2,0,6
BRDA:41,2,1,0
BRDA:42,3,0,4
BRDA:42,3,1,2
BRDA:44,4,0,1
BRDA:44,4,1,3
BRDA:47,5,0,2
BRDA:47,5,1,2
BRDA:55,6,0,11
BRDA:55,6,1,8
BRDA:57,7,0,2
BRDA:57,7,1,9
BRDA:62,8,0,2
BRDA:62,8,1,11
BRDA:63,9,0,1
BRDA:63,9,1,1
BRDA:74,10,0,3
BRDA:74,10,1,10
BRDA:74,11,0,13
BRDA:74,11,1,3
BRDA:74,11,2,3
BRDA:75,12,0,2
BRDA:75,12,1,1
BRDA:78,13,0,1
BRDA:78,13,1,1
BRDA:78,14,0,2
BRDA:78,14,1,2
BRDA:78,14,2,1
BRDA:88,15,0,11
BRDA:88,15,1,2
BRDA:91,16,0,3
BRDA:91,16,1,11
BRDA:94,17,0,0
BRDA:94,17,1,2
BRDA:98,18,0,2
BRDA:98,18,1,11
BRDA:100,19,0,0
BRDA:100,19,1,11
BRDA:116,20,0,2
BRDA:116,20,1,2
BRDA:122,21,0,1
BRDA:122,21,1,1
BRDA:132,22,0,2
BRDA:132,22,1,2
BRDA:138,23,0,14
BRDA:141,24,0,2
BRDA:141,24,1,14
BRDA:143,25,0,10
BRDA:143,25,1,4
BRF:53
BRH:50
end_of_record
TN:
SF:src/reactive-virtual-dom/renderer/connect-props/controlled-elements/select.ts
FN:14,controlSelect
FN:34,(anonymous_1)
FN:47,(anonymous_2)
FN:59,nextSelectValue
FN:60,updateSelectValue
FNF:5
FNH:5
FNDA:8,controlSelect
FNDA:1,(anonymous_1)
FNDA:2,(anonymous_2)
FNDA:8,nextSelectValue
FNDA:11,updateSelectValue
DA:20,8
DA:21,8
DA:23,8
DA:25,8
DA:26,1
DA:31,8
DA:32,4
DA:33,1
DA:35,1
DA:39,3
DA:40,2
DA:45,8
DA:46,1
DA:48,2
DA:53,8
DA:55,0
DA:60,8
DA:61,11
DA:62,11
DA:63,7
DA:64,1
DA:65,5
DA:66,2
DA:67,2
DA:69,3
DA:70,1
DA:74,6
DA:75,6
DA:76,30
DA:77,28
DA:78,5
DA:79,2
DA:80,2
DA:82,23
DA:83,3
DA:84,3
LF:36
LH:35
BRDA:25,0,0,1
BRDA:25,0,1,7
BRDA:31,1,0,4
BRDA:31,1,1,4
BRDA:32,2,0,1
BRDA:32,2,1,3
BRDA:39,3,0,2
BRDA:39,3,1,1
BRDA:45,4,0,1
BRDA:45,4,1,7
BRDA:62,5,0,7
BRDA:62,5,1,4
BRDA:62,6,0,11
BRDA:62,6,1,11
BRDA:63,7,0,1
BRDA:63,7,1,6
BRDA:63,8,0,7
BRDA:63,8,1,1
BRDA:65,9,0,2
BRDA:65,9,1,3
BRDA:66,10,0,2
BRDA:66,10,1,0
BRDA:69,11,0,1
BRDA:69,11,1,2
BRDA:76,12,0,2
BRDA:76,12,1,28
BRDA:76,13,0,30
BRDA:76,13,1,2
BRDA:77,14,0,5
BRDA:77,14,1,23
BRDA:78,15,0,2
BRDA:78,15,1,3
BRDA:82,16,0,3
BRDA:82,16,1,20
BRF:34
BRH:33
end_of_record
TN:
SF:src/reactive-virtual-dom/renderer/connect-props/controlled-elements/textarea.ts
FN:13,controlTextArea
FN:24,(anonymous_1)
FN:36,(anonymous_2)
FN:53,setValue
FNF:4
FNH:4
FNDA:5,controlTextArea
FNDA:5,(anonymous_1)
FNDA:1,(anonymous_2)
FNDA:7,setValue
DA:19,5
DA:21,5
DA:23,5
DA:25,5
DA:29,5
DA:30,1
DA:33,5
DA:34,2
DA:35,1
DA:37,1
DA:38,1
DA:43,1
DA:47,5
DA:49,0
DA:54,7
DA:55,7
DA:56,7
DA:57,7
LF:18
LH:17
BRDA:29,0,0,1
BRDA:29,0,1,4
BRDA:33,1,0,2
BRDA:33,1,1,3
BRDA:33,2,0,5
BRDA:33,2,1,2
BRDA:33,2,2,2
BRDA:34,3,0,1
BRDA:34,3,1,1
BRDA:37,4,0,1
BRDA:37,4,1,0
BRDA:37,5,0,1
BRDA:37,5,1,1
BRDA:37,5,2,1
BRDA:55,6,0,7
BRDA:55,6,1,0
BRF:16
BRH:14
end_of_record
TN:
SF:src/reactive-virtual-dom/renderer/move-callback/element.ts
FN:7,elementMoveCallback
FN:38,moveElement
FN:63,switchElement
FNF:3
FNH:3
FNDA:9,elementMoveCallback
FNDA:6,moveElement
FNDA:3,switchElement
DA:14,9
DA:15,3
DA:24,6
DA:25,1
DA:34,6
DA:45,6
DA:46,6
DA:60,6
DA:71,3
DA:72,3
DA:73,1
DA:75,2
DA:78,3
DA:87,3
LF:14
LH:14
BRDA:14,0,0,3
BRDA:14,0,1,6
BRDA:24,1,0,1
BRDA:24,1,1,5
BRDA:72,2,0,1
BRDA:72,2,1,2
BRDA:72,3,0,3
BRDA:72,3,1,1
BRF:8
BRH:8
end_of_record
TN:
SF:src/reactive-virtual-dom/renderer/move-callback/fragment.ts
FN:16,fragmentMoveCallback
FN:45,moveFragment
FNF:2
FNH:2
FNDA:6,fragmentMoveCallback
FNDA:6,moveFragment
DA:23,6
DA:24,2
DA:25,2
DA:26,2
DA:27,1
DA:29,1
DA:31,2
DA:32,4
DA:33,1
DA:42,6
DA:52,6
DA:53,6
DA:55,6
DA:60,6
DA:61,19
DA:62,19
DA:63,19
DA:65,19
DA:67,19
DA:68,19
DA:82,19
DA:83,18
DA:85,0
DA:86,0
DA:87,0
DA:89,0
DA:90,0
DA:94,6
DA:96,6
LF:29
LH:24
BRDA:23,0,0,2
BRDA:23,0,1,4
BRDA:26,1,0,1
BRDA:26,1,1,1
BRDA:26,2,0,2
BRDA:26,2,1,1
BRDA:32,3,0,1
BRDA:32,3,1,3
BRDA:61,4,0,19
BRDA:61,4,1,0
BRDA:61,5,0,19
BRDA:61,5,1,15
BRDA:62,6,0,19
BRDA:62,6,1,15
BRDA:82,7,0,18
BRDA:82,7,1,1
BRDA:85,8,0,0
BRDA:85,8,1,0
BRDA:85,9,0,0
BRDA:85,9,1,0
BRDA:86,10,0,0
BRDA:86,10,1,0
BRF:22
BRH:15
end_of_record
TN:
SF:src/reactive-virtual-dom/renderer/move-callback/utils.ts
FN:4,updateKeyedChild
FNF:1
FNH:1
FNDA:15,updateKeyedChild
DA:11,15
DA:12,15
DA:14,15
DA:17,15
DA:18,10
DA:19,5
DA:21,5
DA:25,15
DA:26,15
LF:9
LH:9
BRDA:9,0,0,9
BRDA:12,1,0,6
BRDA:12,1,1,9
BRDA:14,2,0,15
BRDA:14,2,1,14
BRDA:17,3,0,10
BRDA:17,3,1,5
BRDA:18,4,0,5
BRDA:18,4,1,5
BRF:9
BRH:9
end_of_record
TN:
SF:src/reactive-virtual-dom/renderer/render-callback/element.ts
FN:7,replaceElementForElement
FN:33,renderElement
FNF:2
FNH:2
FNDA:14,replaceElementForElement
FNDA:34,renderElement
DA:17,14
DA:18,14
DA:21,14
DA:23,14
DA:24,14
DA:43,34
DA:44,34
DA:47,34
DA:49,34
LF:9
LH:9
BRDA:17,0,0,14
BRDA:17,0,1,0
BRDA:43,1,0,34
BRDA:43,1,1,0
BRF:4
BRH:2
end_of_record
TN:
SF:src/reactive-virtual-dom/renderer/render-callback/fragment.ts
FN:13,fragmentRenderCallback
FNF:1
FNH:1
FNDA:8,fragmentRenderCallback
DA:24,8
DA:30,6
DA:33,8
DA:34,2
DA:35,2
DA:36,2
DA:37,2
DA:40,8
LF:8
LH:8
BRDA:24,0,0,6
BRDA:24,0,1,2
BRDA:25,1,0,8
BRDA:25,1,1,6
BRDA:25,1,2,6
BRDA:25,1,3,0
BRDA:25,1,4,6
BRDA:33,2,0,2
BRDA:33,2,1,6
BRF:9
BRH:8
end_of_record
TN:
SF:src/reactive-virtual-dom/renderer/render-callback/null.ts
FN:18,nullRenderCallback
FNF:1
FNH:1
FNDA:2,nullRenderCallback
DA:24,2
DA:25,0
DA:26,2
DA:27,1
DA:28,1
DA:29,1
DA:30,1
DA:31,1
LF:8
LH:7
BRDA:24,0,0,0
BRDA:24,0,1,2
BRDA:24,1,0,2
BRDA:24,1,1,2
BRDA:24,1,2,0
BRDA:26,2,0,1
BRDA:26,2,1,1
BRDA:30,3,0,1
BRDA:30,3,1,0
BRF:9
BRH:6
end_of_record
TN:
SF:src/reactive-virtual-dom/renderer/render-callback/text.ts
FN:13,textRenderCallback
FN:61,createdTextChild
FNF:2
FNH:2
FNDA:8,textRenderCallback
FNDA:6,createdTextChild
DA:24,8
DA:33,8
DA:34,8
DA:35,3
DA:36,3
DA:37,2
DA:39,1
DA:40,1
DA:41,1
DA:42,1
DA:45,5
DA:46,1
DA:55,5
DA:56,5
DA:57,5
DA:62,6
LF:16
LH:16
BRDA:20,0,0,3
BRDA:33,1,0,8
BRDA:33,1,1,6
BRDA:33,1,2,5
BRDA:33,1,3,0
BRDA:34,2,0,3
BRDA:34,2,1,5
BRDA:34,3,0,8
BRDA:34,3,1,5
BRDA:36,4,0,2
BRDA:36,4,1,1
BRDA:45,5,0,1
BRDA:45,5,1,4
BRDA:45,6,0,5
BRDA:45,6,1,2
BRF:15
BRH:14
end_of_record
TN:
SF:src/reactive-virtual-dom/renderer/utils/check-type.ts
FN:17,isRvdNode
FN:25,isControlledFormElement
FN:50,(anonymous_2)
FNF:3
FNH:3
FNDA:35,isRvdNode
FNDA:10,isControlledFormElement
FNDA:20,(anonymous_2)
DA:18,35
DA:28,10
DA:33,10
DA:34,4
DA:41,6
DA:42,2
DA:45,4
DA:46,2
DA:50,27
LF:9
LH:9
BRDA:18,0,0,35
BRDA:18,0,1,35
BRDA:33,1,0,4
BRDA:33,1,1,6
BRDA:34,2,0,0
BRDA:34,2,1,4
BRDA:35,3,0,0
BRDA:35,3,1,0
BRDA:36,4,0,1
BRDA:36,4,1,3
BRDA:36,5,0,4
BRDA:36,5,1,1
BRDA:41,6,0,2
BRDA:41,6,1,4
BRDA:45,7,0,2
BRDA:45,7,1,2
BRDA:50,8,0,20
BRDA:50,8,1,13
BRF:18
BRH:15
end_of_record
TN:
SF:src/reactive-virtual-dom/renderer/utils/dom.ts
FN:3,createDomElement
FN:11,createTextNode
FNF:2
FNH:2
FNDA:488,createDomElement
FNDA:42,createTextNode
DA:4,488
DA:5,5
DA:8,483
DA:12,42
LF:4
LH:4
BRDA:3,0,0,3
BRDA:4,1,0,5
BRDA:4,1,1,483
BRF:3
BRH:3
end_of_record
TN:
SF:src/reactive-virtual-dom/renderer/utils/fragment.ts
FN:6,(anonymous_0)
FNF:1
FNH:1
FNDA:6,(anonymous_0)
DA:6,27
LF:1
LH:1
BRDA:11,0,0,1
BRDA:11,0,1,5
BRF:2
BRH:2
end_of_record
TN:
SF:src/reactive-virtual-dom/renderer/utils/index.ts
FNF:0
FNH:0
LF:0
LH:0
BRF:0
BRH:0
end_of_record
TN:
SF:src/reactive-virtual-dom/renderer/utils/observable.ts
FN:8,unsubscribe
FNF:1
FNH:1
FNDA:46,unsubscribe
DA:9,46
DA:10,13
LF:2
LH:2
BRDA:9,0,0,13
BRDA:9,0,1,33
BRF:2
BRH:2
end_of_record
TN:
SF:src/shared/constants.ts
FNF:0
FNH:0
DA:6,32
LF:1
LH:1
BRF:0
BRH:0
end_of_record
TN:
SF:src/shared/flags.ts
FNF:0
FNH:0
LF:0
LH:0
BRF:0
BRH:0
end_of_record
TN:
SF:src/shared/index.ts
FNF:0
FNH:0
LF:0
LH:0
BRF:0
BRH:0
end_of_record
TN:
SF:src/shared/utils.ts
FN:6,isStringOrNumber
FN:12,isNullOrUndef
FN:16,isFunction
FN:20,isString
FN:24,isBoolean
FN:28,arrayEvery
FN:35,arrayReduce
FNF:7
FNH:6
FNDA:8,isStringOrNumber
FNDA:196,isNullOrUndef
FNDA:77,isFunction
FNDA:36,isString
FNDA:28,isBoolean
FNDA:0,arrayEvery
FNDA:2,arrayReduce
DA:4,32
DA:7,8
DA:9,8
DA:13,196
DA:17,77
DA:21,36
DA:25,28
DA:29,0
DA:30,0
DA:32,0
DA:40,2
DA:41,20
DA:42,2
LF:13
LH:10
BRDA:9,0,0,8
BRDA:9,0,1,3
BRDA:13,1,0,196
BRDA:13,1,1,146
BRDA:25,2,0,28
BRDA:25,2,1,27
BRDA:30,3,0,0
BRDA:30,3,1,0
BRF:8
BRH:6
end_of_record
TN:
SF:src/shared/types/_global.ts
FNF:0
FNH:0
LF:0
LH:0
BRF:0
BRH:0
end_of_record
TN:
SF:src/shared/types/index.ts
FNF:0
FNH:0
LF:0
LH:0
BRF:0
BRH:0
end_of_record
TN:
SF:src/shared/types/common/index.ts
FNF:0
FNH:0
LF:0
LH:0
BRF:0
BRH:0
end_of_record
TN:
SF:src/shared/types/component/state.ts
FNF:0
FNH:0
LF:0
LH:0
BRF:0
BRH:0
end_of_record
TN:
SF:src/shared/types/middleware/middleware.ts
FNF:0
FNH:0
LF:0
LH:0
BRF:0
BRH:0
end_of_record
TN:
SF:src/shared/types/reactive-event-delegation/events.ts
FNF:0
FNH:0
LF:0
LH:0
BRF:0
BRH:0
end_of_record
TN:
SF:src/shared/types/reactive-virtual-dom/css.ts
FNF:0
FNH:0
LF:0
LH:0
BRF:0
BRH:0
end_of_record
TN:
SF:src/shared/types/reactive-virtual-dom/render.ts
FNF:0
FNH:0
LF:0
LH:0
BRF:0
BRH:0
end_of_record
TN:
SF:src/shared/types/reactive-virtual-dom/rv-dom.ts
FNF:0
FNH:0
LF:0
LH:0
BRF:0
BRH:0
end_of_record
TN:
SF:test/utils.ts
FN:64,(anonymous_0)
FN:65,(anonymous_1)
FN:65,(anonymous_2)
FN:81,(anonymous_3)
FN:81,(anonymous_4)
FN:83,(anonymous_5)
FN:86,(anonymous_6)
FN:86,(anonymous_7)
FN:103,(anonymous_8)
FN:107,(anonymous_9)
FN:113,(anonymous_10)
FN:121,createRvdElement
FNF:12
FNH:12
FNDA:5,(anonymous_0)
FNDA:30,(anonymous_1)
FNDA:136,(anonymous_2)
FNDA:30,(anonymous_3)
FNDA:22,(anonymous_4)
FNDA:54,(anonymous_5)
FNDA:10,(anonymous_6)
FNDA:30,(anonymous_7)
FNDA:18,(anonymous_8)
FNDA:24,(anonymous_9)
FNDA:3,(anonymous_10)
FNDA:26,createRvdElement
DA:64,9
DA:65,30
DA:66,136
DA:67,136
DA:69,136
DA:81,30
DA:82,22
DA:83,54
DA:86,10
DA:87,30
DA:88,30
DA:89,30
DA:90,30
DA:91,30
DA:92,30
DA:94,30
DA:100,5
DA:103,18
DA:107,9
DA:108,24
DA:109,24
DA:110,24
DA:113,9
DA:114,3
DA:115,3
DA:116,3
DA:117,3
DA:118,3
DA:131,26
LF:29
LH:29
BRDA:82,0,0,20
BRDA:82,0,1,2
BRDA:86,1,0,5
BRDA:86,2,0,23
BRDA:87,3,0,30
BRDA:87,3,1,5
BRDA:88,4,0,30
BRDA:88,4,1,30
BRDA:89,5,0,30
BRDA:89,5,1,30
BRDA:90,6,0,30
BRDA:90,6,1,30
BRDA:91,7,0,30
BRDA:91,7,1,30
BRDA:92,8,0,30
BRDA:92,8,1,30
BRF:16
BRH:16
end_of_record
